###############################################################################
#
# IAR ANSI C/C++ Compiler V7.50.2.10312/W32 for ARM       09/Feb/2018  16:14:44
# Copyright 1999-2015 IAR Systems AB.
#
#    Cpu mode     =  thumb
#    Endian       =  little
#    Source file  =  E:\HW Projects\ControlHome\CntrHome - RF69w\APP\app.c
#    Command line =  
#        "E:\HW Projects\ControlHome\CntrHome - RF69w\APP\app.c" -lCN "E:\HW
#        Projects\ControlHome\CntrHome - RF69w\Debug\List" -o "E:\HW
#        Projects\ControlHome\CntrHome - RF69w\Debug\Obj" --debug
#        --endian=little --cpu=Cortex-M3 -e --fpu=None --dlib_config
#        "C:\Program Files (x86)\IAR Systems\Embedded Workbench
#        7.3\arm\INC\c\DLib_Config_Normal.h" -I "E:\HW
#        Projects\ControlHome\CntrHome - RF69w\" -I "E:\HW
#        Projects\ControlHome\CntrHome - RF69w\APP\" -I "E:\HW
#        Projects\ControlHome\CntrHome - RF69w\BSP\" -I "E:\HW
#        Projects\ControlHome\CntrHome - RF69w\CPU\inc\" -I "E:\HW
#        Projects\ControlHome\CntrHome - RF69w\uC-CPU\" -I "E:\HW
#        Projects\ControlHome\CntrHome - RF69w\uC-RTC\" -I "E:\HW
#        Projects\ControlHome\CntrHome - RF69w\uC-LIB\" -I "E:\HW
#        Projects\ControlHome\CntrHome - RF69w\uCOS-II\Ports\" -I "E:\HW
#        Projects\ControlHome\CntrHome - RF69w\uCOS-II\Source\" -I "E:\HW
#        Projects\ControlHome\CntrHome - RF69w\I2C-Out\" -I "E:\HW
#        Projects\ControlHome\CntrHome - RF69w\Direct_Sw\" -I "E:\HW
#        Projects\ControlHome\CntrHome - RF69w\Wdt_led\" -I "E:\HW
#        Projects\ControlHome\CntrHome - RF69w\uC-LCD\" -I "E:\HW
#        Projects\ControlHome\CntrHome - RF69w\uC-RF\" -I "E:\HW
#        Projects\ControlHome\CntrHome - RF69w\uC-FatFS\" -I "E:\HW
#        Projects\ControlHome\CntrHome - RF69w\uC-FatFS\api\" -I "E:\HW
#        Projects\ControlHome\CntrHome - RF69w\uC-FatFS\config\" -I "E:\HW
#        Projects\ControlHome\CntrHome - RF69w\uC-FatFS\os\" -I "E:\HW
#        Projects\ControlHome\CntrHome - RF69w\uC-FatFS\fsl\fat\" -I "E:\HW
#        Projects\ControlHome\CntrHome - RF69w\uC-FatFS\clib\" -I "E:\HW
#        Projects\ControlHome\CntrHome - RF69w\uC-FatFS\lbl\" -I "E:\HW
#        Projects\ControlHome\CntrHome - RF69w\uC-FatFS\device\mmc\" -I "E:\HW
#        Projects\ControlHome\CntrHome - RF69w\uC-FatFS\file\" -I "E:\HW
#        Projects\ControlHome\CntrHome - RF69w\uC-Terminal\src\" -I "E:\HW
#        Projects\ControlHome\CntrHome - RF69w\uC-Terminal\inc\" -Oh
#    List file    =  
#        E:\HW Projects\ControlHome\CntrHome - RF69w\Debug\List\app.lst
#    Object file  =  
#        E:\HW Projects\ControlHome\CntrHome - RF69w\Debug\Obj\app.o
#
###############################################################################

E:\HW Projects\ControlHome\CntrHome - RF69w\APP\app.c
      1          /*
      2          *********************************************************************************************************
      3          *
      4          *                                            Main CODE
      5          *
      6          *                                     
      7          *
      8          * Filename      : app.c
      9          * Version       : V1.0
     10          * Programmer(s) : Puleo
     11          *********************************************************************************************************
     12          */
     13          
     14          /*
     15          *********************************************************************************************************
     16          *                                             INCLUDE FILES
     17          *********************************************************************************************************
     18          */
     19          
     20          #include <includes.h>
     21          #include <controlHome.h>

   \                                 In section .rodata, align 4, keep-with-next
   \   __absolute CPU_CHAR const controlHome[512]
   \                     controlHome:
   \   00000000   0x00 0x00          DC8 0, 0, 0, 0, 0, 0, 0, 0, 0, 0, 0, 0, 0, 0, 0, 0, 0, 0, 0, 0, 0, 0, 0
   \              0x00 0x00    
   \              0x00 0x00    
   \              0x00 0x00    
   \              0x00 0x00    
   \              0x00 0x00    
   \              0x00 0x00    
   \              0x00 0x00    
   \              0x00 0x00    
   \              0x00 0x00    
   \              0x00 0x00    
   \              0x00         
   \   00000017   0x00 0x00          DC8 0, 0, 0, 0, 0, 0, 0, 0, 0, 0, 0, 0, 128, 192, 224, 48, 24, 24, 48
   \              0x00 0x00    
   \              0x00 0x00    
   \              0x00 0x00    
   \              0x00 0x00    
   \              0x00 0x00    
   \              0x80 0xC0    
   \              0xE0 0x30    
   \              0x18 0x18    
   \              0x30         
   \   0000002A   0xE0 0xC0          DC8 224, 192, 128, 0, 0, 0, 128, 192, 96, 48, 24, 12, 6, 2, 0, 0, 0, 0
   \              0x80 0x00    
   \              0x00 0x00    
   \              0x80 0xC0    
   \              0x60 0x30    
   \              0x18 0x0C    
   \              0x06 0x02    
   \              0x00 0x00    
   \              0x00 0x00    
   \   0000003C   0x00 0x00          DC8 0, 0, 0, 0, 0, 0, 0, 0, 0, 0, 0, 0, 0, 0, 0, 0, 0, 0, 0, 0, 0, 0, 0
   \              0x00 0x00    
   \              0x00 0x00    
   \              0x00 0x00    
   \              0x00 0x00    
   \              0x00 0x00    
   \              0x00 0x00    
   \              0x00 0x00    
   \              0x00 0x00    
   \              0x00 0x00    
   \              0x00 0x00    
   \              0x00         
   \   00000053   0x00 0x00          DC8 0, 0, 0, 0, 0, 0, 0, 0, 0, 0, 0, 0, 0, 0, 0, 0, 0, 0, 0, 0, 0, 0, 0
   \              0x00 0x00    
   \              0x00 0x00    
   \              0x00 0x00    
   \              0x00 0x00    
   \              0x00 0x00    
   \              0x00 0x00    
   \              0x00 0x00    
   \              0x00 0x00    
   \              0x00 0x00    
   \              0x00 0x00    
   \              0x00         
   \   0000006A   0x00 0x00          DC8 0, 0, 0, 0, 0, 0, 0, 0, 0, 0, 0, 0, 0, 0, 0, 0, 0, 0, 0, 0, 0, 0, 0
   \              0x00 0x00    
   \              0x00 0x00    
   \              0x00 0x00    
   \              0x00 0x00    
   \              0x00 0x00    
   \              0x00 0x00    
   \              0x00 0x00    
   \              0x00 0x00    
   \              0x00 0x00    
   \              0x00 0x00    
   \              0x00         
   \   00000081   0x80 0xC0          DC8 128, 192, 96, 48, 120, 12, 6, 15, 1, 0, 1, 0, 0, 128, 192, 225, 176
   \              0x60 0x30    
   \              0x78 0x0C    
   \              0x06 0x0F    
   \              0x01 0x00    
   \              0x01 0x00    
   \              0x00 0x80    
   \              0xC0 0xE1    
   \              0xB0         
   \   00000092   0x99 0x8F          DC8 153, 143, 142, 15, 121, 48, 96, 192, 128, 0, 0, 0, 0, 0, 0, 128
   \              0x8E 0x0F    
   \              0x79 0x30    
   \              0x60 0xC0    
   \              0x80 0x00    
   \              0x00 0x00    
   \              0x00 0x00    
   \              0x00 0x80    
   \   000000A2   0xC0 0x61          DC8 192, 97, 49, 25, 13, 7, 63, 0, 0, 0, 0, 0, 0, 0, 0, 0, 0, 0, 0, 0
   \              0x31 0x19    
   \              0x0D 0x07    
   \              0x3F 0x00    
   \              0x00 0x00    
   \              0x00 0x00    
   \              0x00 0x00    
   \              0x00 0x00    
   \              0x00 0x00    
   \              0x00 0x00    
   \   000000B6   0x00 0x00          DC8 0, 0, 0, 0, 0, 0, 0, 0, 0, 0, 0, 0, 0, 0, 0, 0, 0, 0, 0, 0, 0, 0, 0
   \              0x00 0x00    
   \              0x00 0x00    
   \              0x00 0x00    
   \              0x00 0x00    
   \              0x00 0x00    
   \              0x00 0x00    
   \              0x00 0x00    
   \              0x00 0x00    
   \              0x00 0x00    
   \              0x00 0x00    
   \              0x00         
   \   000000CD   0x00 0x00          DC8 0, 0, 0, 0, 0, 0, 0, 0, 0, 0, 0, 0, 0, 0, 0, 0, 0, 0, 128, 192, 96
   \              0x00 0x00    
   \              0x00 0x00    
   \              0x00 0x00    
   \              0x00 0x00    
   \              0x00 0x00    
   \              0x00 0x00    
   \              0x00 0x00    
   \              0x00 0x00    
   \              0x80 0xC0    
   \              0x60         
   \   000000E2   0x30 0xF8          DC8 48, 248, 28, 22, 19, 17, 19, 16, 16, 16, 16, 16, 16, 16, 16, 144
   \              0x1C 0x16    
   \              0x13 0x11    
   \              0x13 0x10    
   \              0x10 0x10    
   \              0x10 0x10    
   \              0x10 0x10    
   \              0x10 0x90    
   \   000000F2   0xD0 0x71          DC8 208, 113, 49, 25, 29, 23, 19, 17, 144, 208, 112, 48, 248, 251, 145
   \              0x31 0x19    
   \              0x1D 0x17    
   \              0x13 0x11    
   \              0x90 0xD0    
   \              0x70 0x30    
   \              0xF8 0xFB    
   \              0x91         
   \   00000101   0xD3 0x76          DC8 211, 118, 60, 252, 54, 99, 193, 128, 0, 0, 0, 0, 0, 0, 0, 0, 0, 0
   \              0x3C 0xFC    
   \              0x36 0x63    
   \              0xC1 0x80    
   \              0x00 0x00    
   \              0x00 0x00    
   \              0x00 0x00    
   \              0x00 0x00    
   \              0x00 0x00    
   \   00000113   0x00 0x00          DC8 0, 0, 0, 0, 0, 0, 0, 0, 0, 0, 0, 0, 0, 0, 0, 0, 0, 0, 0, 0, 0, 0, 0
   \              0x00 0x00    
   \              0x00 0x00    
   \              0x00 0x00    
   \              0x00 0x00    
   \              0x00 0x00    
   \              0x00 0x00    
   \              0x00 0x00    
   \              0x00 0x00    
   \              0x00 0x00    
   \              0x00 0x00    
   \              0x00         
   \   0000012A   0x00 0x00          DC8 0, 0, 0, 0, 0, 0, 0, 0, 0, 0, 0, 0, 0, 0, 0, 0, 0, 0, 0, 0, 0, 0, 0
   \              0x00 0x00    
   \              0x00 0x00    
   \              0x00 0x00    
   \              0x00 0x00    
   \              0x00 0x00    
   \              0x00 0x00    
   \              0x00 0x00    
   \              0x00 0x00    
   \              0x00 0x00    
   \              0x00 0x00    
   \              0x00         
   \   00000141   0x00 0x00          DC8 0, 0, 0, 0, 0, 0, 0, 0, 255, 0, 0, 0, 0, 248, 128, 192, 96, 48, 24
   \              0x00 0x00    
   \              0x00 0x00    
   \              0x00 0x00    
   \              0xFF 0x00    
   \              0x00 0x00    
   \              0x00 0xF8    
   \              0x80 0xC0    
   \              0x60 0x30    
   \              0x18         
   \   00000154   0x0C 0x06          DC8 12, 6, 227, 33, 160, 224, 96, 48, 56, 236, 6, 3, 1, 0, 0, 0, 7, 3
   \              0xE3 0x21    
   \              0xA0 0xE0    
   \              0x60 0x30    
   \              0x38 0xEC    
   \              0x06 0x03    
   \              0x01 0x00    
   \              0x00 0x00    
   \              0x07 0x03    
   \   00000166   0x01 0x00          DC8 1, 0, 0, 0, 255, 0, 0, 0, 0, 0, 0, 0, 0, 0, 0, 0, 0, 0, 0, 0, 0, 0
   \              0x00 0x00    
   \              0xFF 0x00    
   \              0x00 0x00    
   \              0x00 0x00    
   \              0x00 0x00    
   \              0x00 0x00    
   \              0x00 0x00    
   \              0x00 0x00    
   \              0x00 0x00    
   \              0x00 0x00    
   \   0000017C   0x00 0x00          DC8 0, 0, 0, 0, 0, 0, 0, 0, 0, 0, 0, 0, 0, 0, 0, 0, 0, 0, 0, 0, 0, 0, 0
   \              0x00 0x00    
   \              0x00 0x00    
   \              0x00 0x00    
   \              0x00 0x00    
   \              0x00 0x00    
   \              0x00 0x00    
   \              0x00 0x00    
   \              0x00 0x00    
   \              0x00 0x00    
   \              0x00 0x00    
   \              0x00         
   \   00000193   0x00 0x00          DC8 0, 0, 0, 0, 0, 0, 0, 0, 0, 0, 0, 0, 0, 0, 0, 0, 0, 0, 0, 0, 0, 0, 0
   \              0x00 0x00    
   \              0x00 0x00    
   \              0x00 0x00    
   \              0x00 0x00    
   \              0x00 0x00    
   \              0x00 0x00    
   \              0x00 0x00    
   \              0x00 0x00    
   \              0x00 0x00    
   \              0x00 0x00    
   \              0x00         
   \   000001AA   0x00 0x00          DC8 0, 0, 0, 0, 0, 255, 128, 128, 128, 128, 129, 129, 129, 129, 129
   \              0x00 0x00    
   \              0x00 0xFF    
   \              0x80 0x80    
   \              0x80 0x80    
   \              0x81 0x81    
   \              0x81 0x81    
   \              0x81         
   \   000001B9   0x91 0x98          DC8 145, 152, 140, 255, 131, 129, 128, 128, 128, 128, 255, 128, 128
   \              0x8C 0xFF    
   \              0x83 0x81    
   \              0x80 0x80    
   \              0x80 0x80    
   \              0xFF 0x80    
   \              0x80         
   \   000001C6   0x80 0x80          DC8 128, 128, 128, 128, 128, 128, 128, 128, 128, 128, 255, 0, 0, 0, 0
   \              0x80 0x80    
   \              0x80 0x80    
   \              0x80 0x80    
   \              0x80 0x80    
   \              0xFF 0x00    
   \              0x00 0x00    
   \              0x00         
   \   000001D5   0x00 0x00          DC8 0, 0, 0, 0, 0, 0, 0, 0, 0, 0, 0, 0, 0, 0, 0, 0, 0, 0, 0, 0, 0, 0, 0
   \              0x00 0x00    
   \              0x00 0x00    
   \              0x00 0x00    
   \              0x00 0x00    
   \              0x00 0x00    
   \              0x00 0x00    
   \              0x00 0x00    
   \              0x00 0x00    
   \              0x00 0x00    
   \              0x00 0x00    
   \              0x00         
   \   000001EC   0x00 0x00          DC8 0, 0, 0, 0, 0, 0, 0, 0, 0, 0, 0, 0, 0, 0, 0, 0, 0, 0, 0, 0
   \              0x00 0x00    
   \              0x00 0x00    
   \              0x00 0x00    
   \              0x00 0x00    
   \              0x00 0x00    
   \              0x00 0x00    
   \              0x00 0x00    
   \              0x00 0x00    
   \              0x00 0x00    
     22           
     23          /*
     24          *********************************************************************************************************
     25          *                                            LOCAL DEFINES
     26          *********************************************************************************************************
     27          */
     28          
     29          /*
     30          *********************************************************************************************************
     31          *                                       LOCAL GLOBAL VARIABLES
     32          *********************************************************************************************************
     33          */
     34          

   \                                 In section .bss, align 4
     35          static  OS_STK          App_TaskStartStk[APP_TASK_START_STK_SIZE];
   \                     App_TaskStartStk:
   \   00000000                      DS8 512

   \                                 In section .bss, align 4
     36          INT8U *logMsgAct;
   \                     logMsgAct:
   \   00000000                      DS8 4
     37          /*
     38          *********************************************************************************************************
     39          *                                      LOCAL FUNCTION PROTOTYPES
     40          *********************************************************************************************************
     41          */
     42          
     43          static  void  App_TaskStart              (void        *p_arg);   
     44          
     45          /*
     46          *********************************************************************************************************
     47          *                                                main()
     48          *
     49          * Description : This is the standard entry point for C code.  It is assumed that your code will call
     50          *               main() once you have performed all necessary initialization.
     51          *
     52          * Argument(s) : none.
     53          *
     54          * Return(s)   : none.
     55          *********************************************************************************************************
     56          */
     57          

   \                                 In section .text, align 2, keep-with-next
     58          int  main (void)
     59          {
   \                     main: (+1)
   \   00000000   0xB500             PUSH     {LR}
   \   00000002   0xB087             SUB      SP,SP,#+28
     60              CPU_INT08U  os_err;
     61          
     62          
     63              BSP_IntDisAll();                                            /* Disable all ints until we are ready to accept them.  */
   \   00000004   0x.... 0x....      BL       BSP_IntDisAll
     64          
     65              OSInit();                                                   /* Initialize "uC/OS-II, The Real-Time Kernel".         */
   \   00000008   0x.... 0x....      BL       OSInit
     66              
     67          #if (FS_MODULE == DEF_ENABLED)
     68              FS_Init();                                                  /* Init the file system                                 */
   \   0000000C   0x.... 0x....      BL       FS_Init
     69          #endif
     70          
     71          
     72              os_err = OSTaskCreateExt((void (*)(void *)) App_TaskStart,  /* Create the start task.                               */
     73                                       (void          * ) 0,
     74                                       (OS_STK        * )&App_TaskStartStk[APP_TASK_START_STK_SIZE - 1],
     75                                       (INT8U           ) APP_TASK_START_PRIO,
     76                                       (INT16U          ) APP_TASK_START_PRIO,
     77                                       (OS_STK        * )&App_TaskStartStk[0],
     78                                       (INT32U          ) APP_TASK_START_STK_SIZE,
     79                                       (void          * )0,
     80                                       (INT16U          )(OS_TASK_OPT_STK_CLR | OS_TASK_OPT_STK_CHK));
   \   00000010   0x2103             MOVS     R1,#+3
   \   00000012   0x9104             STR      R1,[SP, #+16]
   \   00000014   0x2100             MOVS     R1,#+0
   \   00000016   0x9103             STR      R1,[SP, #+12]
   \   00000018   0x2180             MOVS     R1,#+128
   \   0000001A   0x9102             STR      R1,[SP, #+8]
   \   0000001C   0x2103             MOVS     R1,#+3
   \   0000001E   0x....             LDR.N    R0,??DataTable5
   \   00000020   0x9001             STR      R0,[SP, #+4]
   \   00000022   0x9100             STR      R1,[SP, #+0]
   \   00000024   0xF500 0x72FE      ADD      R2,R0,#+508
   \   00000028   0x2303             MOVS     R3,#+3
   \   0000002A   0x2100             MOVS     R1,#+0
   \   0000002C   0x.... 0x....      ADR.W    R0,App_TaskStart
   \   00000030   0x.... 0x....      BL       OSTaskCreateExt
   \   00000034   0xF88D 0x0014      STRB     R0,[SP, #+20]
     81          
     82          #if (OS_TASK_NAME_SIZE >= 11)
     83              OSTaskNameSet(APP_TASK_START_PRIO, (CPU_INT08U *)"Start Task", &os_err);
   \   00000038   0xAA05             ADD      R2,SP,#+20
   \   0000003A   0x.... 0x....      ADR.W    R1,?_0
   \   0000003E   0x2003             MOVS     R0,#+3
   \   00000040   0x.... 0x....      BL       OSTaskNameSet
     84          #endif
     85          
     86              OSStart();                                                  /* Start multitasking (i.e. give control to uC/OS-II).  */
   \   00000044   0x.... 0x....      BL       OSStart
     87              
     88          #if (FS_MODULE == DEF_ENABLED)
     89              FS_Exit();                                                  /* End using the file system                            */
   \   00000048   0x.... 0x....      BL       FS_Exit
     90          #endif
     91          
     92              return (0);
   \   0000004C   0x2000             MOVS     R0,#+0
   \   0000004E   0xB007             ADD      SP,SP,#+28
   \   00000050   0xBD00             POP      {PC}             ;; return
     93          }
     94          
     95          /*
     96          *********************************************************************************************************
     97          *                                          App_TaskStart()
     98          *
     99          * Description : The startup task.  The uC/OS-II ticker should only be initialize once multitasking starts.
    100          *
    101          * Argument(s) : p_arg       Argument passed to 'App_TaskStart()' by 'OSTaskCreate()'.
    102          *
    103          * Return(s)   : none.
    104          *
    105          * Caller(s)   : This is a task.
    106          *
    107          * Note(s)     : none.
    108          *********************************************************************************************************
    109          */
    110          

   \                                 In section .text, align 4, keep-with-next
    111          static  void  App_TaskStart (void *p_arg)
    112          {
   \                     App_TaskStart: (+1)
   \   00000000   0xB580             PUSH     {R7,LR}
    113          #if(LOG_MODULE == DEF_ENABLED)
    114            INT8U err;
    115          #endif
    116            
    117            (void)p_arg;
    118          
    119               OS_CPU_SysTickInit();                                       /* Initialize the SysTick.                              */
   \   00000002   0x.... 0x....      BL       OS_CPU_SysTickInit
    120              
    121               BSP_Init();                                                 /* Initialize BSP functions.                            */
   \   00000006   0x.... 0x....      BL       BSP_Init
    122               
    123          #if (RFM69CW_MODULE == DEF_ENABLED)
    124                 RF868_Init ();                                            /* Initialize RFM69CW functions.                        */
   \   0000000A   0x.... 0x....      BL       RF868_Init
    125          #endif  
    126               
    127          #if (FS_MODULE == DEF_ENABLED)  
    128                                        
    129              if (Read_File("mmc:0:\\default\\FHTACC~1.DAT") == 0)
   \   0000000E   0x.... 0x....      ADR.W    R0,?_1
   \   00000012   0x.... 0x....      BL       Read_File
   \   00000016   0xB908             CBNZ.N   R0,??App_TaskStart_0
    130                FHTDevLoad();
   \   00000018   0x.... 0x....      BL       FHTDevLoad
    131              
    132              if (Read_File("mmc:0:\\default\\TFACCESS.DAT") == 0);
   \                     ??App_TaskStart_0: (+1)
   \   0000001C   0x.... 0x....      ADR.W    R0,?_2
   \   00000020   0x.... 0x....      BL       Read_File
    133                TFDevLoad();
   \   00000024   0x.... 0x....      BL       TFDevLoad
    134                
    135              if (Read_File("mmc:0:\\default\\default.DAT") == 0)
   \   00000028   0x.... 0x....      ADR.W    R0,?_3
   \   0000002C   0x.... 0x....      BL       Read_File
   \   00000030   0xB908             CBNZ.N   R0,??App_TaskStart_1
    136                PaarLoad();
   \   00000032   0x.... 0x....      BL       PaarLoad
    137              
    138          #endif
    139          
    140          #if (LCD_MODULE == DEF_ENABLED)
    141                 LcdInit();
    142          #endif
    143               
    144          #if (I2COUT_MODULE == DEF_ENABLED)
    145                 I2cout_Init();                                            /* Initialize I2C functions.                            */
   \                     ??App_TaskStart_1: (+1)
   \   00000036   0x.... 0x....      BL       I2cout_Init
    146          #endif
    147               
    148          #if (WDTLED_MODULE == DEF_ENABLED)
    149                 Direct_Sw_Init();                                         /* Initialize User switch functions.                    */
   \   0000003A   0x.... 0x....      BL       Direct_Sw_Init
    150                 WdtLed_Init();                                            /* Initialize Wdt Led functions.                        */
   \   0000003E   0x.... 0x....      BL       WdtLed_Init
    151          #endif
    152                 
    153          #if (USBD_MODULE == DEF_ENABLED)
    154                 USBTerm_Init();
   \   00000042   0x.... 0x....      BL       USBTerm_Init
    155          #endif
    156          
    157               
    158                 
    159                 
    160          #if (LCD_MODULE == DEF_ENABLED)
    161                 
    162                 //display image
    163                  LcdContrast(0x7F);
    164                  OSTimeDlyHMSM(0, 0, 1, 0);
    165                  LcdContrast(0x00);
    166                  OSTimeDlyHMSM(0, 0, 1, 0); 
    167                  LcdContrast(0x40);
    168                  LcdClear();
    169                  LcdImage(controlHome);
    170                  LcdGotoXYFont(11,5);
    171                  LcdStr(FONT_1X,"V1.2   ControlHome");
    172                  OSTimeDlyHMSM(0, 1, 0, 0);
    173                  LcdClear();
    174          #endif
    175                  
    176               
    177              while (DEF_TRUE) {                                           /* Task body, always written as an infinite loop.       */
    178          
    179                
    180          #if (LOG_MODULE == DEF_ENABLED)
    181                
    182                void *pmsg = (INT8U*)OSMboxPend(RF868Log_Mbox, 0, &err);
    183          
    184                if ((pmsg != NULL)&&(err == OS_NO_ERR)){
    185                  Log_File((INT8U*)pmsg);
    186                  pmsg = '\0';
    187                }
    188          #endif
    189                
    190                OSTimeDlyHMSM(0, 0, 4, 0);
   \                     ??App_TaskStart_2: (+1)
   \   00000046   0x2300             MOVS     R3,#+0
   \   00000048   0x2204             MOVS     R2,#+4
   \   0000004A   0x2100             MOVS     R1,#+0
   \   0000004C   0x2000             MOVS     R0,#+0
   \   0000004E   0x.... 0x....      BL       OSTimeDlyHMSM
   \   00000052   0xE7F8             B.N      ??App_TaskStart_2
    191              }
    192          }

   \                                 In section .text, align 4, keep-with-next
   \                     ??DataTable5:
   \   00000000   0x........         DC32     App_TaskStartStk

   \                                 In section .text, align 4, keep-with-next
   \                     ?_0:
   \   00000000   0x53 0x74          DC8 "Start Task"
   \              0x61 0x72    
   \              0x74 0x20    
   \              0x54 0x61    
   \              0x73 0x6B    
   \              0x00         
   \   0000000B   0x00               DC8 0

   \                                 In section .text, align 4, keep-with-next
   \                     ?_1:
   \   00000000   0x6D 0x6D          DC8 "mmc:0:\\default\\FHTACC~1.DAT"
   \              0x63 0x3A    
   \              0x30 0x3A    
   \              0x5C 0x64    
   \              0x65 0x66    
   \              0x61 0x75    
   \              0x6C 0x74    
   \              0x5C 0x46    
   \              0x48 0x54    
   \              0x41 0x43    
   \              0x43 0x7E    
   \              0x31 0x2E    
   \              0x44 0x41    
   \              0x54 0x00    

   \                                 In section .text, align 4, keep-with-next
   \                     ?_2:
   \   00000000   0x6D 0x6D          DC8 "mmc:0:\\default\\TFACCESS.DAT"
   \              0x63 0x3A    
   \              0x30 0x3A    
   \              0x5C 0x64    
   \              0x65 0x66    
   \              0x61 0x75    
   \              0x6C 0x74    
   \              0x5C 0x54    
   \              0x46 0x41    
   \              0x43 0x43    
   \              0x45 0x53    
   \              0x53 0x2E    
   \              0x44 0x41    
   \              0x54 0x00    

   \                                 In section .text, align 4, keep-with-next
   \                     ?_3:
   \   00000000   0x6D 0x6D          DC8 "mmc:0:\\default\\default.DAT"
   \              0x63 0x3A    
   \              0x30 0x3A    
   \              0x5C 0x64    
   \              0x65 0x66    
   \              0x61 0x75    
   \              0x6C 0x74    
   \              0x5C 0x64    
   \              0x65 0x66    
   \              0x61 0x75    
   \              0x6C 0x74    
   \              0x2E 0x44    
   \              0x41 0x54    
   \              0x00         
   \   0000001B   0x00               DC8 0

   Maximum stack usage in bytes:

   .cstack Function
   ------- --------
       8   App_TaskStart
         8   -> BSP_Init
         8   -> Direct_Sw_Init
         8   -> FHTDevLoad
         8   -> I2cout_Init
         8   -> OSTimeDlyHMSM
         8   -> OS_CPU_SysTickInit
         8   -> PaarLoad
         8   -> RF868_Init
         8   -> Read_File
         8   -> TFDevLoad
         8   -> USBTerm_Init
         8   -> WdtLed_Init
      32   main
        32   -> BSP_IntDisAll
        32   -> FS_Exit
        32   -> FS_Init
        32   -> OSInit
        32   -> OSStart
        32   -> OSTaskCreateExt
        32   -> OSTaskNameSet


   Section sizes:

   Bytes  Function/Label
   -----  --------------
       4  ??DataTable5
      12  ?_0
      28  ?_1
      28  ?_2
      28  ?_3
      84  App_TaskStart
     512  App_TaskStartStk
     512  controlHome
       4  logMsgAct
      82  main

 
 516 bytes in section .bss
 512 bytes in section .rodata
 266 bytes in section .text
 
 266 bytes of CODE  memory
 512 bytes of CONST memory
 516 bytes of DATA  memory

Errors: none
Warnings: none
