###############################################################################
#
# IAR ANSI C/C++ Compiler V7.50.2.10312/W32 for ARM       09/Feb/2018  16:14:45
# Copyright 1999-2015 IAR Systems AB.
#
#    Cpu mode     =  thumb
#    Endian       =  little
#    Source file  =  
#        E:\HW Projects\ControlHome\CntrHome - RF69w\BSP\bsp_direct_btn.c
#    Command line =  
#        "E:\HW Projects\ControlHome\CntrHome - RF69w\BSP\bsp_direct_btn.c"
#        -lCN "E:\HW Projects\ControlHome\CntrHome - RF69w\Debug\List" -o
#        "E:\HW Projects\ControlHome\CntrHome - RF69w\Debug\Obj" --debug
#        --endian=little --cpu=Cortex-M3 -e --fpu=None --dlib_config
#        "C:\Program Files (x86)\IAR Systems\Embedded Workbench
#        7.3\arm\INC\c\DLib_Config_Normal.h" -I "E:\HW
#        Projects\ControlHome\CntrHome - RF69w\" -I "E:\HW
#        Projects\ControlHome\CntrHome - RF69w\APP\" -I "E:\HW
#        Projects\ControlHome\CntrHome - RF69w\BSP\" -I "E:\HW
#        Projects\ControlHome\CntrHome - RF69w\CPU\inc\" -I "E:\HW
#        Projects\ControlHome\CntrHome - RF69w\uC-CPU\" -I "E:\HW
#        Projects\ControlHome\CntrHome - RF69w\uC-RTC\" -I "E:\HW
#        Projects\ControlHome\CntrHome - RF69w\uC-LIB\" -I "E:\HW
#        Projects\ControlHome\CntrHome - RF69w\uCOS-II\Ports\" -I "E:\HW
#        Projects\ControlHome\CntrHome - RF69w\uCOS-II\Source\" -I "E:\HW
#        Projects\ControlHome\CntrHome - RF69w\I2C-Out\" -I "E:\HW
#        Projects\ControlHome\CntrHome - RF69w\Direct_Sw\" -I "E:\HW
#        Projects\ControlHome\CntrHome - RF69w\Wdt_led\" -I "E:\HW
#        Projects\ControlHome\CntrHome - RF69w\uC-LCD\" -I "E:\HW
#        Projects\ControlHome\CntrHome - RF69w\uC-RF\" -I "E:\HW
#        Projects\ControlHome\CntrHome - RF69w\uC-FatFS\" -I "E:\HW
#        Projects\ControlHome\CntrHome - RF69w\uC-FatFS\api\" -I "E:\HW
#        Projects\ControlHome\CntrHome - RF69w\uC-FatFS\config\" -I "E:\HW
#        Projects\ControlHome\CntrHome - RF69w\uC-FatFS\os\" -I "E:\HW
#        Projects\ControlHome\CntrHome - RF69w\uC-FatFS\fsl\fat\" -I "E:\HW
#        Projects\ControlHome\CntrHome - RF69w\uC-FatFS\clib\" -I "E:\HW
#        Projects\ControlHome\CntrHome - RF69w\uC-FatFS\lbl\" -I "E:\HW
#        Projects\ControlHome\CntrHome - RF69w\uC-FatFS\device\mmc\" -I "E:\HW
#        Projects\ControlHome\CntrHome - RF69w\uC-FatFS\file\" -I "E:\HW
#        Projects\ControlHome\CntrHome - RF69w\uC-Terminal\src\" -I "E:\HW
#        Projects\ControlHome\CntrHome - RF69w\uC-Terminal\inc\" -Oh
#    List file    =  
#        E:\HW Projects\ControlHome\CntrHome -
#        RF69w\Debug\List\bsp_direct_btn.lst
#    Object file  =  
#        E:\HW Projects\ControlHome\CntrHome - RF69w\Debug\Obj\bsp_direct_btn.o
#
###############################################################################

E:\HW Projects\ControlHome\CntrHome - RF69w\BSP\bsp_direct_btn.c
      1          /*
      2          *********************************************************************************************************
      3          *
      4          *                                        Direct Button Modul
      5          *                                                                         
      6          *
      7          * Filename      : bsp_Direct_btn.c
      8          * Version       : V1.00
      9          * Programmer(s) : Puleo
     10          *********************************************************************************************************
     11          * Note(s)       :
     12          *********************************************************************************************************
     13          */
     14          
     15          /*
     16          *********************************************************************************************************
     17          *                                             INCLUDE FILES
     18          *********************************************************************************************************
     19          */
     20          
     21          #define  BSP_DIRECT_BTN_MODULE
     22          #include <bsp.h>
     23          
     24          
     25          /*
     26          *********************************************************************************************************
     27          *                                              LOCAL DEFINES
     28          *********************************************************************************************************
     29          */
     30          
     31             
     32          
     33          /*
     34          *********************************************************************************************************
     35          *                                           LOCAL CONSTANTS
     36          *********************************************************************************************************
     37          */
     38          
     39          
     40          
     41          /*
     42          *********************************************************************************************************
     43          *                                          LOCAL DATA TYPES
     44          *********************************************************************************************************
     45          */
     46          
     47          
     48          /*
     49          *********************************************************************************************************
     50          *                                            LOCAL TABLES
     51          *********************************************************************************************************
     52          */
     53          
     54          
     55          /*
     56          *********************************************************************************************************
     57          *                                       LOCAL GLOBAL VARIABLES
     58          *********************************************************************************************************
     59          */
     60          
     61          /*
     62          *********************************************************************************************************
     63          *                                      LOCAL FUNCTION PROTOTYPES
     64          *********************************************************************************************************
     65          */
     66          
     67          /*
     68          *********************************************************************************************************
     69          *                                     LOCAL CONFIGURATION ERRORS
     70          *********************************************************************************************************
     71          */
     72          
     73          
     74          /*
     75          *********************************************************************************************************
     76          *********************************************************************************************************
     77          **                                         GLOBAL FUNCTIONS
     78          *********************************************************************************************************
     79          *********************************************************************************************************
     80          */

   \                                 In section .text, align 2, keep-with-next
     81          void direct_btn_init(void) 
     82          {
   \                     direct_btn_init: (+1)
   \   00000000   0xB580             PUSH     {R7,LR}
     83            GPIO_InitTypeDef GPIO_InitStructure;
     84            
     85            RCC_APB2PeriphClockCmd(RCC_APB2Periph_GPIOC , ENABLE);
   \   00000002   0x2101             MOVS     R1,#+1
   \   00000004   0x2010             MOVS     R0,#+16
   \   00000006   0x.... 0x....      BL       RCC_APB2PeriphClockCmd
     86          
     87            GPIO_InitStructure.GPIO_Pin = GPIO_Pin_9;
   \   0000000A   0xF44F 0x7000      MOV      R0,#+512
   \   0000000E   0xF8AD 0x0000      STRH     R0,[SP, #+0]
     88            GPIO_InitStructure.GPIO_Mode = GPIO_Mode_IN_FLOATING;
     89            GPIO_Init(GPIOC, &GPIO_InitStructure);
   \   00000012   0x4669             MOV      R1,SP
   \   00000014   0x2004             MOVS     R0,#+4
   \   00000016   0xF88D 0x0003      STRB     R0,[SP, #+3]
   \   0000001A   0x....             LDR.N    R0,??DataTable1  ;; 0x40011000
   \   0000001C   0x.... 0x....      BL       GPIO_Init
     90          
     91          }
   \   00000020   0xBD01             POP      {R0,PC}          ;; return
     92          

   \                                 In section .text, align 2, keep-with-next
     93          CPU_BOOLEAN load_btn(void){
   \                     load_btn: (+1)
   \   00000000   0xB510             PUSH     {R4,LR}
     94            
     95            CPU_BOOLEAN  status;
     96            CPU_INT32U   pin;
     97          
     98          
     99            status = DEF_FALSE;
    100          
    101            pin = GPIO_ReadInputDataBit(GPIOC, GPIO_Pin_9);
    102          
    103            if (pin == 1) {
   \   00000002   0xF44F 0x7100      MOV      R1,#+512
   \   00000006   0x....             LDR.N    R0,??DataTable1  ;; 0x40011000
   \   00000008   0x.... 0x....      BL       GPIO_ReadInputDataBit
   \   0000000C   0x2400             MOVS     R4,#+0
   \   0000000E   0x2801             CMP      R0,#+1
   \   00000010   0xBF08             IT       EQ 
   \   00000012   0x2401             MOVEQ    R4,#+1
    104                status = DEF_TRUE;
    105            }
    106          
    107            return status;
   \   00000014   0x4620             MOV      R0,R4
   \   00000016   0xBD10             POP      {R4,PC}          ;; return
    108          }

   \                                 In section .text, align 4, keep-with-next
   \                     ??DataTable1:
   \   00000000   0x40011000         DC32     0x40011000

   Maximum stack usage in bytes:

   .cstack Function
   ------- --------
       8   direct_btn_init
         8   -> GPIO_Init
         8   -> RCC_APB2PeriphClockCmd
       8   load_btn
         8   -> GPIO_ReadInputDataBit


   Section sizes:

   Bytes  Function/Label
   -----  --------------
       4  ??DataTable1
      34  direct_btn_init
      24  load_btn

 
 62 bytes in section .text
 
 62 bytes of CODE memory

Errors: none
Warnings: none
