###############################################################################
#
# IAR ANSI C/C++ Compiler V7.50.2.10312/W32 for ARM       09/Feb/2018  16:15:02
# Copyright 1999-2015 IAR Systems AB.
#
#    Cpu mode     =  thumb
#    Endian       =  little
#    Source file  =  
#        E:\HW Projects\ControlHome\CntrHome - RF69w\uCOS-II\Source\os_mutex.c
#    Command line =  
#        "E:\HW Projects\ControlHome\CntrHome -
#        RF69w\uCOS-II\Source\os_mutex.c" -lCN "E:\HW
#        Projects\ControlHome\CntrHome - RF69w\Debug\List" -o "E:\HW
#        Projects\ControlHome\CntrHome - RF69w\Debug\Obj" --debug
#        --endian=little --cpu=Cortex-M3 -e --fpu=None --dlib_config
#        "C:\Program Files (x86)\IAR Systems\Embedded Workbench
#        7.3\arm\INC\c\DLib_Config_Normal.h" -I "E:\HW
#        Projects\ControlHome\CntrHome - RF69w\" -I "E:\HW
#        Projects\ControlHome\CntrHome - RF69w\APP\" -I "E:\HW
#        Projects\ControlHome\CntrHome - RF69w\BSP\" -I "E:\HW
#        Projects\ControlHome\CntrHome - RF69w\CPU\inc\" -I "E:\HW
#        Projects\ControlHome\CntrHome - RF69w\uC-CPU\" -I "E:\HW
#        Projects\ControlHome\CntrHome - RF69w\uC-RTC\" -I "E:\HW
#        Projects\ControlHome\CntrHome - RF69w\uC-LIB\" -I "E:\HW
#        Projects\ControlHome\CntrHome - RF69w\uCOS-II\Ports\" -I "E:\HW
#        Projects\ControlHome\CntrHome - RF69w\uCOS-II\Source\" -I "E:\HW
#        Projects\ControlHome\CntrHome - RF69w\I2C-Out\" -I "E:\HW
#        Projects\ControlHome\CntrHome - RF69w\Direct_Sw\" -I "E:\HW
#        Projects\ControlHome\CntrHome - RF69w\Wdt_led\" -I "E:\HW
#        Projects\ControlHome\CntrHome - RF69w\uC-LCD\" -I "E:\HW
#        Projects\ControlHome\CntrHome - RF69w\uC-RF\" -I "E:\HW
#        Projects\ControlHome\CntrHome - RF69w\uC-FatFS\" -I "E:\HW
#        Projects\ControlHome\CntrHome - RF69w\uC-FatFS\api\" -I "E:\HW
#        Projects\ControlHome\CntrHome - RF69w\uC-FatFS\config\" -I "E:\HW
#        Projects\ControlHome\CntrHome - RF69w\uC-FatFS\os\" -I "E:\HW
#        Projects\ControlHome\CntrHome - RF69w\uC-FatFS\fsl\fat\" -I "E:\HW
#        Projects\ControlHome\CntrHome - RF69w\uC-FatFS\clib\" -I "E:\HW
#        Projects\ControlHome\CntrHome - RF69w\uC-FatFS\lbl\" -I "E:\HW
#        Projects\ControlHome\CntrHome - RF69w\uC-FatFS\device\mmc\" -I "E:\HW
#        Projects\ControlHome\CntrHome - RF69w\uC-FatFS\file\" -I "E:\HW
#        Projects\ControlHome\CntrHome - RF69w\uC-Terminal\src\" -I "E:\HW
#        Projects\ControlHome\CntrHome - RF69w\uC-Terminal\inc\" -Oh
#    List file    =  
#        E:\HW Projects\ControlHome\CntrHome - RF69w\Debug\List\os_mutex.lst
#    Object file  =  
#        E:\HW Projects\ControlHome\CntrHome - RF69w\Debug\Obj\os_mutex.o
#
###############################################################################

E:\HW Projects\ControlHome\CntrHome - RF69w\uCOS-II\Source\os_mutex.c
      1          /*
      2          *********************************************************************************************************
      3          *                                                uC/OS-II
      4          *                                          The Real-Time Kernel
      5          *                                  MUTUAL EXCLUSION SEMAPHORE MANAGEMENT
      6          *
      7          *                              (c) Copyright 1992-2007, Micrium, Weston, FL
      8          *                                           All Rights Reserved
      9          *
     10          * File    : OS_MUTEX.C
     11          * By      : Jean J. Labrosse
     12          * Version : V2.86
     13          *
     14          * LICENSING TERMS:
     15          * ---------------
     16          *   uC/OS-II is provided in source form for FREE evaluation, for educational use or for peaceful research.  
     17          * If you plan on using  uC/OS-II  in a commercial product you need to contact Micriµm to properly license 
     18          * its use in your product. We provide ALL the source code for your convenience and to help you experience 
     19          * uC/OS-II.   The fact that the  source is provided does  NOT  mean that you can use it without  paying a 
     20          * licensing fee.
     21          *********************************************************************************************************
     22          */
     23          
     24          #ifndef  OS_MASTER_FILE
     25          #include <ucos_ii.h>
     26          #endif
     27          
     28          
     29          #if OS_MUTEX_EN > 0
     30          /*
     31          *********************************************************************************************************
     32          *                                            LOCAL CONSTANTS
     33          *********************************************************************************************************
     34          */
     35          
     36          #define  OS_MUTEX_KEEP_LOWER_8   ((INT16U)0x00FFu)
     37          #define  OS_MUTEX_KEEP_UPPER_8   ((INT16U)0xFF00u)
     38          
     39          #define  OS_MUTEX_AVAILABLE      ((INT16U)0x00FFu)
     40          
     41          /*
     42          *********************************************************************************************************
     43          *                                            LOCAL CONSTANTS
     44          *********************************************************************************************************
     45          */
     46          
     47          static  void  OSMutex_RdyAtPrio(OS_TCB *ptcb, INT8U prio);
     48          
     49          /*$PAGE*/
     50          /*
     51          *********************************************************************************************************
     52          *                                   ACCEPT MUTUAL EXCLUSION SEMAPHORE
     53          *
     54          * Description: This  function checks the mutual exclusion semaphore to see if a resource is available.
     55          *              Unlike OSMutexPend(), OSMutexAccept() does not suspend the calling task if the resource is
     56          *              not available or the event did not occur.
     57          *
     58          * Arguments  : pevent     is a pointer to the event control block
     59          *
     60          *              perr       is a pointer to an error code which will be returned to your application:
     61          *                            OS_ERR_NONE         if the call was successful.
     62          *                            OS_ERR_EVENT_TYPE   if 'pevent' is not a pointer to a mutex
     63          *                            OS_ERR_PEVENT_NULL  'pevent' is a NULL pointer
     64          *                            OS_ERR_PEND_ISR     if you called this function from an ISR
     65          *                            OS_ERR_PIP_LOWER    If the priority of the task that owns the Mutex is
     66          *                                                HIGHER (i.e. a lower number) than the PIP.  This error
     67          *                                                indicates that you did not set the PIP higher (lower
     68          *                                                number) than ALL the tasks that compete for the Mutex.
     69          *                                                Unfortunately, this is something that could not be
     70          *                                                detected when the Mutex is created because we don't know
     71          *                                                what tasks will be using the Mutex.
     72          *
     73          * Returns    : == OS_TRUE    if the resource is available, the mutual exclusion semaphore is acquired
     74          *              == OS_FALSE   a) if the resource is not available
     75          *                            b) you didn't pass a pointer to a mutual exclusion semaphore
     76          *                            c) you called this function from an ISR
     77          *
     78          * Warning(s) : This function CANNOT be called from an ISR because mutual exclusion semaphores are
     79          *              intended to be used by tasks only.
     80          *********************************************************************************************************
     81          */
     82          
     83          #if OS_MUTEX_ACCEPT_EN > 0

   \                                 In section .text, align 2, keep-with-next
     84          BOOLEAN  OSMutexAccept (OS_EVENT *pevent, INT8U *perr)
     85          {
   \                     OSMutexAccept: (+1)
   \   00000000   0xB570             PUSH     {R4-R6,LR}
   \   00000002   0x4605             MOV      R5,R0
   \   00000004   0x460C             MOV      R4,R1
     86              INT8U      pip;                                    /* Priority Inheritance Priority (PIP)          */
     87          #if OS_CRITICAL_METHOD == 3                            /* Allocate storage for CPU status register     */
     88              OS_CPU_SR  cpu_sr = 0;
     89          #endif
     90          
     91          
     92          
     93          #if OS_ARG_CHK_EN > 0
     94              if (perr == (INT8U *)0) {                          /* Validate 'perr'                              */
     95                  return (OS_FALSE);
     96              }
     97              if (pevent == (OS_EVENT *)0) {                     /* Validate 'pevent'                            */
     98                  *perr = OS_ERR_PEVENT_NULL;
     99                  return (OS_FALSE);
    100              }
    101          #endif
    102              if (pevent->OSEventType != OS_EVENT_TYPE_MUTEX) {  /* Validate event block type                    */
   \   00000006   0x7828             LDRB     R0,[R5, #+0]
   \   00000008   0x2804             CMP      R0,#+4
   \   0000000A   0xBF18             IT       NE 
   \   0000000C   0x2001             MOVNE    R0,#+1
    103                  *perr = OS_ERR_EVENT_TYPE;
   \   0000000E   0xD104             BNE.N    ??OSMutexAccept_0
    104                  return (OS_FALSE);
    105              }
    106              if (OSIntNesting > 0) {                            /* Make sure it's not called from an ISR        */
   \   00000010   0x.... 0x....      LDR.W    R0,??DataTable6
   \   00000014   0x7800             LDRB     R0,[R0, #+0]
   \   00000016   0xB118             CBZ.N    R0,??OSMutexAccept_1
    107                  *perr = OS_ERR_PEND_ISR;
   \   00000018   0x2002             MOVS     R0,#+2
   \                     ??OSMutexAccept_0: (+1)
   \   0000001A   0x7020             STRB     R0,[R4, #+0]
    108                  return (OS_FALSE);
   \   0000001C   0x2000             MOVS     R0,#+0
   \   0000001E   0xBD70             POP      {R4-R6,PC}
    109              }
    110              OS_ENTER_CRITICAL();                               /* Get value (0 or 1) of Mutex                  */
   \                     ??OSMutexAccept_1: (+1)
   \   00000020   0x.... 0x....      BL       OS_CPU_SR_Save
    111              pip = (INT8U)(pevent->OSEventCnt >> 8);            /* Get PIP from mutex                           */
   \   00000024   0x892A             LDRH     R2,[R5, #+8]
   \   00000026   0x0A11             LSRS     R1,R2,#+8
    112              if ((pevent->OSEventCnt & OS_MUTEX_KEEP_LOWER_8) == OS_MUTEX_AVAILABLE) {
   \   00000028   0xB2D3             UXTB     R3,R2
   \   0000002A   0x2BFF             CMP      R3,#+255
   \   0000002C   0xD118             BNE.N    ??OSMutexAccept_2
    113                  pevent->OSEventCnt &= OS_MUTEX_KEEP_UPPER_8;   /*      Mask off LSByte (Acquire Mutex)         */
   \   0000002E   0xF402 0x427F      AND      R2,R2,#0xFF00
    114                  pevent->OSEventCnt |= OSTCBCur->OSTCBPrio;     /*      Save current task priority in LSByte    */
   \   00000032   0x.... 0x....      LDR.W    R3,??DataTable6_1
   \   00000036   0x812A             STRH     R2,[R5, #+8]
   \   00000038   0x681B             LDR      R3,[R3, #+0]
   \   0000003A   0xF893 0x6032      LDRB     R6,[R3, #+50]
    115                  pevent->OSEventPtr  = (void *)OSTCBCur;        /*      Link TCB of task owning Mutex           */
   \   0000003E   0x606B             STR      R3,[R5, #+4]
   \   00000040   0x4332             ORRS     R2,R6,R2
   \   00000042   0x812A             STRH     R2,[R5, #+8]
    116                  if (OSTCBCur->OSTCBPrio <= pip) {              /*      PIP 'must' have a SMALLER prio ...      */
   \   00000044   0xF893 0x2032      LDRB     R2,[R3, #+50]
   \   00000048   0x4291             CMP      R1,R2
   \   0000004A   0xD303             BCC.N    ??OSMutexAccept_3
    117                      OS_EXIT_CRITICAL();                        /*      ... than current task!                  */
   \   0000004C   0x.... 0x....      BL       OS_CPU_SR_Restore
    118                      *perr = OS_ERR_PIP_LOWER;
   \   00000050   0x2078             MOVS     R0,#+120
   \   00000052   0xE002             B.N      ??OSMutexAccept_4
    119                  } else {
    120                      OS_EXIT_CRITICAL();
   \                     ??OSMutexAccept_3: (+1)
   \   00000054   0x.... 0x....      BL       OS_CPU_SR_Restore
    121                      *perr = OS_ERR_NONE;
   \   00000058   0x2000             MOVS     R0,#+0
   \                     ??OSMutexAccept_4: (+1)
   \   0000005A   0x7020             STRB     R0,[R4, #+0]
    122                  }
    123                  return (OS_TRUE);
   \   0000005C   0x2001             MOVS     R0,#+1
   \   0000005E   0xBD70             POP      {R4-R6,PC}
    124              }
    125              OS_EXIT_CRITICAL();
   \                     ??OSMutexAccept_2: (+1)
   \   00000060   0x.... 0x....      BL       OS_CPU_SR_Restore
    126              *perr = OS_ERR_NONE;
   \   00000064   0x2000             MOVS     R0,#+0
   \   00000066   0x7020             STRB     R0,[R4, #+0]
    127              return (OS_FALSE);
   \   00000068   0xBD70             POP      {R4-R6,PC}       ;; return
    128          }
    129          #endif
    130          
    131          /*$PAGE*/
    132          /*
    133          *********************************************************************************************************
    134          *                                  CREATE A MUTUAL EXCLUSION SEMAPHORE
    135          *
    136          * Description: This function creates a mutual exclusion semaphore.
    137          *
    138          * Arguments  : prio          is the priority to use when accessing the mutual exclusion semaphore.  In
    139          *                            other words, when the semaphore is acquired and a higher priority task
    140          *                            attempts to obtain the semaphore then the priority of the task owning the
    141          *                            semaphore is raised to this priority.  It is assumed that you will specify
    142          *                            a priority that is LOWER in value than ANY of the tasks competing for the
    143          *                            mutex.
    144          *
    145          *              perr          is a pointer to an error code which will be returned to your application:
    146          *                               OS_ERR_NONE         if the call was successful.
    147          *                               OS_ERR_CREATE_ISR   if you attempted to create a MUTEX from an ISR
    148          *                               OS_ERR_PRIO_EXIST   if a task at the priority inheritance priority
    149          *                                                   already exist.
    150          *                               OS_ERR_PEVENT_NULL  No more event control blocks available.
    151          *                               OS_ERR_PRIO_INVALID if the priority you specify is higher that the
    152          *                                                   maximum allowed (i.e. > OS_LOWEST_PRIO)
    153          *
    154          * Returns    : != (void *)0  is a pointer to the event control clock (OS_EVENT) associated with the
    155          *                            created mutex.
    156          *              == (void *)0  if an error is detected.
    157          *
    158          * Note(s)    : 1) The LEAST significant 8 bits of '.OSEventCnt' are used to hold the priority number
    159          *                 of the task owning the mutex or 0xFF if no task owns the mutex.
    160          *
    161          *              2) The MOST  significant 8 bits of '.OSEventCnt' are used to hold the priority number
    162          *                 to use to reduce priority inversion.
    163          *********************************************************************************************************
    164          */
    165          

   \                                 In section .text, align 2, keep-with-next
    166          OS_EVENT  *OSMutexCreate (INT8U prio, INT8U *perr)
    167          {
   \                     OSMutexCreate: (+1)
   \   00000000   0xB5F8             PUSH     {R3-R7,LR}
   \   00000002   0x4604             MOV      R4,R0
    168              OS_EVENT  *pevent;
    169          #if OS_CRITICAL_METHOD == 3                                /* Allocate storage for CPU status register */
    170              OS_CPU_SR  cpu_sr = 0;
    171          #endif
    172          
    173          
    174          
    175          #if OS_ARG_CHK_EN > 0
    176              if (perr == (INT8U *)0) {                              /* Validate 'perr'                          */
    177                  return ((OS_EVENT *)0);
    178              }
    179              if (prio >= OS_LOWEST_PRIO) {                          /* Validate PIP                             */
    180                  *perr = OS_ERR_PRIO_INVALID;
    181                  return ((OS_EVENT *)0);
    182              }
    183          #endif
    184              if (OSIntNesting > 0) {                                /* See if called from ISR ...               */
   \   00000004   0x.... 0x....      LDR.W    R0,??DataTable6
   \   00000008   0x7800             LDRB     R0,[R0, #+0]
   \   0000000A   0x460D             MOV      R5,R1
   \   0000000C   0xB108             CBZ.N    R0,??OSMutexCreate_0
    185                  *perr = OS_ERR_CREATE_ISR;                         /* ... can't CREATE mutex from an ISR       */
   \   0000000E   0x2010             MOVS     R0,#+16
   \   00000010   0xE019             B.N      ??OSMutexCreate_1
    186                  return ((OS_EVENT *)0);
    187              }
    188              OS_ENTER_CRITICAL();
   \                     ??OSMutexCreate_0: (+1)
   \   00000012   0x.... 0x....      BL       OS_CPU_SR_Save
    189              if (OSTCBPrioTbl[prio] != (OS_TCB *)0) {               /* Mutex priority must not already exist    */
   \   00000016   0x.... 0x....      LDR.W    R2,??DataTable6_2
   \   0000001A   0x4621             MOV      R1,R4
   \   0000001C   0xF852 0x3021      LDR      R3,[R2, R1, LSL #+2]
   \   00000020   0xB11B             CBZ.N    R3,??OSMutexCreate_2
    190                  OS_EXIT_CRITICAL();                                /* Task already exist at priority ...       */
   \   00000022   0x.... 0x....      BL       OS_CPU_SR_Restore
    191                  *perr = OS_ERR_PRIO_EXIST;                         /* ... inheritance priority                 */
   \   00000026   0x2028             MOVS     R0,#+40
   \   00000028   0xE00D             B.N      ??OSMutexCreate_1
    192                  return ((OS_EVENT *)0);
    193              }
    194              OSTCBPrioTbl[prio] = OS_TCB_RESERVED;                  /* Reserve the table entry                  */
   \                     ??OSMutexCreate_2: (+1)
   \   0000002A   0x2301             MOVS     R3,#+1
   \   0000002C   0xF842 0x3021      STR      R3,[R2, R1, LSL #+2]
    195              pevent             = OSEventFreeList;                  /* Get next free event control block        */
   \   00000030   0x.... 0x....      LDR.W    R3,??DataTable6_3
   \   00000034   0x681F             LDR      R7,[R3, #+0]
   \   00000036   0x003E             MOVS     R6,R7
    196              if (pevent == (OS_EVENT *)0) {                         /* See if an ECB was available              */
   \   00000038   0xD108             BNE.N    ??OSMutexCreate_3
    197                  OSTCBPrioTbl[prio] = (OS_TCB *)0;                  /* No, Release the table entry              */
   \   0000003A   0x2300             MOVS     R3,#+0
   \   0000003C   0xF842 0x3021      STR      R3,[R2, R1, LSL #+2]
    198                  OS_EXIT_CRITICAL();
   \   00000040   0x.... 0x....      BL       OS_CPU_SR_Restore
    199                  *perr              = OS_ERR_PEVENT_NULL;           /* No more event control blocks             */
   \   00000044   0x2004             MOVS     R0,#+4
   \                     ??OSMutexCreate_1: (+1)
   \   00000046   0x7028             STRB     R0,[R5, #+0]
    200                  return (pevent);
   \   00000048   0x2000             MOVS     R0,#+0
   \   0000004A   0xBDF2             POP      {R1,R4-R7,PC}
    201              }
    202              OSEventFreeList        = (OS_EVENT *)OSEventFreeList->OSEventPtr;   /* Adjust the free list        */
   \                     ??OSMutexCreate_3: (+1)
   \   0000004C   0x6879             LDR      R1,[R7, #+4]
   \   0000004E   0x6019             STR      R1,[R3, #+0]
    203              OS_EXIT_CRITICAL();
   \   00000050   0x.... 0x....      BL       OS_CPU_SR_Restore
    204              pevent->OSEventType    = OS_EVENT_TYPE_MUTEX;
   \   00000054   0x2004             MOVS     R0,#+4
   \   00000056   0x7038             STRB     R0,[R7, #+0]
    205              pevent->OSEventCnt     = (INT16U)((INT16U)prio << 8) | OS_MUTEX_AVAILABLE; /* Resource is avail.   */
   \   00000058   0x0220             LSLS     R0,R4,#+8
   \   0000005A   0xF040 0x00FF      ORR      R0,R0,#0xFF
   \   0000005E   0x8138             STRH     R0,[R7, #+8]
    206              pevent->OSEventPtr     = (void *)0;                                 /* No task owning the mutex    */
   \   00000060   0x2000             MOVS     R0,#+0
   \   00000062   0x6078             STR      R0,[R7, #+4]
    207          #if OS_EVENT_NAME_SIZE > 1
    208              pevent->OSEventName[0] = '?';
   \   00000064   0x203F             MOVS     R0,#+63
   \   00000066   0x73F8             STRB     R0,[R7, #+15]
    209              pevent->OSEventName[1] = OS_ASCII_NUL;
   \   00000068   0x2000             MOVS     R0,#+0
   \   0000006A   0x7438             STRB     R0,[R7, #+16]
    210          #endif
    211              OS_EventWaitListInit(pevent);
   \   0000006C   0x4638             MOV      R0,R7
   \   0000006E   0x.... 0x....      BL       OS_EventWaitListInit
    212              *perr                  = OS_ERR_NONE;
   \   00000072   0x2000             MOVS     R0,#+0
   \   00000074   0x7028             STRB     R0,[R5, #+0]
    213              return (pevent);
   \   00000076   0x4638             MOV      R0,R7
   \   00000078   0xBDF2             POP      {R1,R4-R7,PC}    ;; return
    214          }
    215          
    216          /*$PAGE*/
    217          /*
    218          *********************************************************************************************************
    219          *                                          DELETE A MUTEX
    220          *
    221          * Description: This function deletes a mutual exclusion semaphore and readies all tasks pending on the it.
    222          *
    223          * Arguments  : pevent        is a pointer to the event control block associated with the desired mutex.
    224          *
    225          *              opt           determines delete options as follows:
    226          *                            opt == OS_DEL_NO_PEND   Delete mutex ONLY if no task pending
    227          *                            opt == OS_DEL_ALWAYS    Deletes the mutex even if tasks are waiting.
    228          *                                                    In this case, all the tasks pending will be readied.
    229          *
    230          *              perr          is a pointer to an error code that can contain one of the following values:
    231          *                            OS_ERR_NONE             The call was successful and the mutex was deleted
    232          *                            OS_ERR_DEL_ISR          If you attempted to delete the MUTEX from an ISR
    233          *                            OS_ERR_INVALID_OPT      An invalid option was specified
    234          *                            OS_ERR_TASK_WAITING     One or more tasks were waiting on the mutex
    235          *                            OS_ERR_EVENT_TYPE       If you didn't pass a pointer to a mutex
    236          *                            OS_ERR_PEVENT_NULL      If 'pevent' is a NULL pointer.
    237          *
    238          * Returns    : pevent        upon error
    239          *              (OS_EVENT *)0 if the mutex was successfully deleted.
    240          *
    241          * Note(s)    : 1) This function must be used with care.  Tasks that would normally expect the presence of
    242          *                 the mutex MUST check the return code of OSMutexPend().
    243          *
    244          *              2) This call can potentially disable interrupts for a long time.  The interrupt disable
    245          *                 time is directly proportional to the number of tasks waiting on the mutex.
    246          *
    247          *              3) Because ALL tasks pending on the mutex will be readied, you MUST be careful because the
    248          *                 resource(s) will no longer be guarded by the mutex.
    249          *
    250          *              4) IMPORTANT: In the 'OS_DEL_ALWAYS' case, we assume that the owner of the Mutex (if there
    251          *                            is one) is ready-to-run and is thus NOT pending on another kernel object or
    252          *                            has delayed itself.  In other words, if a task owns the mutex being deleted,
    253          *                            that task will be made ready-to-run at its original priority.
    254          *********************************************************************************************************
    255          */
    256          
    257          #if OS_MUTEX_DEL_EN

   \                                 In section .text, align 2, keep-with-next
    258          OS_EVENT  *OSMutexDel (OS_EVENT *pevent, INT8U opt, INT8U *perr)
    259          {
   \                     OSMutexDel: (+1)
   \   00000000   0xE92D 0x41F0      PUSH     {R4-R8,LR}
   \   00000004   0x4604             MOV      R4,R0
   \   00000006   0x460E             MOV      R6,R1
    260              BOOLEAN    tasks_waiting;
    261              OS_EVENT  *pevent_return;
    262              INT8U      pip;                                        /* Priority inheritance priority            */
    263              INT8U      prio;
    264              OS_TCB    *ptcb;
    265          #if OS_CRITICAL_METHOD == 3                                /* Allocate storage for CPU status register */
    266              OS_CPU_SR  cpu_sr = 0;
    267          #endif
    268          
    269          
    270          
    271          #if OS_ARG_CHK_EN > 0
    272              if (perr == (INT8U *)0) {                              /* Validate 'perr'                          */
    273                  return (pevent);
    274              }
    275              if (pevent == (OS_EVENT *)0) {                         /* Validate 'pevent'                        */
    276                  *perr = OS_ERR_PEVENT_NULL;
    277                  return (pevent);
    278              }
    279          #endif
    280              if (pevent->OSEventType != OS_EVENT_TYPE_MUTEX) {      /* Validate event block type                */
   \   00000008   0x7820             LDRB     R0,[R4, #+0]
   \   0000000A   0x2804             CMP      R0,#+4
   \   0000000C   0x4615             MOV      R5,R2
   \   0000000E   0xD002             BEQ.N    ??OSMutexDel_0
    281                  *perr = OS_ERR_EVENT_TYPE;
   \   00000010   0x2001             MOVS     R0,#+1
   \   00000012   0x7028             STRB     R0,[R5, #+0]
    282                  return (pevent);
   \   00000014   0xE064             B.N      ??OSMutexDel_1
    283              }
    284              if (OSIntNesting > 0) {                                /* See if called from ISR ...               */
   \                     ??OSMutexDel_0: (+1)
   \   00000016   0x.... 0x....      LDR.W    R0,??DataTable6
   \   0000001A   0x7800             LDRB     R0,[R0, #+0]
   \   0000001C   0xB110             CBZ.N    R0,??OSMutexDel_2
    285                  *perr = OS_ERR_DEL_ISR;                             /* ... can't DELETE from an ISR             */
   \   0000001E   0x200F             MOVS     R0,#+15
   \   00000020   0x7028             STRB     R0,[R5, #+0]
    286                  return (pevent);
   \   00000022   0xE05D             B.N      ??OSMutexDel_1
    287              }
    288              OS_ENTER_CRITICAL();
   \                     ??OSMutexDel_2: (+1)
   \   00000024   0x.... 0x....      BL       OS_CPU_SR_Save
   \   00000028   0x4680             MOV      R8,R0
    289              if (pevent->OSEventGrp != 0) {                         /* See if any tasks waiting on mutex        */
   \   0000002A   0x7AA0             LDRB     R0,[R4, #+10]
   \   0000002C   0x1E47             SUBS     R7,R0,#+1
   \   0000002E   0x41BF             SBCS     R7,R7,R7
   \   00000030   0x43FF             MVNS     R7,R7
   \   00000032   0x0FFF             LSRS     R7,R7,#+31
    290                  tasks_waiting = OS_TRUE;                           /* Yes                                      */
    291              } else {
    292                  tasks_waiting = OS_FALSE;                          /* No                                       */
    293              }
    294              switch (opt) {
   \   00000034   0xB116             CBZ.N    R6,??OSMutexDel_3
   \   00000036   0x2E01             CMP      R6,#+1
   \   00000038   0xD01D             BEQ.N    ??OSMutexDel_4
   \   0000003A   0xE04C             B.N      ??OSMutexDel_5
    295                  case OS_DEL_NO_PEND:                               /* DELETE MUTEX ONLY IF NO TASK WAITING --- */
    296                       if (tasks_waiting == OS_FALSE) {
   \                     ??OSMutexDel_3: (+1)
   \   0000003C   0xB9B7             CBNZ.N   R7,??OSMutexDel_6
    297          #if OS_EVENT_NAME_SIZE > 1
    298                           pevent->OSEventName[0] = '?';             /* Unknown name                             */
   \   0000003E   0x203F             MOVS     R0,#+63
   \   00000040   0x73E0             STRB     R0,[R4, #+15]
    299                           pevent->OSEventName[1] = OS_ASCII_NUL;
   \   00000042   0x2000             MOVS     R0,#+0
   \   00000044   0x7420             STRB     R0,[R4, #+16]
    300          #endif
    301                           pip                 = (INT8U)(pevent->OSEventCnt >> 8);
    302                           OSTCBPrioTbl[pip]   = (OS_TCB *)0;        /* Free up the PIP                          */
   \   00000046   0x2200             MOVS     R2,#+0
   \   00000048   0x8921             LDRH     R1,[R4, #+8]
   \   0000004A   0x.... 0x....      LDR.W    R0,??DataTable6_2
   \   0000004E   0x0409             LSLS     R1,R1,#+16
   \   00000050   0x0E09             LSRS     R1,R1,#+24
   \   00000052   0xF840 0x2021      STR      R2,[R0, R1, LSL #+2]
    303                           pevent->OSEventType = OS_EVENT_TYPE_UNUSED;
   \   00000056   0x7022             STRB     R2,[R4, #+0]
    304                           pevent->OSEventPtr  = OSEventFreeList;    /* Return Event Control Block to free list  */
   \   00000058   0x.... 0x....      LDR.W    R0,??DataTable6_3
   \   0000005C   0x6801             LDR      R1,[R0, #+0]
   \   0000005E   0x6061             STR      R1,[R4, #+4]
    305                           pevent->OSEventCnt  = 0;
   \   00000060   0x8122             STRH     R2,[R4, #+8]
    306                           OSEventFreeList     = pevent;
   \   00000062   0x6004             STR      R4,[R0, #+0]
    307                           OS_EXIT_CRITICAL();
   \   00000064   0x4640             MOV      R0,R8
   \   00000066   0x.... 0x....      BL       OS_CPU_SR_Restore
    308                           *perr               = OS_ERR_NONE;
   \   0000006A   0xE030             B.N      ??OSMutexDel_7
    309                           pevent_return       = (OS_EVENT *)0;      /* Mutex has been deleted                   */
    310                       } else {
    311                           OS_EXIT_CRITICAL();
   \                     ??OSMutexDel_6: (+1)
   \   0000006C   0x4640             MOV      R0,R8
   \   0000006E   0x.... 0x....      BL       OS_CPU_SR_Restore
    312                           *perr               = OS_ERR_TASK_WAITING;
   \   00000072   0x2049             MOVS     R0,#+73
   \   00000074   0xE033             B.N      ??OSMutexDel_8
    313                           pevent_return       = pevent;
    314                       }
    315                       break;
    316          
    317                  case OS_DEL_ALWAYS:                                /* ALWAYS DELETE THE MUTEX ---------------- */
    318                       pip  = (INT8U)(pevent->OSEventCnt >> 8);                     /* Get PIP of mutex          */
    319                       prio = (INT8U)(pevent->OSEventCnt & OS_MUTEX_KEEP_LOWER_8);  /* Get owner's original prio */
   \                     ??OSMutexDel_4: (+1)
   \   00000076   0x8922             LDRH     R2,[R4, #+8]
    320                       ptcb = (OS_TCB *)pevent->OSEventPtr;
   \   00000078   0x6860             LDR      R0,[R4, #+4]
    321                       if (ptcb != (OS_TCB *)0) {                    /* See if any task owns the mutex           */
   \   0000007A   0xB170             CBZ.N    R0,??OSMutexDel_9
    322                           if (ptcb->OSTCBPrio == pip) {             /* See if original prio was changed         */
   \   0000007C   0xF890 0x3032      LDRB     R3,[R0, #+50]
   \   00000080   0xEBB3 0x2F12      CMP      R3,R2, LSR #+8
   \   00000084   0xD109             BNE.N    ??OSMutexDel_9
    323                               OSMutex_RdyAtPrio(ptcb, prio);        /* Yes, Restore the task's original prio    */
   \   00000086   0xB2D1             UXTB     R1,R2
   \   00000088   0x.... 0x....      BL       OSMutex_RdyAtPrio
   \   0000008C   0xE005             B.N      ??OSMutexDel_9
    324                           }
    325                       }
    326                       while (pevent->OSEventGrp != 0) {             /* Ready ALL tasks waiting for mutex        */
    327                           (void)OS_EventTaskRdy(pevent, (void *)0, OS_STAT_MUTEX, OS_STAT_PEND_OK);
   \                     ??OSMutexDel_10: (+1)
   \   0000008E   0x2300             MOVS     R3,#+0
   \   00000090   0x2210             MOVS     R2,#+16
   \   00000092   0x2100             MOVS     R1,#+0
   \   00000094   0x4620             MOV      R0,R4
   \   00000096   0x.... 0x....      BL       OS_EventTaskRdy
    328                       }
   \                     ??OSMutexDel_9: (+1)
   \   0000009A   0x7AA0             LDRB     R0,[R4, #+10]
   \   0000009C   0x2800             CMP      R0,#+0
   \   0000009E   0xD1F6             BNE.N    ??OSMutexDel_10
    329          #if OS_EVENT_NAME_SIZE > 1
    330                       pevent->OSEventName[0] = '?';                 /* Unknown name                             */
   \   000000A0   0x203F             MOVS     R0,#+63
   \   000000A2   0x73E0             STRB     R0,[R4, #+15]
    331                       pevent->OSEventName[1] = OS_ASCII_NUL;
   \   000000A4   0x2000             MOVS     R0,#+0
   \   000000A6   0x7420             STRB     R0,[R4, #+16]
    332          #endif
    333                       pip                 = (INT8U)(pevent->OSEventCnt >> 8);
    334                       OSTCBPrioTbl[pip]   = (OS_TCB *)0;            /* Free up the PIP                          */
   \   000000A8   0x2200             MOVS     R2,#+0
   \   000000AA   0x8921             LDRH     R1,[R4, #+8]
   \   000000AC   0x....             LDR.N    R0,??DataTable6_2
   \   000000AE   0x0409             LSLS     R1,R1,#+16
   \   000000B0   0x0E09             LSRS     R1,R1,#+24
   \   000000B2   0xF840 0x2021      STR      R2,[R0, R1, LSL #+2]
    335                       pevent->OSEventType = OS_EVENT_TYPE_UNUSED;
   \   000000B6   0x7022             STRB     R2,[R4, #+0]
    336                       pevent->OSEventPtr  = OSEventFreeList;        /* Return Event Control Block to free list  */
   \   000000B8   0x....             LDR.N    R0,??DataTable6_3
   \   000000BA   0x6801             LDR      R1,[R0, #+0]
   \   000000BC   0x6061             STR      R1,[R4, #+4]
    337                       pevent->OSEventCnt  = 0;
   \   000000BE   0x8122             STRH     R2,[R4, #+8]
    338                       OSEventFreeList     = pevent;                 /* Get next free event control block        */
   \   000000C0   0x6004             STR      R4,[R0, #+0]
    339                       OS_EXIT_CRITICAL();
   \   000000C2   0x4640             MOV      R0,R8
   \   000000C4   0x.... 0x....      BL       OS_CPU_SR_Restore
    340                       if (tasks_waiting == OS_TRUE) {               /* Reschedule only if task(s) were waiting  */
   \   000000C8   0xB10F             CBZ.N    R7,??OSMutexDel_7
    341                           OS_Sched();                               /* Find highest priority task ready to run  */
   \   000000CA   0x.... 0x....      BL       OS_Sched
    342                       }
    343                       *perr         = OS_ERR_NONE;
   \                     ??OSMutexDel_7: (+1)
   \   000000CE   0x2000             MOVS     R0,#+0
   \   000000D0   0x7028             STRB     R0,[R5, #+0]
    344                       pevent_return = (OS_EVENT *)0;                /* Mutex has been deleted                   */
   \   000000D2   0x2400             MOVS     R4,#+0
    345                       break;
   \   000000D4   0xE004             B.N      ??OSMutexDel_1
    346          
    347                  default:
    348                       OS_EXIT_CRITICAL();
   \                     ??OSMutexDel_5: (+1)
   \   000000D6   0x4640             MOV      R0,R8
   \   000000D8   0x.... 0x....      BL       OS_CPU_SR_Restore
    349                       *perr         = OS_ERR_INVALID_OPT;
   \   000000DC   0x2007             MOVS     R0,#+7
   \                     ??OSMutexDel_8: (+1)
   \   000000DE   0x7028             STRB     R0,[R5, #+0]
    350                       pevent_return = pevent;
    351                       break;
    352              }
    353              return (pevent_return);
   \                     ??OSMutexDel_1: (+1)
   \   000000E0   0x4620             MOV      R0,R4
   \   000000E2   0xE8BD 0x81F0      POP      {R4-R8,PC}       ;; return
    354          }
    355          #endif
    356          
    357          /*$PAGE*/
    358          /*
    359          *********************************************************************************************************
    360          *                                  PEND ON MUTUAL EXCLUSION SEMAPHORE
    361          *
    362          * Description: This function waits for a mutual exclusion semaphore.
    363          *
    364          * Arguments  : pevent        is a pointer to the event control block associated with the desired
    365          *                            mutex.
    366          *
    367          *              timeout       is an optional timeout period (in clock ticks).  If non-zero, your task will
    368          *                            wait for the resource up to the amount of time specified by this argument.
    369          *                            If you specify 0, however, your task will wait forever at the specified
    370          *                            mutex or, until the resource becomes available.
    371          *
    372          *              perr          is a pointer to where an error message will be deposited.  Possible error
    373          *                            messages are:
    374          *                               OS_ERR_NONE        The call was successful and your task owns the mutex
    375          *                               OS_ERR_TIMEOUT     The mutex was not available within the specified 'timeout'.
    376          *                               OS_ERR_PEND_ABORT  The wait on the mutex was aborted.
    377          *                               OS_ERR_EVENT_TYPE  If you didn't pass a pointer to a mutex
    378          *                               OS_ERR_PEVENT_NULL 'pevent' is a NULL pointer
    379          *                               OS_ERR_PEND_ISR    If you called this function from an ISR and the result
    380          *                                                  would lead to a suspension.
    381          *                               OS_ERR_PIP_LOWER   If the priority of the task that owns the Mutex is
    382          *                                                  HIGHER (i.e. a lower number) than the PIP.  This error
    383          *                                                  indicates that you did not set the PIP higher (lower
    384          *                                                  number) than ALL the tasks that compete for the Mutex.
    385          *                                                  Unfortunately, this is something that could not be
    386          *                                                  detected when the Mutex is created because we don't know
    387          *                                                  what tasks will be using the Mutex.
    388          *                               OS_ERR_PEND_LOCKED If you called this function when the scheduler is locked
    389          *
    390          * Returns    : none
    391          *
    392          * Note(s)    : 1) The task that owns the Mutex MUST NOT pend on any other event while it owns the mutex.
    393          *
    394          *              2) You MUST NOT change the priority of the task that owns the mutex
    395          *********************************************************************************************************
    396          */
    397          

   \                                 In section .text, align 2, keep-with-next
    398          void  OSMutexPend (OS_EVENT *pevent, INT16U timeout, INT8U *perr)
    399          {
   \                     OSMutexPend: (+1)
   \   00000000   0xE92D 0x47F0      PUSH     {R4-R10,LR}
   \   00000004   0x4604             MOV      R4,R0
   \   00000006   0x4688             MOV      R8,R1
    400              INT8U      pip;                                        /* Priority Inheritance Priority (PIP)      */
    401              INT8U      mprio;                                      /* Mutex owner priority                     */
    402              BOOLEAN    rdy;                                        /* Flag indicating task was ready           */
    403              OS_TCB    *ptcb;
    404              OS_EVENT  *pevent2;
    405              INT8U      y;
    406          #if OS_CRITICAL_METHOD == 3                                /* Allocate storage for CPU status register */
    407              OS_CPU_SR  cpu_sr = 0;
    408          #endif
    409          
    410          
    411          
    412          #if OS_ARG_CHK_EN > 0
    413              if (perr == (INT8U *)0) {                              /* Validate 'perr'                          */
    414                  return;
    415              }
    416              if (pevent == (OS_EVENT *)0) {                         /* Validate 'pevent'                        */
    417                  *perr = OS_ERR_PEVENT_NULL;
    418                  return;
    419              }
    420          #endif
    421              if (pevent->OSEventType != OS_EVENT_TYPE_MUTEX) {      /* Validate event block type                */
   \   00000008   0x7820             LDRB     R0,[R4, #+0]
   \   0000000A   0x2804             CMP      R0,#+4
   \   0000000C   0x4616             MOV      R6,R2
   \   0000000E   0xBF18             IT       NE 
   \   00000010   0x2001             MOVNE    R0,#+1
    422                  *perr = OS_ERR_EVENT_TYPE;
   \   00000012   0xD127             BNE.N    ??OSMutexPend_0
    423                  return;
    424              }
    425              if (OSIntNesting > 0) {                                /* See if called from ISR ...               */
   \   00000014   0x....             LDR.N    R0,??DataTable6
   \   00000016   0x7800             LDRB     R0,[R0, #+0]
   \   00000018   0xB108             CBZ.N    R0,??OSMutexPend_1
    426                  *perr = OS_ERR_PEND_ISR;                           /* ... can't PEND from an ISR               */
   \   0000001A   0x2002             MOVS     R0,#+2
   \   0000001C   0xE022             B.N      ??OSMutexPend_0
    427                  return;
    428              }
    429              if (OSLockNesting > 0) {                               /* See if called with scheduler locked ...  */
   \                     ??OSMutexPend_1: (+1)
   \   0000001E   0x....             LDR.N    R0,??DataTable6_4
   \   00000020   0x7800             LDRB     R0,[R0, #+0]
   \   00000022   0xB108             CBZ.N    R0,??OSMutexPend_2
    430                  *perr = OS_ERR_PEND_LOCKED;                        /* ... can't PEND when locked               */
   \   00000024   0x200D             MOVS     R0,#+13
   \   00000026   0xE01D             B.N      ??OSMutexPend_0
    431                  return;
    432              }
    433          /*$PAGE*/
    434              OS_ENTER_CRITICAL();
   \                     ??OSMutexPend_2: (+1)
   \   00000028   0x.... 0x....      BL       OS_CPU_SR_Save
    435              pip = (INT8U)(pevent->OSEventCnt >> 8);                /* Get PIP from mutex                       */
   \   0000002C   0x8927             LDRH     R7,[R4, #+8]
    436                                                                     /* Is Mutex available?                      */
    437              if ((INT8U)(pevent->OSEventCnt & OS_MUTEX_KEEP_LOWER_8) == OS_MUTEX_AVAILABLE) {
   \   0000002E   0x....             LDR.N    R5,??DataTable6_1
   \   00000030   0x4681             MOV      R9,R0
   \   00000032   0x0A39             LSRS     R1,R7,#+8
   \   00000034   0xB2F8             UXTB     R0,R7
   \   00000036   0x28FF             CMP      R0,#+255
   \   00000038   0xD117             BNE.N    ??OSMutexPend_3
    438                  pevent->OSEventCnt &= OS_MUTEX_KEEP_UPPER_8;       /* Yes, Acquire the resource                */
   \   0000003A   0xF407 0x407F      AND      R0,R7,#0xFF00
   \   0000003E   0x8120             STRH     R0,[R4, #+8]
    439                  pevent->OSEventCnt |= OSTCBCur->OSTCBPrio;         /*      Save priority of owning task        */
   \   00000040   0x682A             LDR      R2,[R5, #+0]
   \   00000042   0xF892 0x3032      LDRB     R3,[R2, #+50]
    440                  pevent->OSEventPtr  = (void *)OSTCBCur;            /*      Point to owning task's OS_TCB       */
   \   00000046   0x6062             STR      R2,[R4, #+4]
   \   00000048   0x4318             ORRS     R0,R3,R0
   \   0000004A   0x8120             STRH     R0,[R4, #+8]
    441                  if (OSTCBCur->OSTCBPrio <= pip) {                  /*      PIP 'must' have a SMALLER prio ...  */
   \   0000004C   0xF892 0x0032      LDRB     R0,[R2, #+50]
   \   00000050   0x4281             CMP      R1,R0
   \   00000052   0x4648             MOV      R0,R9
   \   00000054   0xDB03             BLT.N    ??OSMutexPend_4
    442                      OS_EXIT_CRITICAL();                            /*      ... than current task!              */
   \   00000056   0x.... 0x....      BL       OS_CPU_SR_Restore
    443                      *perr = OS_ERR_PIP_LOWER;
   \   0000005A   0x2078             MOVS     R0,#+120
   \   0000005C   0xE002             B.N      ??OSMutexPend_0
    444                  } else {
    445                      OS_EXIT_CRITICAL();
   \                     ??OSMutexPend_4: (+1)
   \   0000005E   0x.... 0x....      BL       OS_CPU_SR_Restore
    446                      *perr = OS_ERR_NONE;
   \   00000062   0x2000             MOVS     R0,#+0
   \                     ??OSMutexPend_0: (+1)
   \   00000064   0x7030             STRB     R0,[R6, #+0]
    447                  }
    448                  return;
    449              }
    450              mprio = (INT8U)(pevent->OSEventCnt & OS_MUTEX_KEEP_LOWER_8);  /* No, Get priority of mutex owner   */
    451              ptcb  = (OS_TCB *)(pevent->OSEventPtr);                       /*     Point to TCB of mutex owner   */
    452              if (ptcb->OSTCBPrio > pip) {                                  /*     Need to promote prio of owner?*/
    453                  if (mprio > OSTCBCur->OSTCBPrio) {
    454                      y = ptcb->OSTCBY;
    455                      if ((OSRdyTbl[y] & ptcb->OSTCBBitX) != 0) {           /*     See if mutex owner is ready   */
    456                          OSRdyTbl[y] &= ~ptcb->OSTCBBitX;                  /*     Yes, Remove owner from Rdy ...*/
    457                          if (OSRdyTbl[y] == 0) {                           /*          ... list at current prio */
    458                              OSRdyGrp &= ~ptcb->OSTCBBitY;
    459                          }
    460                          rdy = OS_TRUE;
    461                      } else {
    462                          pevent2 = ptcb->OSTCBEventPtr;
    463                          if (pevent2 != (OS_EVENT *)0) {                   /* Remove from event wait list       */
    464                              if ((pevent2->OSEventTbl[ptcb->OSTCBY] &= ~ptcb->OSTCBBitX) == 0) {
    465                                  pevent2->OSEventGrp &= ~ptcb->OSTCBBitY;
    466                              }
    467                          }
    468                          rdy = OS_FALSE;                            /* No                                       */
    469                      }
    470                      ptcb->OSTCBPrio = pip;                         /* Change owner task prio to PIP            */
    471          #if OS_LOWEST_PRIO <= 63
    472                      ptcb->OSTCBY    = (INT8U)( ptcb->OSTCBPrio >> 3);
    473                      ptcb->OSTCBX    = (INT8U)( ptcb->OSTCBPrio & 0x07);
    474                      ptcb->OSTCBBitY = (INT8U)(1 << ptcb->OSTCBY);
    475                      ptcb->OSTCBBitX = (INT8U)(1 << ptcb->OSTCBX);
    476          #else
    477                      ptcb->OSTCBY    = (INT8U)((ptcb->OSTCBPrio >> 4) & 0xFF);
    478                      ptcb->OSTCBX    = (INT8U)( ptcb->OSTCBPrio & 0x0F);
    479                      ptcb->OSTCBBitY = (INT16U)(1 << ptcb->OSTCBY);
    480                      ptcb->OSTCBBitX = (INT16U)(1 << ptcb->OSTCBX);
    481          #endif
    482                      if (rdy == OS_TRUE) {                          /* If task was ready at owner's priority ...*/
    483                          OSRdyGrp               |= ptcb->OSTCBBitY; /* ... make it ready at new priority.       */
    484                          OSRdyTbl[ptcb->OSTCBY] |= ptcb->OSTCBBitX;
    485                      } else {
    486                          pevent2 = ptcb->OSTCBEventPtr;
    487                          if (pevent2 != (OS_EVENT *)0) {            /* Add to event wait list                   */
    488                              pevent2->OSEventGrp               |= ptcb->OSTCBBitY;
    489                              pevent2->OSEventTbl[ptcb->OSTCBY] |= ptcb->OSTCBBitX;
    490                          }
    491                      }
    492                      OSTCBPrioTbl[pip] = ptcb;
    493                  }
    494              }
    495              OSTCBCur->OSTCBStat     |= OS_STAT_MUTEX;         /* Mutex not available, pend current task        */
    496              OSTCBCur->OSTCBStatPend  = OS_STAT_PEND_OK;
    497              OSTCBCur->OSTCBDly       = timeout;               /* Store timeout in current task's TCB           */
    498              OS_EventTaskWait(pevent);                         /* Suspend task until event or timeout occurs    */
    499              OS_EXIT_CRITICAL();
    500              OS_Sched();                                       /* Find next highest priority task ready         */
    501              OS_ENTER_CRITICAL();
    502              switch (OSTCBCur->OSTCBStatPend) {                /* See if we timed-out or aborted                */
    503                  case OS_STAT_PEND_OK:
    504                       *perr = OS_ERR_NONE;
    505                       break;
    506          
    507                  case OS_STAT_PEND_ABORT:
    508                       *perr = OS_ERR_PEND_ABORT;               /* Indicate that we aborted getting mutex        */
    509                       break;
    510                       
    511                  case OS_STAT_PEND_TO:
    512                  default:
    513                       OS_EventTaskRemove(OSTCBCur, pevent);
    514                       *perr = OS_ERR_TIMEOUT;                  /* Indicate that we didn't get mutex within TO   */
    515                       break;
    516              }
    517              OSTCBCur->OSTCBStat          =  OS_STAT_RDY;      /* Set   task  status to ready                   */
    518              OSTCBCur->OSTCBStatPend      =  OS_STAT_PEND_OK;  /* Clear pend  status                            */
    519              OSTCBCur->OSTCBEventPtr      = (OS_EVENT  *)0;    /* Clear event pointers                          */
    520          #if (OS_EVENT_MULTI_EN > 0)
    521              OSTCBCur->OSTCBEventMultiPtr = (OS_EVENT **)0;
    522          #endif
    523              OS_EXIT_CRITICAL();
    524          }
   \   00000066   0xE8BD 0x87F0      POP      {R4-R10,PC}
   \                     ??OSMutexPend_3: (+1)
   \   0000006A   0x6862             LDR      R2,[R4, #+4]
   \   0000006C   0xF102 0x0332      ADD      R3,R2,#+50
   \   00000070   0x7818             LDRB     R0,[R3, #+0]
   \   00000072   0x4281             CMP      R1,R0
   \   00000074   0xDA71             BGE.N    ??OSMutexPend_5
   \   00000076   0x6828             LDR      R0,[R5, #+0]
   \   00000078   0xF890 0x0032      LDRB     R0,[R0, #+50]
   \   0000007C   0xB2FF             UXTB     R7,R7
   \   0000007E   0x42B8             CMP      R0,R7
   \   00000080   0xD26B             BCS.N    ??OSMutexPend_5
   \   00000082   0xF893 0xE002      LDRB     LR,[R3, #+2]
   \   00000086   0x.... 0x....      LDR.W    R12,??DataTable6_5
   \   0000008A   0x78DF             LDRB     R7,[R3, #+3]
   \   0000008C   0xF81E 0xA00C      LDRB     R10,[LR, R12]
   \   00000090   0xEA1A 0x0F07      TST      R10,R7
   \   00000094   0xD00F             BEQ.N    ??OSMutexPend_6
   \   00000096   0xEA3A 0x0007      BICS     R0,R10,R7
   \   0000009A   0xF80E 0x000C      STRB     R0,[LR, R12]
   \   0000009E   0xD107             BNE.N    ??OSMutexPend_7
   \   000000A0   0x....             LDR.N    R0,??DataTable6_6
   \   000000A2   0x791F             LDRB     R7,[R3, #+4]
   \   000000A4   0xF890 0xE000      LDRB     LR,[R0, #+0]
   \   000000A8   0xEA2E 0x0E07      BIC      LR,LR,R7
   \   000000AC   0xF880 0xE000      STRB     LR,[R0, #+0]
   \                     ??OSMutexPend_7: (+1)
   \   000000B0   0xF04F 0x0E01      MOV      LR,#+1
   \   000000B4   0xE019             B.N      ??OSMutexPend_8
   \                     ??OSMutexPend_6: (+1)
   \   000000B6   0x69D0             LDR      R0,[R2, #+28]
   \   000000B8   0xB1A8             CBZ.N    R0,??OSMutexPend_9
   \   000000BA   0x4486             ADD      LR,LR,R0
   \   000000BC   0xF89E 0xA00B      LDRB     R10,[LR, #+11]
   \   000000C0   0xEA2A 0x0707      BIC      R7,R10,R7
   \   000000C4   0xF88E 0x700B      STRB     R7,[LR, #+11]
   \   000000C8   0xF893 0xE002      LDRB     LR,[R3, #+2]
   \   000000CC   0x4486             ADD      LR,LR,R0
   \   000000CE   0xF89E 0xE00B      LDRB     LR,[LR, #+11]
   \   000000D2   0xF1BE 0x0F00      CMP      LR,#+0
   \   000000D6   0xD106             BNE.N    ??OSMutexPend_9
   \   000000D8   0xF890 0xE00A      LDRB     LR,[R0, #+10]
   \   000000DC   0x791F             LDRB     R7,[R3, #+4]
   \   000000DE   0xEA2E 0x0E07      BIC      LR,LR,R7
   \   000000E2   0xF880 0xE00A      STRB     LR,[R0, #+10]
   \                     ??OSMutexPend_9: (+1)
   \   000000E6   0xF04F 0x0E00      MOV      LR,#+0
   \                     ??OSMutexPend_8: (+1)
   \   000000EA   0x08C8             LSRS     R0,R1,#+3
   \   000000EC   0x7019             STRB     R1,[R3, #+0]
   \   000000EE   0x7098             STRB     R0,[R3, #+2]
   \   000000F0   0xF001 0x0707      AND      R7,R1,#0x7
   \   000000F4   0xF04F 0x0A01      MOV      R10,#+1
   \   000000F8   0x705F             STRB     R7,[R3, #+1]
   \   000000FA   0xFA0A 0xF000      LSL      R0,R10,R0
   \   000000FE   0x7118             STRB     R0,[R3, #+4]
   \   00000100   0xF1BE 0x0F00      CMP      LR,#+0
   \   00000104   0xFA0A 0xF007      LSL      R0,R10,R7
   \   00000108   0x70D8             STRB     R0,[R3, #+3]
   \   0000010A   0xD010             BEQ.N    ??OSMutexPend_10
   \   0000010C   0x....             LDR.N    R0,??DataTable6_6
   \   0000010E   0x791F             LDRB     R7,[R3, #+4]
   \   00000110   0xF890 0xE000      LDRB     LR,[R0, #+0]
   \   00000114   0xEA47 0x0E0E      ORR      LR,R7,LR
   \   00000118   0xF880 0xE000      STRB     LR,[R0, #+0]
   \   0000011C   0x7898             LDRB     R0,[R3, #+2]
   \   0000011E   0x78DB             LDRB     R3,[R3, #+3]
   \   00000120   0xF810 0xE00C      LDRB     LR,[R0, R12]
   \   00000124   0xEA43 0x030E      ORR      R3,R3,LR
   \   00000128   0xF800 0x300C      STRB     R3,[R0, R12]
   \   0000012C   0xE012             B.N      ??OSMutexPend_11
   \                     ??OSMutexPend_10: (+1)
   \   0000012E   0x69D0             LDR      R0,[R2, #+28]
   \   00000130   0xB180             CBZ.N    R0,??OSMutexPend_11
   \   00000132   0xF890 0xC00A      LDRB     R12,[R0, #+10]
   \   00000136   0xF893 0xE004      LDRB     LR,[R3, #+4]
   \   0000013A   0xEA4E 0x0C0C      ORR      R12,LR,R12
   \   0000013E   0xF880 0xC00A      STRB     R12,[R0, #+10]
   \   00000142   0xF893 0xC002      LDRB     R12,[R3, #+2]
   \   00000146   0x78DB             LDRB     R3,[R3, #+3]
   \   00000148   0x4460             ADD      R0,R12,R0
   \   0000014A   0xF890 0xC00B      LDRB     R12,[R0, #+11]
   \   0000014E   0xEA43 0x030C      ORR      R3,R3,R12
   \   00000152   0x72C3             STRB     R3,[R0, #+11]
   \                     ??OSMutexPend_11: (+1)
   \   00000154   0x....             LDR.N    R0,??DataTable6_2
   \   00000156   0xF840 0x2021      STR      R2,[R0, R1, LSL #+2]
   \                     ??OSMutexPend_5: (+1)
   \   0000015A   0x6828             LDR      R0,[R5, #+0]
   \   0000015C   0xF890 0x1030      LDRB     R1,[R0, #+48]
   \   00000160   0xF041 0x0110      ORR      R1,R1,#0x10
   \   00000164   0xF880 0x1030      STRB     R1,[R0, #+48]
   \   00000168   0x2000             MOVS     R0,#+0
   \   0000016A   0x6829             LDR      R1,[R5, #+0]
   \   0000016C   0xF881 0x0031      STRB     R0,[R1, #+49]
   \   00000170   0x6828             LDR      R0,[R5, #+0]
   \   00000172   0xF8A0 0x802E      STRH     R8,[R0, #+46]
   \   00000176   0x4620             MOV      R0,R4
   \   00000178   0x.... 0x....      BL       OS_EventTaskWait
   \   0000017C   0x4648             MOV      R0,R9
   \   0000017E   0x.... 0x....      BL       OS_CPU_SR_Restore
   \   00000182   0x.... 0x....      BL       OS_Sched
   \   00000186   0x.... 0x....      BL       OS_CPU_SR_Save
   \   0000018A   0x4607             MOV      R7,R0
   \   0000018C   0x6828             LDR      R0,[R5, #+0]
   \   0000018E   0xF890 0x1031      LDRB     R1,[R0, #+49]
   \   00000192   0xB111             CBZ.N    R1,??OSMutexPend_12
   \   00000194   0x2902             CMP      R1,#+2
   \   00000196   0xD002             BEQ.N    ??OSMutexPend_13
   \   00000198   0xE003             B.N      ??OSMutexPend_14
   \                     ??OSMutexPend_12: (+1)
   \   0000019A   0x2000             MOVS     R0,#+0
   \   0000019C   0xE005             B.N      ??OSMutexPend_15
   \                     ??OSMutexPend_13: (+1)
   \   0000019E   0x200E             MOVS     R0,#+14
   \   000001A0   0xE003             B.N      ??OSMutexPend_15
   \                     ??OSMutexPend_14: (+1)
   \   000001A2   0x4621             MOV      R1,R4
   \   000001A4   0x.... 0x....      BL       OS_EventTaskRemove
   \   000001A8   0x200A             MOVS     R0,#+10
   \                     ??OSMutexPend_15: (+1)
   \   000001AA   0x7030             STRB     R0,[R6, #+0]
   \   000001AC   0x2000             MOVS     R0,#+0
   \   000001AE   0x6829             LDR      R1,[R5, #+0]
   \   000001B0   0xF881 0x0030      STRB     R0,[R1, #+48]
   \   000001B4   0x6829             LDR      R1,[R5, #+0]
   \   000001B6   0xF881 0x0031      STRB     R0,[R1, #+49]
   \   000001BA   0x2100             MOVS     R1,#+0
   \   000001BC   0x6828             LDR      R0,[R5, #+0]
   \   000001BE   0x61C1             STR      R1,[R0, #+28]
   \   000001C0   0x6201             STR      R1,[R0, #+32]
   \   000001C2   0x4638             MOV      R0,R7
   \   000001C4   0xE8BD 0x47F0      POP      {R4-R10,LR}
   \   000001C8   0x.... 0x....      B.W      OS_CPU_SR_Restore
    525          /*$PAGE*/
    526          /*
    527          *********************************************************************************************************
    528          *                                  POST TO A MUTUAL EXCLUSION SEMAPHORE
    529          *
    530          * Description: This function signals a mutual exclusion semaphore
    531          *
    532          * Arguments  : pevent              is a pointer to the event control block associated with the desired
    533          *                                  mutex.
    534          *
    535          * Returns    : OS_ERR_NONE             The call was successful and the mutex was signaled.
    536          *              OS_ERR_EVENT_TYPE       If you didn't pass a pointer to a mutex
    537          *              OS_ERR_PEVENT_NULL      'pevent' is a NULL pointer
    538          *              OS_ERR_POST_ISR         Attempted to post from an ISR (not valid for MUTEXes)
    539          *              OS_ERR_NOT_MUTEX_OWNER  The task that did the post is NOT the owner of the MUTEX.
    540          *              OS_ERR_PIP_LOWER        If the priority of the new task that owns the Mutex is
    541          *                                      HIGHER (i.e. a lower number) than the PIP.  This error
    542          *                                      indicates that you did not set the PIP higher (lower
    543          *                                      number) than ALL the tasks that compete for the Mutex.
    544          *                                      Unfortunately, this is something that could not be
    545          *                                      detected when the Mutex is created because we don't know
    546          *                                      what tasks will be using the Mutex.
    547          *********************************************************************************************************
    548          */
    549          

   \                                 In section .text, align 2, keep-with-next
    550          INT8U  OSMutexPost (OS_EVENT *pevent)
    551          {
   \                     OSMutexPost: (+1)
   \   00000000   0xB5F8             PUSH     {R3-R7,LR}
   \   00000002   0x4604             MOV      R4,R0
    552              INT8U      pip;                                   /* Priority inheritance priority                 */
    553              INT8U      prio;
    554          #if OS_CRITICAL_METHOD == 3                           /* Allocate storage for CPU status register      */
    555              OS_CPU_SR  cpu_sr = 0;
    556          #endif
    557          
    558          
    559          
    560              if (OSIntNesting > 0) {                           /* See if called from ISR ...                    */
   \   00000004   0x....             LDR.N    R0,??DataTable6
   \   00000006   0x7800             LDRB     R0,[R0, #+0]
   \   00000008   0xB108             CBZ.N    R0,??OSMutexPost_0
    561                  return (OS_ERR_POST_ISR);                     /* ... can't POST mutex from an ISR              */
   \   0000000A   0x2005             MOVS     R0,#+5
   \   0000000C   0xBDF2             POP      {R1,R4-R7,PC}
    562              }
    563          #if OS_ARG_CHK_EN > 0
    564              if (pevent == (OS_EVENT *)0) {                    /* Validate 'pevent'                             */
    565                  return (OS_ERR_PEVENT_NULL);
    566              }
    567          #endif
    568              if (pevent->OSEventType != OS_EVENT_TYPE_MUTEX) { /* Validate event block type                     */
   \                     ??OSMutexPost_0: (+1)
   \   0000000E   0x7820             LDRB     R0,[R4, #+0]
   \   00000010   0x2804             CMP      R0,#+4
   \   00000012   0xD001             BEQ.N    ??OSMutexPost_1
    569                  return (OS_ERR_EVENT_TYPE);
   \   00000014   0x2001             MOVS     R0,#+1
   \   00000016   0xBDF2             POP      {R1,R4-R7,PC}
    570              }
    571              OS_ENTER_CRITICAL();
   \                     ??OSMutexPost_1: (+1)
   \   00000018   0x.... 0x....      BL       OS_CPU_SR_Save
    572              pip  = (INT8U)(pevent->OSEventCnt >> 8);          /* Get priority inheritance priority of mutex    */
    573              prio = (INT8U)(pevent->OSEventCnt & OS_MUTEX_KEEP_LOWER_8);  /* Get owner's original priority      */
    574              if (OSTCBCur != (OS_TCB *)pevent->OSEventPtr) {   /* See if posting task owns the MUTEX            */
   \   0000001C   0x....             LDR.N    R1,??DataTable6_1
   \   0000001E   0x680A             LDR      R2,[R1, #+0]
   \   00000020   0x6861             LDR      R1,[R4, #+4]
   \   00000022   0x4605             MOV      R5,R0
   \   00000024   0x8920             LDRH     R0,[R4, #+8]
   \   00000026   0x0A06             LSRS     R6,R0,#+8
   \   00000028   0x428A             CMP      R2,R1
   \   0000002A   0xB2C0             UXTB     R0,R0
   \   0000002C   0xD004             BEQ.N    ??OSMutexPost_2
    575                  OS_EXIT_CRITICAL();
   \   0000002E   0x4628             MOV      R0,R5
   \   00000030   0x.... 0x....      BL       OS_CPU_SR_Restore
    576                  return (OS_ERR_NOT_MUTEX_OWNER);
   \   00000034   0x2064             MOVS     R0,#+100
   \   00000036   0xBDF2             POP      {R1,R4-R7,PC}
    577              }
    578              if (OSTCBCur->OSTCBPrio == pip) {                 /* Did we have to raise current task's priority? */
   \                     ??OSMutexPost_2: (+1)
   \   00000038   0xF892 0x1032      LDRB     R1,[R2, #+50]
   \   0000003C   0x42B1             CMP      R1,R6
   \   0000003E   0xD103             BNE.N    ??OSMutexPost_3
    579                  OSMutex_RdyAtPrio(OSTCBCur, prio);            /* Restore the task's original priority          */
   \   00000040   0x4601             MOV      R1,R0
   \   00000042   0x4610             MOV      R0,R2
   \   00000044   0x.... 0x....      BL       OSMutex_RdyAtPrio
    580              }
    581              OSTCBPrioTbl[pip] = OS_TCB_RESERVED;              /* Reserve table entry                           */
   \                     ??OSMutexPost_3: (+1)
   \   00000048   0x....             LDR.N    R7,??DataTable6_2
   \   0000004A   0x2001             MOVS     R0,#+1
   \   0000004C   0xF847 0x0026      STR      R0,[R7, R6, LSL #+2]
    582              if (pevent->OSEventGrp != 0) {                    /* Any task waiting for the mutex?               */
   \   00000050   0x7AA0             LDRB     R0,[R4, #+10]
   \   00000052   0xB1D8             CBZ.N    R0,??OSMutexPost_4
    583                                                                /* Yes, Make HPT waiting for mutex ready         */
    584                  prio                = OS_EventTaskRdy(pevent, (void *)0, OS_STAT_MUTEX, OS_STAT_PEND_OK);
   \   00000054   0x2300             MOVS     R3,#+0
   \   00000056   0x2210             MOVS     R2,#+16
   \   00000058   0x2100             MOVS     R1,#+0
   \   0000005A   0x4620             MOV      R0,R4
   \   0000005C   0x.... 0x....      BL       OS_EventTaskRdy
    585                  pevent->OSEventCnt &= OS_MUTEX_KEEP_UPPER_8;  /*      Save priority of mutex's new owner       */
    586                  pevent->OSEventCnt |= prio;
   \   00000060   0x8921             LDRH     R1,[R4, #+8]
   \   00000062   0xF401 0x417F      AND      R1,R1,#0xFF00
   \   00000066   0x4301             ORRS     R1,R0,R1
   \   00000068   0x8121             STRH     R1,[R4, #+8]
    587                  pevent->OSEventPtr  = OSTCBPrioTbl[prio];     /*      Link to new mutex owner's OS_TCB         */
    588                  if (prio <= pip) {                            /*      PIP 'must' have a SMALLER prio ...       */
   \   0000006A   0x4286             CMP      R6,R0
   \   0000006C   0xF857 0x1020      LDR      R1,[R7, R0, LSL #+2]
   \   00000070   0x6061             STR      R1,[R4, #+4]
   \   00000072   0x4628             MOV      R0,R5
   \   00000074   0xDB05             BLT.N    ??OSMutexPost_5
    589                      OS_EXIT_CRITICAL();                       /*      ... than current task!                   */
   \   00000076   0x.... 0x....      BL       OS_CPU_SR_Restore
    590                      OS_Sched();                               /*      Find highest priority task ready to run  */
   \   0000007A   0x.... 0x....      BL       OS_Sched
    591                      return (OS_ERR_PIP_LOWER);
   \   0000007E   0x2078             MOVS     R0,#+120
   \   00000080   0xBDF2             POP      {R1,R4-R7,PC}
    592                  } else {
    593                      OS_EXIT_CRITICAL();
   \                     ??OSMutexPost_5: (+1)
   \   00000082   0x.... 0x....      BL       OS_CPU_SR_Restore
    594                      OS_Sched();                               /*      Find highest priority task ready to run  */
   \   00000086   0x.... 0x....      BL       OS_Sched
    595                      return (OS_ERR_NONE);
   \   0000008A   0xE008             B.N      ??OSMutexPost_6
    596                  }
    597              }
    598              pevent->OSEventCnt |= OS_MUTEX_AVAILABLE;         /* No,  Mutex is now available                   */
   \                     ??OSMutexPost_4: (+1)
   \   0000008C   0x8920             LDRH     R0,[R4, #+8]
   \   0000008E   0xF040 0x00FF      ORR      R0,R0,#0xFF
   \   00000092   0x8120             STRH     R0,[R4, #+8]
    599              pevent->OSEventPtr  = (void *)0;
   \   00000094   0x2000             MOVS     R0,#+0
   \   00000096   0x6060             STR      R0,[R4, #+4]
    600              OS_EXIT_CRITICAL();
   \   00000098   0x4628             MOV      R0,R5
   \   0000009A   0x.... 0x....      BL       OS_CPU_SR_Restore
    601              return (OS_ERR_NONE);
   \                     ??OSMutexPost_6: (+1)
   \   0000009E   0x2000             MOVS     R0,#+0
   \   000000A0   0xBDF2             POP      {R1,R4-R7,PC}    ;; return
    602          }
    603          /*$PAGE*/
    604          /*
    605          *********************************************************************************************************
    606          *                                     QUERY A MUTUAL EXCLUSION SEMAPHORE
    607          *
    608          * Description: This function obtains information about a mutex
    609          *
    610          * Arguments  : pevent          is a pointer to the event control block associated with the desired mutex
    611          *
    612          *              p_mutex_data    is a pointer to a structure that will contain information about the mutex
    613          *
    614          * Returns    : OS_ERR_NONE          The call was successful and the message was sent
    615          *              OS_ERR_QUERY_ISR     If you called this function from an ISR
    616          *              OS_ERR_PEVENT_NULL   If 'pevent'       is a NULL pointer
    617          *              OS_ERR_PDATA_NULL    If 'p_mutex_data' is a NULL pointer
    618          *              OS_ERR_EVENT_TYPE    If you are attempting to obtain data from a non mutex.
    619          *********************************************************************************************************
    620          */
    621          
    622          #if OS_MUTEX_QUERY_EN > 0

   \                                 In section .text, align 2, keep-with-next
    623          INT8U  OSMutexQuery (OS_EVENT *pevent, OS_MUTEX_DATA *p_mutex_data)
    624          {
   \                     OSMutexQuery: (+1)
   \   00000000   0xB538             PUSH     {R3-R5,LR}
   \   00000002   0x4605             MOV      R5,R0
    625              INT8U      i;
    626          #if OS_LOWEST_PRIO <= 63
    627              INT8U     *psrc;
    628              INT8U     *pdest;
    629          #else
    630              INT16U    *psrc;
    631              INT16U    *pdest;
    632          #endif
    633          #if OS_CRITICAL_METHOD == 3                      /* Allocate storage for CPU status register           */
    634              OS_CPU_SR  cpu_sr = 0;
    635          #endif
    636          
    637          
    638          
    639              if (OSIntNesting > 0) {                                /* See if called from ISR ...               */
   \   00000004   0x....             LDR.N    R0,??DataTable6
   \   00000006   0x7800             LDRB     R0,[R0, #+0]
   \   00000008   0x460C             MOV      R4,R1
   \   0000000A   0xB108             CBZ.N    R0,??OSMutexQuery_0
    640                  return (OS_ERR_QUERY_ISR);                         /* ... can't QUERY mutex from an ISR        */
   \   0000000C   0x2006             MOVS     R0,#+6
   \   0000000E   0xBD32             POP      {R1,R4,R5,PC}
    641              }
    642          #if OS_ARG_CHK_EN > 0
    643              if (pevent == (OS_EVENT *)0) {                         /* Validate 'pevent'                        */
    644                  return (OS_ERR_PEVENT_NULL);
    645              }
    646              if (p_mutex_data == (OS_MUTEX_DATA *)0) {              /* Validate 'p_mutex_data'                  */
    647                  return (OS_ERR_PDATA_NULL);
    648              }
    649          #endif
    650              if (pevent->OSEventType != OS_EVENT_TYPE_MUTEX) {      /* Validate event block type                */
   \                     ??OSMutexQuery_0: (+1)
   \   00000010   0x7828             LDRB     R0,[R5, #+0]
   \   00000012   0x2804             CMP      R0,#+4
   \   00000014   0xD001             BEQ.N    ??OSMutexQuery_1
    651                  return (OS_ERR_EVENT_TYPE);
   \   00000016   0x2001             MOVS     R0,#+1
   \   00000018   0xBD32             POP      {R1,R4,R5,PC}
    652              }
    653              OS_ENTER_CRITICAL();
   \                     ??OSMutexQuery_1: (+1)
   \   0000001A   0x.... 0x....      BL       OS_CPU_SR_Save
    654              p_mutex_data->OSMutexPIP  = (INT8U)(pevent->OSEventCnt >> 8);
   \   0000001E   0x8929             LDRH     R1,[R5, #+8]
   \   00000020   0x0A09             LSRS     R1,R1,#+8
   \   00000022   0x71E1             STRB     R1,[R4, #+7]
    655              p_mutex_data->OSOwnerPrio = (INT8U)(pevent->OSEventCnt & OS_MUTEX_KEEP_LOWER_8);
   \   00000024   0x8929             LDRH     R1,[R5, #+8]
   \   00000026   0x71A1             STRB     R1,[R4, #+6]
    656              if (p_mutex_data->OSOwnerPrio == 0xFF) {
   \   00000028   0x79A1             LDRB     R1,[R4, #+6]
   \   0000002A   0x29FF             CMP      R1,#+255
   \   0000002C   0xBF0C             ITE      EQ 
   \   0000002E   0x2101             MOVEQ    R1,#+1
   \   00000030   0x2100             MOVNE    R1,#+0
    657                  p_mutex_data->OSValue = OS_TRUE;
    658              } else {
    659                  p_mutex_data->OSValue = OS_FALSE;
   \   00000032   0x7161             STRB     R1,[R4, #+5]
    660              }
    661              p_mutex_data->OSEventGrp  = pevent->OSEventGrp;        /* Copy wait list                           */
   \   00000034   0x7AA9             LDRB     R1,[R5, #+10]
   \   00000036   0x7121             STRB     R1,[R4, #+4]
    662              psrc                      = &pevent->OSEventTbl[0];
   \   00000038   0xF105 0x010B      ADD      R1,R5,#+11
    663              pdest                     = &p_mutex_data->OSEventTbl[0];
    664              for (i = 0; i < OS_EVENT_TBL_SIZE; i++) {
    665                  *pdest++ = *psrc++;
   \   0000003C   0x780A             LDRB     R2,[R1, #+0]
   \   0000003E   0x7022             STRB     R2,[R4, #+0]
   \   00000040   0x784A             LDRB     R2,[R1, #+1]
   \   00000042   0x7062             STRB     R2,[R4, #+1]
   \   00000044   0x788A             LDRB     R2,[R1, #+2]
   \   00000046   0x70A2             STRB     R2,[R4, #+2]
   \   00000048   0x78C9             LDRB     R1,[R1, #+3]
   \   0000004A   0x70E1             STRB     R1,[R4, #+3]
    666              }
    667              OS_EXIT_CRITICAL();
   \   0000004C   0x.... 0x....      BL       OS_CPU_SR_Restore
    668              return (OS_ERR_NONE);
   \   00000050   0x2000             MOVS     R0,#+0
   \   00000052   0xBD32             POP      {R1,R4,R5,PC}    ;; return
    669          }
    670          #endif                                                     /* OS_MUTEX_QUERY_EN                        */
    671          
    672          /*$PAGE*/
    673          /*
    674          *********************************************************************************************************
    675          *                                RESTORE A TASK BACK TO ITS ORIGINAL PRIORITY
    676          *
    677          * Description: This function makes a task ready at the specified priority
    678          *
    679          * Arguments  : ptcb            is a pointer to OS_TCB of the task to make ready
    680          *
    681          *              prio            is the desired priority
    682          *
    683          * Returns    : none
    684          *********************************************************************************************************
    685          */
    686          

   \                                 In section .text, align 2, keep-with-next
    687          static  void  OSMutex_RdyAtPrio (OS_TCB *ptcb, INT8U prio)
    688          {
   \                     OSMutex_RdyAtPrio: (+1)
   \   00000000   0xB4F0             PUSH     {R4-R7}
    689              INT8U   y;
    690          
    691          
    692              y            =  ptcb->OSTCBY;                          /* Remove owner from ready list at 'pip'    */
   \   00000002   0xF100 0x0232      ADD      R2,R0,#+50
    693              OSRdyTbl[y] &= ~ptcb->OSTCBBitX;
   \   00000006   0x....             LDR.N    R3,??DataTable6_5
   \   00000008   0x7894             LDRB     R4,[R2, #+2]
   \   0000000A   0x78D6             LDRB     R6,[R2, #+3]
   \   0000000C   0x5CE5             LDRB     R5,[R4, R3]
   \   0000000E   0x43B5             BICS     R5,R5,R6
   \   00000010   0x54E5             STRB     R5,[R4, R3]
    694              if (OSRdyTbl[y] == 0) {
   \   00000012   0x....             LDR.N    R4,??DataTable6_6
   \   00000014   0xD103             BNE.N    ??OSMutex_RdyAtPrio_0
    695                  OSRdyGrp &= ~ptcb->OSTCBBitY;
   \   00000016   0x7825             LDRB     R5,[R4, #+0]
   \   00000018   0x7916             LDRB     R6,[R2, #+4]
   \   0000001A   0x43B5             BICS     R5,R5,R6
   \   0000001C   0x7025             STRB     R5,[R4, #+0]
    696              }
    697              ptcb->OSTCBPrio         = prio;
    698          #if OS_LOWEST_PRIO <= 63
    699              ptcb->OSTCBY            = (INT8U)((prio >> (INT8U)3) & (INT8U)0x07);
    700              ptcb->OSTCBX            = (INT8U) (prio & (INT8U)0x07);
   \                     ??OSMutex_RdyAtPrio_0: (+1)
   \   0000001E   0xF001 0x0607      AND      R6,R1,#0x7
   \   00000022   0xF3C1 0x05C2      UBFX     R5,R1,#+3,#+3
   \   00000026   0x7056             STRB     R6,[R2, #+1]
   \   00000028   0x7095             STRB     R5,[R2, #+2]
    701              ptcb->OSTCBBitY         = (INT8U)(1 << ptcb->OSTCBY);
   \   0000002A   0x2701             MOVS     R7,#+1
    702              ptcb->OSTCBBitX         = (INT8U)(1 << ptcb->OSTCBX);
   \   0000002C   0xFA07 0xF606      LSL      R6,R7,R6
   \   00000030   0xFA07 0xF505      LSL      R5,R7,R5
   \   00000034   0x70D6             STRB     R6,[R2, #+3]
   \   00000036   0x7011             STRB     R1,[R2, #+0]
   \   00000038   0x7115             STRB     R5,[R2, #+4]
    703          #else
    704              ptcb->OSTCBY            = (INT8U)((prio >> (INT8U)4) & (INT8U)0x0F);
    705              ptcb->OSTCBX            = (INT8U) (prio & (INT8U)0x0F);
    706              ptcb->OSTCBBitY         = (INT16U)(1 << ptcb->OSTCBY);
    707              ptcb->OSTCBBitX         = (INT16U)(1 << ptcb->OSTCBX);
    708          #endif
    709              OSRdyGrp               |= ptcb->OSTCBBitY;             /* Make task ready at original priority     */
   \   0000003A   0x7826             LDRB     R6,[R4, #+0]
   \   0000003C   0x4335             ORRS     R5,R5,R6
   \   0000003E   0x7025             STRB     R5,[R4, #+0]
   \   00000040   0x7894             LDRB     R4,[R2, #+2]
   \   00000042   0x78D2             LDRB     R2,[R2, #+3]
   \   00000044   0x5CE5             LDRB     R5,[R4, R3]
   \   00000046   0x432A             ORRS     R2,R2,R5
   \   00000048   0x54E2             STRB     R2,[R4, R3]
    710              OSRdyTbl[ptcb->OSTCBY] |= ptcb->OSTCBBitX;
    711              OSTCBPrioTbl[prio]      = ptcb;
   \   0000004A   0x....             LDR.N    R2,??DataTable6_2
   \   0000004C   0xF842 0x0021      STR      R0,[R2, R1, LSL #+2]
    712          }
   \   00000050   0xBCF0             POP      {R4-R7}
   \   00000052   0x4770             BX       LR               ;; return

   \                                 In section .text, align 4, keep-with-next
   \                     ??DataTable6:
   \   00000000   0x........         DC32     OSIntNesting

   \                                 In section .text, align 4, keep-with-next
   \                     ??DataTable6_1:
   \   00000000   0x........         DC32     OSTCBCur

   \                                 In section .text, align 4, keep-with-next
   \                     ??DataTable6_2:
   \   00000000   0x........         DC32     OSTCBPrioTbl

   \                                 In section .text, align 4, keep-with-next
   \                     ??DataTable6_3:
   \   00000000   0x........         DC32     OSEventFreeList

   \                                 In section .text, align 4, keep-with-next
   \                     ??DataTable6_4:
   \   00000000   0x........         DC32     OSLockNesting

   \                                 In section .text, align 4, keep-with-next
   \                     ??DataTable6_5:
   \   00000000   0x........         DC32     OSRdyTbl

   \                                 In section .text, align 4, keep-with-next
   \                     ??DataTable6_6:
   \   00000000   0x........         DC32     OSRdyGrp
    713          
    714          
    715          #endif                                                     /* OS_MUTEX_EN                              */

   Maximum stack usage in bytes:

   .cstack Function
   ------- --------
      16   OSMutexAccept
        16   -> OS_CPU_SR_Restore
        16   -> OS_CPU_SR_Save
      24   OSMutexCreate
        24   -> OS_CPU_SR_Restore
        24   -> OS_CPU_SR_Save
        24   -> OS_EventWaitListInit
      24   OSMutexDel
        24   -> OSMutex_RdyAtPrio
        24   -> OS_CPU_SR_Restore
        24   -> OS_CPU_SR_Save
        24   -> OS_EventTaskRdy
        24   -> OS_Sched
      32   OSMutexPend
         0   -> OS_CPU_SR_Restore
        32   -> OS_CPU_SR_Restore
        32   -> OS_CPU_SR_Save
        32   -> OS_EventTaskRemove
        32   -> OS_EventTaskWait
        32   -> OS_Sched
      24   OSMutexPost
        24   -> OSMutex_RdyAtPrio
        24   -> OS_CPU_SR_Restore
        24   -> OS_CPU_SR_Save
        24   -> OS_EventTaskRdy
        24   -> OS_Sched
      16   OSMutexQuery
        16   -> OS_CPU_SR_Restore
        16   -> OS_CPU_SR_Save
      16   OSMutex_RdyAtPrio


   Section sizes:

   Bytes  Function/Label
   -----  --------------
       4  ??DataTable6
       4  ??DataTable6_1
       4  ??DataTable6_2
       4  ??DataTable6_3
       4  ??DataTable6_4
       4  ??DataTable6_5
       4  ??DataTable6_6
     106  OSMutexAccept
     122  OSMutexCreate
     230  OSMutexDel
     460  OSMutexPend
     162  OSMutexPost
      84  OSMutexQuery
      84  OSMutex_RdyAtPrio

 
 1 276 bytes in section .text
 
 1 276 bytes of CODE memory

Errors: none
Warnings: none
