###############################################################################
#
# IAR ANSI C/C++ Compiler V7.50.2.10312/W32 for ARM       09/Feb/2018  16:15:01
# Copyright 1999-2015 IAR Systems AB.
#
#    Cpu mode     =  thumb
#    Endian       =  little
#    Source file  =  
#        E:\HW Projects\ControlHome\CntrHome - RF69w\uCOS-II\Source\os_mbox.c
#    Command line =  
#        "E:\HW Projects\ControlHome\CntrHome - RF69w\uCOS-II\Source\os_mbox.c"
#        -lCN "E:\HW Projects\ControlHome\CntrHome - RF69w\Debug\List" -o
#        "E:\HW Projects\ControlHome\CntrHome - RF69w\Debug\Obj" --debug
#        --endian=little --cpu=Cortex-M3 -e --fpu=None --dlib_config
#        "C:\Program Files (x86)\IAR Systems\Embedded Workbench
#        7.3\arm\INC\c\DLib_Config_Normal.h" -I "E:\HW
#        Projects\ControlHome\CntrHome - RF69w\" -I "E:\HW
#        Projects\ControlHome\CntrHome - RF69w\APP\" -I "E:\HW
#        Projects\ControlHome\CntrHome - RF69w\BSP\" -I "E:\HW
#        Projects\ControlHome\CntrHome - RF69w\CPU\inc\" -I "E:\HW
#        Projects\ControlHome\CntrHome - RF69w\uC-CPU\" -I "E:\HW
#        Projects\ControlHome\CntrHome - RF69w\uC-RTC\" -I "E:\HW
#        Projects\ControlHome\CntrHome - RF69w\uC-LIB\" -I "E:\HW
#        Projects\ControlHome\CntrHome - RF69w\uCOS-II\Ports\" -I "E:\HW
#        Projects\ControlHome\CntrHome - RF69w\uCOS-II\Source\" -I "E:\HW
#        Projects\ControlHome\CntrHome - RF69w\I2C-Out\" -I "E:\HW
#        Projects\ControlHome\CntrHome - RF69w\Direct_Sw\" -I "E:\HW
#        Projects\ControlHome\CntrHome - RF69w\Wdt_led\" -I "E:\HW
#        Projects\ControlHome\CntrHome - RF69w\uC-LCD\" -I "E:\HW
#        Projects\ControlHome\CntrHome - RF69w\uC-RF\" -I "E:\HW
#        Projects\ControlHome\CntrHome - RF69w\uC-FatFS\" -I "E:\HW
#        Projects\ControlHome\CntrHome - RF69w\uC-FatFS\api\" -I "E:\HW
#        Projects\ControlHome\CntrHome - RF69w\uC-FatFS\config\" -I "E:\HW
#        Projects\ControlHome\CntrHome - RF69w\uC-FatFS\os\" -I "E:\HW
#        Projects\ControlHome\CntrHome - RF69w\uC-FatFS\fsl\fat\" -I "E:\HW
#        Projects\ControlHome\CntrHome - RF69w\uC-FatFS\clib\" -I "E:\HW
#        Projects\ControlHome\CntrHome - RF69w\uC-FatFS\lbl\" -I "E:\HW
#        Projects\ControlHome\CntrHome - RF69w\uC-FatFS\device\mmc\" -I "E:\HW
#        Projects\ControlHome\CntrHome - RF69w\uC-FatFS\file\" -I "E:\HW
#        Projects\ControlHome\CntrHome - RF69w\uC-Terminal\src\" -I "E:\HW
#        Projects\ControlHome\CntrHome - RF69w\uC-Terminal\inc\" -Oh
#    List file    =  
#        E:\HW Projects\ControlHome\CntrHome - RF69w\Debug\List\os_mbox.lst
#    Object file  =  
#        E:\HW Projects\ControlHome\CntrHome - RF69w\Debug\Obj\os_mbox.o
#
###############################################################################

E:\HW Projects\ControlHome\CntrHome - RF69w\uCOS-II\Source\os_mbox.c
      1          /*
      2          *********************************************************************************************************
      3          *                                                uC/OS-II
      4          *                                          The Real-Time Kernel
      5          *                                       MESSAGE MAILBOX MANAGEMENT
      6          *
      7          *                              (c) Copyright 1992-2007, Micrium, Weston, FL
      8          *                                           All Rights Reserved
      9          *
     10          * File    : OS_MBOX.C
     11          * By      : Jean J. Labrosse
     12          * Version : V2.86
     13          *
     14          * LICENSING TERMS:
     15          * ---------------
     16          *   uC/OS-II is provided in source form for FREE evaluation, for educational use or for peaceful research.  
     17          * If you plan on using  uC/OS-II  in a commercial product you need to contact Micriµm to properly license 
     18          * its use in your product. We provide ALL the source code for your convenience and to help you experience 
     19          * uC/OS-II.   The fact that the  source is provided does  NOT  mean that you can use it without  paying a 
     20          * licensing fee.
     21          *********************************************************************************************************
     22          */
     23          
     24          #ifndef  OS_MASTER_FILE
     25          #include <ucos_ii.h>
     26          #endif
     27          
     28          #if OS_MBOX_EN > 0
     29          /*
     30          *********************************************************************************************************
     31          *                                     ACCEPT MESSAGE FROM MAILBOX
     32          *
     33          * Description: This function checks the mailbox to see if a message is available.  Unlike OSMboxPend(),
     34          *              OSMboxAccept() does not suspend the calling task if a message is not available.
     35          *
     36          * Arguments  : pevent        is a pointer to the event control block
     37          *
     38          * Returns    : != (void *)0  is the message in the mailbox if one is available.  The mailbox is cleared
     39          *                            so the next time OSMboxAccept() is called, the mailbox will be empty.
     40          *              == (void *)0  if the mailbox is empty or,
     41          *                            if 'pevent' is a NULL pointer or,
     42          *                            if you didn't pass the proper event pointer.
     43          *********************************************************************************************************
     44          */
     45          
     46          #if OS_MBOX_ACCEPT_EN > 0

   \                                 In section .text, align 2, keep-with-next
     47          void  *OSMboxAccept (OS_EVENT *pevent)
     48          {
   \                     OSMboxAccept: (+1)
   \   00000000   0xB538             PUSH     {R3-R5,LR}
   \   00000002   0x4604             MOV      R4,R0
     49              void      *pmsg;
     50          #if OS_CRITICAL_METHOD == 3                               /* Allocate storage for CPU status register  */
     51              OS_CPU_SR  cpu_sr = 0;
     52          #endif
     53          
     54          
     55          
     56          #if OS_ARG_CHK_EN > 0
     57              if (pevent == (OS_EVENT *)0) {                        /* Validate 'pevent'                         */
     58                  return ((void *)0);
     59              }
     60          #endif
     61              if (pevent->OSEventType != OS_EVENT_TYPE_MBOX) {      /* Validate event block type                 */
   \   00000004   0x7820             LDRB     R0,[R4, #+0]
   \   00000006   0x2801             CMP      R0,#+1
   \   00000008   0xD001             BEQ.N    ??OSMboxAccept_0
     62                  return ((void *)0);
   \   0000000A   0x2000             MOVS     R0,#+0
   \   0000000C   0xBD32             POP      {R1,R4,R5,PC}
     63              }
     64              OS_ENTER_CRITICAL();
   \                     ??OSMboxAccept_0: (+1)
   \   0000000E   0x.... 0x....      BL       OS_CPU_SR_Save
     65              pmsg               = pevent->OSEventPtr;
   \   00000012   0x6865             LDR      R5,[R4, #+4]
     66              pevent->OSEventPtr = (void *)0;                       /* Clear the mailbox                         */
   \   00000014   0x2100             MOVS     R1,#+0
   \   00000016   0x6061             STR      R1,[R4, #+4]
     67              OS_EXIT_CRITICAL();
   \   00000018   0x.... 0x....      BL       OS_CPU_SR_Restore
     68              return (pmsg);                                        /* Return the message received (or NULL)     */
   \   0000001C   0x4628             MOV      R0,R5
   \   0000001E   0xBD32             POP      {R1,R4,R5,PC}    ;; return
     69          }
     70          #endif
     71          /*$PAGE*/
     72          /*
     73          *********************************************************************************************************
     74          *                                        CREATE A MESSAGE MAILBOX
     75          *
     76          * Description: This function creates a message mailbox if free event control blocks are available.
     77          *
     78          * Arguments  : pmsg          is a pointer to a message that you wish to deposit in the mailbox.  If
     79          *                            you set this value to the NULL pointer (i.e. (void *)0) then the mailbox
     80          *                            will be considered empty.
     81          *
     82          * Returns    : != (OS_EVENT *)0  is a pointer to the event control clock (OS_EVENT) associated with the
     83          *                                created mailbox
     84          *              == (OS_EVENT *)0  if no event control blocks were available
     85          *********************************************************************************************************
     86          */
     87          

   \                                 In section .text, align 2, keep-with-next
     88          OS_EVENT  *OSMboxCreate (void *pmsg)
     89          {
   \                     OSMboxCreate: (+1)
   \   00000000   0xB538             PUSH     {R3-R5,LR}
   \   00000002   0x4604             MOV      R4,R0
     90              OS_EVENT  *pevent;
     91          #if OS_CRITICAL_METHOD == 3                      /* Allocate storage for CPU status register           */
     92              OS_CPU_SR  cpu_sr = 0;
     93          #endif
     94          
     95          
     96          
     97              if (OSIntNesting > 0) {                      /* See if called from ISR ...                         */
   \   00000004   0x....             LDR.N    R0,??DataTable2
   \   00000006   0x7800             LDRB     R0,[R0, #+0]
   \   00000008   0xB108             CBZ.N    R0,??OSMboxCreate_0
     98                  return ((OS_EVENT *)0);                  /* ... can't CREATE from an ISR                       */
   \   0000000A   0x2000             MOVS     R0,#+0
   \   0000000C   0xBD32             POP      {R1,R4,R5,PC}
     99              }
    100              OS_ENTER_CRITICAL();
   \                     ??OSMboxCreate_0: (+1)
   \   0000000E   0x.... 0x....      BL       OS_CPU_SR_Save
    101              pevent = OSEventFreeList;                    /* Get next free event control block                  */
   \   00000012   0x....             LDR.N    R1,??DataTable2_1
   \   00000014   0x680A             LDR      R2,[R1, #+0]
   \   00000016   0x0015             MOVS     R5,R2
    102              if (OSEventFreeList != (OS_EVENT *)0) {      /* See if pool of free ECB pool was empty             */
   \   00000018   0xBF1C             ITT      NE 
   \   0000001A   0x6852             LDRNE    R2,[R2, #+4]
   \   0000001C   0x600A             STRNE    R2,[R1, #+0]
    103                  OSEventFreeList = (OS_EVENT *)OSEventFreeList->OSEventPtr;
    104              }
    105              OS_EXIT_CRITICAL();
   \   0000001E   0x.... 0x....      BL       OS_CPU_SR_Restore
    106              if (pevent != (OS_EVENT *)0) {
   \   00000022   0xB15D             CBZ.N    R5,??OSMboxCreate_1
    107                  pevent->OSEventType    = OS_EVENT_TYPE_MBOX;
   \   00000024   0x2001             MOVS     R0,#+1
   \   00000026   0x7028             STRB     R0,[R5, #+0]
    108                  pevent->OSEventCnt     = 0;
    109                  pevent->OSEventPtr     = pmsg;           /* Deposit message in event control block             */
   \   00000028   0x606C             STR      R4,[R5, #+4]
   \   0000002A   0x2000             MOVS     R0,#+0
   \   0000002C   0x8128             STRH     R0,[R5, #+8]
    110          #if OS_EVENT_NAME_SIZE > 1
    111                  pevent->OSEventName[0] = '?';
   \   0000002E   0x203F             MOVS     R0,#+63
   \   00000030   0x73E8             STRB     R0,[R5, #+15]
    112                  pevent->OSEventName[1] = OS_ASCII_NUL;
   \   00000032   0x2000             MOVS     R0,#+0
   \   00000034   0x7428             STRB     R0,[R5, #+16]
    113          #endif
    114                  OS_EventWaitListInit(pevent);
   \   00000036   0x4628             MOV      R0,R5
   \   00000038   0x.... 0x....      BL       OS_EventWaitListInit
    115              }
    116              return (pevent);                             /* Return pointer to event control block              */
   \                     ??OSMboxCreate_1: (+1)
   \   0000003C   0x4628             MOV      R0,R5
   \   0000003E   0xBD32             POP      {R1,R4,R5,PC}    ;; return
    117          }
    118          /*$PAGE*/
    119          /*
    120          *********************************************************************************************************
    121          *                                         DELETE A MAIBOX
    122          *
    123          * Description: This function deletes a mailbox and readies all tasks pending on the mailbox.
    124          *
    125          * Arguments  : pevent        is a pointer to the event control block associated with the desired
    126          *                            mailbox.
    127          *
    128          *              opt           determines delete options as follows:
    129          *                            opt == OS_DEL_NO_PEND   Delete the mailbox ONLY if no task pending
    130          *                            opt == OS_DEL_ALWAYS    Deletes the mailbox even if tasks are waiting.
    131          *                                                    In this case, all the tasks pending will be readied.
    132          *
    133          *              perr          is a pointer to an error code that can contain one of the following values:
    134          *                            OS_ERR_NONE             The call was successful and the mailbox was deleted
    135          *                            OS_ERR_DEL_ISR          If you attempted to delete the mailbox from an ISR
    136          *                            OS_ERR_INVALID_OPT      An invalid option was specified
    137          *                            OS_ERR_TASK_WAITING     One or more tasks were waiting on the mailbox
    138          *                            OS_ERR_EVENT_TYPE       If you didn't pass a pointer to a mailbox
    139          *                            OS_ERR_PEVENT_NULL      If 'pevent' is a NULL pointer.
    140          *
    141          * Returns    : pevent        upon error
    142          *              (OS_EVENT *)0 if the mailbox was successfully deleted.
    143          *
    144          * Note(s)    : 1) This function must be used with care.  Tasks that would normally expect the presence of
    145          *                 the mailbox MUST check the return code of OSMboxPend().
    146          *              2) OSMboxAccept() callers will not know that the intended mailbox has been deleted!
    147          *              3) This call can potentially disable interrupts for a long time.  The interrupt disable
    148          *                 time is directly proportional to the number of tasks waiting on the mailbox.
    149          *              4) Because ALL tasks pending on the mailbox will be readied, you MUST be careful in
    150          *                 applications where the mailbox is used for mutual exclusion because the resource(s)
    151          *                 will no longer be guarded by the mailbox.
    152          *********************************************************************************************************
    153          */
    154          
    155          #if OS_MBOX_DEL_EN > 0

   \                                 In section .text, align 2, keep-with-next
    156          OS_EVENT  *OSMboxDel (OS_EVENT *pevent, INT8U opt, INT8U *perr)
    157          {
   \                     OSMboxDel: (+1)
   \   00000000   0xE92D 0x41F0      PUSH     {R4-R8,LR}
   \   00000004   0x4604             MOV      R4,R0
   \   00000006   0x460E             MOV      R6,R1
    158              BOOLEAN    tasks_waiting;
    159              OS_EVENT  *pevent_return;
    160          #if OS_CRITICAL_METHOD == 3                                /* Allocate storage for CPU status register */
    161              OS_CPU_SR  cpu_sr = 0;
    162          #endif
    163          
    164          
    165          
    166          #if OS_ARG_CHK_EN > 0
    167              if (perr == (INT8U *)0) {                              /* Validate 'perr'                          */
    168                  return (pevent);
    169              }
    170              if (pevent == (OS_EVENT *)0) {                         /* Validate 'pevent'                        */
    171                  *perr = OS_ERR_PEVENT_NULL;
    172                  return (pevent);
    173              }
    174          #endif
    175              if (pevent->OSEventType != OS_EVENT_TYPE_MBOX) {       /* Validate event block type                */
   \   00000008   0x7820             LDRB     R0,[R4, #+0]
   \   0000000A   0x2801             CMP      R0,#+1
   \   0000000C   0x4615             MOV      R5,R2
   \   0000000E   0xD002             BEQ.N    ??OSMboxDel_0
    176                  *perr = OS_ERR_EVENT_TYPE;
   \   00000010   0x2001             MOVS     R0,#+1
   \   00000012   0x7028             STRB     R0,[R5, #+0]
    177                  return (pevent);
   \   00000014   0xE049             B.N      ??OSMboxDel_1
    178              }
    179              if (OSIntNesting > 0) {                                /* See if called from ISR ...               */
   \                     ??OSMboxDel_0: (+1)
   \   00000016   0x....             LDR.N    R0,??DataTable2
   \   00000018   0x7800             LDRB     R0,[R0, #+0]
   \   0000001A   0xB110             CBZ.N    R0,??OSMboxDel_2
    180                  *perr = OS_ERR_DEL_ISR;                            /* ... can't DELETE from an ISR             */
   \   0000001C   0x200F             MOVS     R0,#+15
   \   0000001E   0x7028             STRB     R0,[R5, #+0]
    181                  return (pevent);
   \   00000020   0xE043             B.N      ??OSMboxDel_1
    182              }
    183              OS_ENTER_CRITICAL();
   \                     ??OSMboxDel_2: (+1)
   \   00000022   0x.... 0x....      BL       OS_CPU_SR_Save
   \   00000026   0x4680             MOV      R8,R0
    184              if (pevent->OSEventGrp != 0) {                         /* See if any tasks waiting on mailbox      */
   \   00000028   0x7AA0             LDRB     R0,[R4, #+10]
   \   0000002A   0x1E47             SUBS     R7,R0,#+1
   \   0000002C   0x41BF             SBCS     R7,R7,R7
   \   0000002E   0x43FF             MVNS     R7,R7
   \   00000030   0x0FFF             LSRS     R7,R7,#+31
    185                  tasks_waiting = OS_TRUE;                           /* Yes                                      */
    186              } else {
    187                  tasks_waiting = OS_FALSE;                          /* No                                       */
    188              }
    189              switch (opt) {
   \   00000032   0xB116             CBZ.N    R6,??OSMboxDel_3
   \   00000034   0x2E01             CMP      R6,#+1
   \   00000036   0xD01B             BEQ.N    ??OSMboxDel_4
   \   00000038   0xE032             B.N      ??OSMboxDel_5
    190                  case OS_DEL_NO_PEND:                               /* Delete mailbox only if no task waiting   */
    191                       if (tasks_waiting == OS_FALSE) {
   \                     ??OSMboxDel_3: (+1)
   \   0000003A   0xB977             CBNZ.N   R7,??OSMboxDel_6
    192          #if OS_EVENT_NAME_SIZE > 1
    193                           pevent->OSEventName[0] = '?';             /* Unknown name                             */
   \   0000003C   0x203F             MOVS     R0,#+63
   \   0000003E   0x73E0             STRB     R0,[R4, #+15]
    194                           pevent->OSEventName[1] = OS_ASCII_NUL;
   \   00000040   0x2000             MOVS     R0,#+0
   \   00000042   0x7420             STRB     R0,[R4, #+16]
    195          #endif
    196                           pevent->OSEventType = OS_EVENT_TYPE_UNUSED;
   \   00000044   0x7020             STRB     R0,[R4, #+0]
    197                           pevent->OSEventPtr  = OSEventFreeList;    /* Return Event Control Block to free list  */
   \   00000046   0x....             LDR.N    R0,??DataTable2_1
   \   00000048   0x6801             LDR      R1,[R0, #+0]
   \   0000004A   0x6061             STR      R1,[R4, #+4]
    198                           pevent->OSEventCnt  = 0;
   \   0000004C   0x2100             MOVS     R1,#+0
   \   0000004E   0x8121             STRH     R1,[R4, #+8]
    199                           OSEventFreeList     = pevent;             /* Get next free event control block        */
   \   00000050   0x6004             STR      R4,[R0, #+0]
    200                           OS_EXIT_CRITICAL();
   \   00000052   0x4640             MOV      R0,R8
   \   00000054   0x.... 0x....      BL       OS_CPU_SR_Restore
    201                           *perr               = OS_ERR_NONE;
   \   00000058   0xE01E             B.N      ??OSMboxDel_7
    202                           pevent_return       = (OS_EVENT *)0;      /* Mailbox has been deleted                 */
    203                       } else {
    204                           OS_EXIT_CRITICAL();
   \                     ??OSMboxDel_6: (+1)
   \   0000005A   0x4640             MOV      R0,R8
   \   0000005C   0x.... 0x....      BL       OS_CPU_SR_Restore
    205                           *perr               = OS_ERR_TASK_WAITING;
   \   00000060   0x2049             MOVS     R0,#+73
   \   00000062   0xE021             B.N      ??OSMboxDel_8
    206                           pevent_return       = pevent;
    207                       }
    208                       break;
    209          
    210                  case OS_DEL_ALWAYS:                                /* Always delete the mailbox                */
    211                       while (pevent->OSEventGrp != 0) {             /* Ready ALL tasks waiting for mailbox      */
    212                           (void)OS_EventTaskRdy(pevent, (void *)0, OS_STAT_MBOX, OS_STAT_PEND_OK);
   \                     ??OSMboxDel_9: (+1)
   \   00000064   0x2300             MOVS     R3,#+0
   \   00000066   0x2202             MOVS     R2,#+2
   \   00000068   0x2100             MOVS     R1,#+0
   \   0000006A   0x4620             MOV      R0,R4
   \   0000006C   0x.... 0x....      BL       OS_EventTaskRdy
    213                       }
   \                     ??OSMboxDel_4: (+1)
   \   00000070   0x7AA0             LDRB     R0,[R4, #+10]
   \   00000072   0x2800             CMP      R0,#+0
   \   00000074   0xD1F6             BNE.N    ??OSMboxDel_9
    214          #if OS_EVENT_NAME_SIZE > 1
    215                       pevent->OSEventName[0] = '?';                 /* Unknown name                             */
   \   00000076   0x203F             MOVS     R0,#+63
   \   00000078   0x73E0             STRB     R0,[R4, #+15]
    216                       pevent->OSEventName[1] = OS_ASCII_NUL;
   \   0000007A   0x2000             MOVS     R0,#+0
   \   0000007C   0x7420             STRB     R0,[R4, #+16]
    217          #endif
    218                       pevent->OSEventType    = OS_EVENT_TYPE_UNUSED;
   \   0000007E   0x7020             STRB     R0,[R4, #+0]
    219                       pevent->OSEventPtr     = OSEventFreeList;     /* Return Event Control Block to free list  */
   \   00000080   0x....             LDR.N    R0,??DataTable2_1
   \   00000082   0x6801             LDR      R1,[R0, #+0]
   \   00000084   0x6061             STR      R1,[R4, #+4]
    220                       pevent->OSEventCnt     = 0;
   \   00000086   0x2100             MOVS     R1,#+0
   \   00000088   0x8121             STRH     R1,[R4, #+8]
    221                       OSEventFreeList        = pevent;              /* Get next free event control block        */
   \   0000008A   0x6004             STR      R4,[R0, #+0]
    222                       OS_EXIT_CRITICAL();
   \   0000008C   0x4640             MOV      R0,R8
   \   0000008E   0x.... 0x....      BL       OS_CPU_SR_Restore
    223                       if (tasks_waiting == OS_TRUE) {               /* Reschedule only if task(s) were waiting  */
   \   00000092   0xB10F             CBZ.N    R7,??OSMboxDel_7
    224                           OS_Sched();                               /* Find highest priority task ready to run  */
   \   00000094   0x.... 0x....      BL       OS_Sched
    225                       }
    226                       *perr         = OS_ERR_NONE;
   \                     ??OSMboxDel_7: (+1)
   \   00000098   0x2000             MOVS     R0,#+0
   \   0000009A   0x7028             STRB     R0,[R5, #+0]
    227                       pevent_return = (OS_EVENT *)0;                /* Mailbox has been deleted                 */
   \   0000009C   0x2400             MOVS     R4,#+0
    228                       break;
   \   0000009E   0xE004             B.N      ??OSMboxDel_1
    229          
    230                  default:
    231                       OS_EXIT_CRITICAL();
   \                     ??OSMboxDel_5: (+1)
   \   000000A0   0x4640             MOV      R0,R8
   \   000000A2   0x.... 0x....      BL       OS_CPU_SR_Restore
    232                       *perr         = OS_ERR_INVALID_OPT;
   \   000000A6   0x2007             MOVS     R0,#+7
   \                     ??OSMboxDel_8: (+1)
   \   000000A8   0x7028             STRB     R0,[R5, #+0]
    233                       pevent_return = pevent;
    234                       break;
    235              }
    236              return (pevent_return);
   \                     ??OSMboxDel_1: (+1)
   \   000000AA   0x4620             MOV      R0,R4
   \   000000AC   0xE8BD 0x81F0      POP      {R4-R8,PC}       ;; return
    237          }
    238          #endif
    239          
    240          /*$PAGE*/
    241          /*
    242          *********************************************************************************************************
    243          *                                      PEND ON MAILBOX FOR A MESSAGE
    244          *
    245          * Description: This function waits for a message to be sent to a mailbox
    246          *
    247          * Arguments  : pevent        is a pointer to the event control block associated with the desired mailbox
    248          *
    249          *              timeout       is an optional timeout period (in clock ticks).  If non-zero, your task will
    250          *                            wait for a message to arrive at the mailbox up to the amount of time
    251          *                            specified by this argument.  If you specify 0, however, your task will wait
    252          *                            forever at the specified mailbox or, until a message arrives.
    253          *
    254          *              perr          is a pointer to where an error message will be deposited.  Possible error
    255          *                            messages are:
    256          *
    257          *                            OS_ERR_NONE         The call was successful and your task received a
    258          *                                                message.
    259          *                            OS_ERR_TIMEOUT      A message was not received within the specified 'timeout'.
    260          *                            OS_ERR_PEND_ABORT   The wait on the mailbox was aborted.
    261          *                            OS_ERR_EVENT_TYPE   Invalid event type
    262          *                            OS_ERR_PEND_ISR     If you called this function from an ISR and the result
    263          *                                                would lead to a suspension.
    264          *                            OS_ERR_PEVENT_NULL  If 'pevent' is a NULL pointer
    265          *                            OS_ERR_PEND_LOCKED  If you called this function when the scheduler is locked
    266          *
    267          * Returns    : != (void *)0  is a pointer to the message received
    268          *              == (void *)0  if no message was received or,
    269          *                            if 'pevent' is a NULL pointer or,
    270          *                            if you didn't pass the proper pointer to the event control block.
    271          *********************************************************************************************************
    272          */
    273          /*$PAGE*/

   \                                 In section .text, align 2, keep-with-next
    274          void  *OSMboxPend (OS_EVENT *pevent, INT16U timeout, INT8U *perr)
    275          {
   \                     OSMboxPend: (+1)
   \   00000000   0xE92D 0x43F8      PUSH     {R3-R9,LR}
   \   00000004   0x4606             MOV      R6,R0
   \   00000006   0x4688             MOV      R8,R1
    276              void      *pmsg;
    277          #if OS_CRITICAL_METHOD == 3                           /* Allocate storage for CPU status register      */
    278              OS_CPU_SR  cpu_sr = 0;
    279          #endif
    280          
    281          
    282          
    283          #if OS_ARG_CHK_EN > 0
    284              if (perr == (INT8U *)0) {                         /* Validate 'perr'                               */
    285                  return ((void *)0);
    286              }
    287              if (pevent == (OS_EVENT *)0) {                    /* Validate 'pevent'                             */
    288                  *perr = OS_ERR_PEVENT_NULL;
    289                  return ((void *)0);
    290              }
    291          #endif
    292              if (pevent->OSEventType != OS_EVENT_TYPE_MBOX) {  /* Validate event block type                     */
   \   00000008   0x7830             LDRB     R0,[R6, #+0]
   \   0000000A   0x2801             CMP      R0,#+1
   \   0000000C   0x4617             MOV      R7,R2
   \   0000000E   0xBF18             IT       NE 
   \   00000010   0x2001             MOVNE    R0,#+1
    293                  *perr = OS_ERR_EVENT_TYPE;
   \   00000012   0xD108             BNE.N    ??OSMboxPend_0
    294                  return ((void *)0);
    295              }
    296              if (OSIntNesting > 0) {                           /* See if called from ISR ...                    */
   \   00000014   0x....             LDR.N    R0,??DataTable2
   \   00000016   0x7800             LDRB     R0,[R0, #+0]
   \   00000018   0xB108             CBZ.N    R0,??OSMboxPend_1
    297                  *perr = OS_ERR_PEND_ISR;                      /* ... can't PEND from an ISR                    */
   \   0000001A   0x2002             MOVS     R0,#+2
   \   0000001C   0xE003             B.N      ??OSMboxPend_0
    298                  return ((void *)0);
    299              }
    300              if (OSLockNesting > 0) {                          /* See if called with scheduler locked ...       */
   \                     ??OSMboxPend_1: (+1)
   \   0000001E   0x....             LDR.N    R0,??DataTable2_2
   \   00000020   0x7800             LDRB     R0,[R0, #+0]
   \   00000022   0xB120             CBZ.N    R0,??OSMboxPend_2
    301                  *perr = OS_ERR_PEND_LOCKED;                   /* ... can't PEND when locked                    */
   \   00000024   0x200D             MOVS     R0,#+13
   \                     ??OSMboxPend_0: (+1)
   \   00000026   0x7038             STRB     R0,[R7, #+0]
    302                  return ((void *)0);
   \   00000028   0x2000             MOVS     R0,#+0
   \   0000002A   0xE8BD 0x83F2      POP      {R1,R4-R9,PC}
    303              }
    304              OS_ENTER_CRITICAL();
   \                     ??OSMboxPend_2: (+1)
   \   0000002E   0x.... 0x....      BL       OS_CPU_SR_Save
    305              pmsg = pevent->OSEventPtr;
   \   00000032   0x6875             LDR      R5,[R6, #+4]
   \   00000034   0x4681             MOV      R9,R0
    306              if (pmsg != (void *)0) {                          /* See if there is already a message             */
   \   00000036   0xB13D             CBZ.N    R5,??OSMboxPend_3
    307                  pevent->OSEventPtr = (void *)0;               /* Clear the mailbox                             */
   \   00000038   0x2000             MOVS     R0,#+0
   \   0000003A   0x6070             STR      R0,[R6, #+4]
    308                  OS_EXIT_CRITICAL();
   \   0000003C   0x4648             MOV      R0,R9
   \   0000003E   0x.... 0x....      BL       OS_CPU_SR_Restore
    309                  *perr = OS_ERR_NONE;
   \   00000042   0x2000             MOVS     R0,#+0
   \   00000044   0x7038             STRB     R0,[R7, #+0]
    310                  return (pmsg);                                /* Return the message received (or NULL)         */
   \   00000046   0xE03A             B.N      ??OSMboxPend_4
    311              }
    312              OSTCBCur->OSTCBStat     |= OS_STAT_MBOX;          /* Message not available, task will pend         */
   \                     ??OSMboxPend_3: (+1)
   \   00000048   0x....             LDR.N    R4,??DataTable2_3
   \   0000004A   0x6820             LDR      R0,[R4, #+0]
   \   0000004C   0xF890 0x1030      LDRB     R1,[R0, #+48]
   \   00000050   0xF041 0x0102      ORR      R1,R1,#0x2
   \   00000054   0xF880 0x1030      STRB     R1,[R0, #+48]
    313              OSTCBCur->OSTCBStatPend  = OS_STAT_PEND_OK;
   \   00000058   0x2000             MOVS     R0,#+0
   \   0000005A   0x6821             LDR      R1,[R4, #+0]
   \   0000005C   0xF881 0x0031      STRB     R0,[R1, #+49]
    314              OSTCBCur->OSTCBDly       = timeout;               /* Load timeout in TCB                           */
   \   00000060   0x6820             LDR      R0,[R4, #+0]
   \   00000062   0xF8A0 0x802E      STRH     R8,[R0, #+46]
    315              OS_EventTaskWait(pevent);                         /* Suspend task until event or timeout occurs    */
   \   00000066   0x4630             MOV      R0,R6
   \   00000068   0x.... 0x....      BL       OS_EventTaskWait
    316              OS_EXIT_CRITICAL();
   \   0000006C   0x4648             MOV      R0,R9
   \   0000006E   0x.... 0x....      BL       OS_CPU_SR_Restore
    317              OS_Sched();                                       /* Find next highest priority task ready to run  */
   \   00000072   0x.... 0x....      BL       OS_Sched
    318              OS_ENTER_CRITICAL();
   \   00000076   0x.... 0x....      BL       OS_CPU_SR_Save
   \   0000007A   0x4681             MOV      R9,R0
    319              switch (OSTCBCur->OSTCBStatPend) {                /* See if we timed-out or aborted                */
   \   0000007C   0x6820             LDR      R0,[R4, #+0]
   \   0000007E   0xF100 0x0124      ADD      R1,R0,#+36
   \   00000082   0x7B4A             LDRB     R2,[R1, #+13]
   \   00000084   0xB112             CBZ.N    R2,??OSMboxPend_5
   \   00000086   0x2A02             CMP      R2,#+2
   \   00000088   0xD003             BEQ.N    ??OSMboxPend_6
   \   0000008A   0xE004             B.N      ??OSMboxPend_7
    320                  case OS_STAT_PEND_OK:
    321                       pmsg =  OSTCBCur->OSTCBMsg;
   \                     ??OSMboxPend_5: (+1)
   \   0000008C   0x680D             LDR      R5,[R1, #+0]
    322                      *perr =  OS_ERR_NONE;
   \   0000008E   0x2000             MOVS     R0,#+0
   \   00000090   0xE005             B.N      ??OSMboxPend_8
    323                       break;
    324          
    325                  case OS_STAT_PEND_ABORT:
    326                       pmsg = (void *)0;
    327                      *perr =  OS_ERR_PEND_ABORT;               /* Indicate that we aborted                      */
   \                     ??OSMboxPend_6: (+1)
   \   00000092   0x200E             MOVS     R0,#+14
   \   00000094   0xE003             B.N      ??OSMboxPend_8
    328                       break;
    329          
    330                  case OS_STAT_PEND_TO:
    331                  default:
    332                       OS_EventTaskRemove(OSTCBCur, pevent);
   \                     ??OSMboxPend_7: (+1)
   \   00000096   0x4631             MOV      R1,R6
   \   00000098   0x.... 0x....      BL       OS_EventTaskRemove
    333                       pmsg = (void *)0;
    334                      *perr =  OS_ERR_TIMEOUT;                  /* Indicate that we didn't get event within TO   */
   \   0000009C   0x200A             MOVS     R0,#+10
   \                     ??OSMboxPend_8: (+1)
   \   0000009E   0x7038             STRB     R0,[R7, #+0]
    335                       break;
    336              }
    337              OSTCBCur->OSTCBStat          =  OS_STAT_RDY;      /* Set   task  status to ready                   */
   \   000000A0   0x2000             MOVS     R0,#+0
   \   000000A2   0x6821             LDR      R1,[R4, #+0]
   \   000000A4   0xF881 0x0030      STRB     R0,[R1, #+48]
    338              OSTCBCur->OSTCBStatPend      =  OS_STAT_PEND_OK;  /* Clear pend  status                            */
   \   000000A8   0x6821             LDR      R1,[R4, #+0]
   \   000000AA   0xF881 0x0031      STRB     R0,[R1, #+49]
    339              OSTCBCur->OSTCBEventPtr      = (OS_EVENT  *)0;    /* Clear event pointers                          */
   \   000000AE   0x2100             MOVS     R1,#+0
   \   000000B0   0x6820             LDR      R0,[R4, #+0]
   \   000000B2   0x61C1             STR      R1,[R0, #+28]
    340          #if (OS_EVENT_MULTI_EN > 0)
    341              OSTCBCur->OSTCBEventMultiPtr = (OS_EVENT **)0;
   \   000000B4   0x6201             STR      R1,[R0, #+32]
    342          #endif
    343              OSTCBCur->OSTCBMsg           = (void      *)0;    /* Clear  received message                       */
   \   000000B6   0x6241             STR      R1,[R0, #+36]
    344              OS_EXIT_CRITICAL();
   \   000000B8   0x4648             MOV      R0,R9
   \   000000BA   0x.... 0x....      BL       OS_CPU_SR_Restore
    345              return (pmsg);                                    /* Return received message                       */
   \                     ??OSMboxPend_4: (+1)
   \   000000BE   0x4628             MOV      R0,R5
   \   000000C0   0xE8BD 0x83F2      POP      {R1,R4-R9,PC}    ;; return
    346          }
    347          /*$PAGE*/
    348          /*
    349          *********************************************************************************************************
    350          *                                      ABORT WAITING ON A MESSAGE MAILBOX
    351          *
    352          * Description: This function aborts & readies any tasks currently waiting on a mailbox.  This function 
    353          *              should be used to fault-abort the wait on the mailbox, rather than to normally signal
    354          *              the mailbox via OSMboxPost() or OSMboxPostOpt().
    355          *
    356          * Arguments  : pevent        is a pointer to the event control block associated with the desired mailbox.
    357          *
    358          *              opt           determines the type of ABORT performed:
    359          *                            OS_PEND_OPT_NONE         ABORT wait for a single task (HPT) waiting on the
    360          *                                                     mailbox
    361          *                            OS_PEND_OPT_BROADCAST    ABORT wait for ALL tasks that are  waiting on the
    362          *                                                     mailbox
    363          *
    364          *              perr          is a pointer to where an error message will be deposited.  Possible error
    365          *                            messages are:
    366          *
    367          *                            OS_ERR_NONE         No tasks were     waiting on the mailbox.
    368          *                            OS_ERR_PEND_ABORT   At least one task waiting on the mailbox was readied
    369          *                                                and informed of the aborted wait; check return value 
    370          *                                                for the number of tasks whose wait on the mailbox 
    371          *                                                was aborted.
    372          *                            OS_ERR_EVENT_TYPE   If you didn't pass a pointer to a mailbox.
    373          *                            OS_ERR_PEVENT_NULL  If 'pevent' is a NULL pointer.
    374          *
    375          * Returns    : == 0          if no tasks were waiting on the mailbox, or upon error.
    376          *              >  0          if one or more tasks waiting on the mailbox are now readied and informed.
    377          *********************************************************************************************************
    378          */
    379          
    380          #if OS_MBOX_PEND_ABORT_EN > 0

   \                                 In section .text, align 2, keep-with-next
    381          INT8U  OSMboxPendAbort (OS_EVENT *pevent, INT8U opt, INT8U *perr)
    382          {
   \                     OSMboxPendAbort: (+1)
   \   00000000   0xE92D 0x41F0      PUSH     {R4-R8,LR}
   \   00000004   0x4605             MOV      R5,R0
   \   00000006   0x460E             MOV      R6,R1
    383              INT8U      nbr_tasks;
    384          #if OS_CRITICAL_METHOD == 3                                /* Allocate storage for CPU status register */
    385              OS_CPU_SR  cpu_sr = 0;
    386          #endif
    387          
    388          
    389          
    390          #if OS_ARG_CHK_EN > 0
    391              if (perr == (INT8U *)0) {                              /* Validate 'perr'                          */
    392                  return (0);
    393              }
    394              if (pevent == (OS_EVENT *)0) {                         /* Validate 'pevent'                        */
    395                  *perr = OS_ERR_PEVENT_NULL;
    396                  return (0);
    397              }
    398          #endif
    399              if (pevent->OSEventType != OS_EVENT_TYPE_MBOX) {       /* Validate event block type                */
   \   00000008   0x7828             LDRB     R0,[R5, #+0]
   \   0000000A   0x2801             CMP      R0,#+1
   \   0000000C   0x4614             MOV      R4,R2
   \   0000000E   0xD004             BEQ.N    ??OSMboxPendAbort_0
    400                  *perr = OS_ERR_EVENT_TYPE;
   \   00000010   0x2001             MOVS     R0,#+1
   \   00000012   0x7020             STRB     R0,[R4, #+0]
    401                  return (0);
   \   00000014   0x2000             MOVS     R0,#+0
    402              }
    403              OS_ENTER_CRITICAL();
    404              if (pevent->OSEventGrp != 0) {                         /* See if any task waiting on mailbox?      */
    405                  nbr_tasks = 0;
    406                  switch (opt) {
    407                      case OS_PEND_OPT_BROADCAST:                    /* Do we need to abort ALL waiting tasks?   */
    408                           while (pevent->OSEventGrp != 0) {         /* Yes, ready ALL tasks waiting on mailbox  */
    409                               (void)OS_EventTaskRdy(pevent, (void *)0, OS_STAT_MBOX, OS_STAT_PEND_ABORT);
    410                               nbr_tasks++;
    411                           }
    412                           break;
    413                       
    414                      case OS_PEND_OPT_NONE:
    415                      default:                                       /* No,  ready HPT       waiting on mailbox  */
    416                           (void)OS_EventTaskRdy(pevent, (void *)0, OS_STAT_MBOX, OS_STAT_PEND_ABORT);
    417                           nbr_tasks++;
    418                           break;
    419                  }
    420                  OS_EXIT_CRITICAL();
    421                  OS_Sched();                                        /* Find HPT ready to run                    */
    422                  *perr = OS_ERR_PEND_ABORT;
    423                  return (nbr_tasks);
    424              }
    425              OS_EXIT_CRITICAL();
    426              *perr = OS_ERR_NONE;
    427              return (0);                                            /* No tasks waiting on mailbox              */
   \   00000016   0xE8BD 0x81F0      POP      {R4-R8,PC}
   \                     ??OSMboxPendAbort_0: (+1)
   \   0000001A   0x.... 0x....      BL       OS_CPU_SR_Save
   \   0000001E   0x4680             MOV      R8,R0
   \   00000020   0x7AA8             LDRB     R0,[R5, #+10]
   \   00000022   0xB1F0             CBZ.N    R0,??OSMboxPendAbort_1
   \   00000024   0x2700             MOVS     R7,#+0
   \   00000026   0x2E01             CMP      R6,#+1
   \   00000028   0xD10A             BNE.N    ??OSMboxPendAbort_2
   \                     ??OSMboxPendAbort_3: (+1)
   \   0000002A   0x2302             MOVS     R3,#+2
   \   0000002C   0x2202             MOVS     R2,#+2
   \   0000002E   0x2100             MOVS     R1,#+0
   \   00000030   0x4628             MOV      R0,R5
   \   00000032   0x.... 0x....      BL       OS_EventTaskRdy
   \   00000036   0x7AA8             LDRB     R0,[R5, #+10]
   \   00000038   0x1C7F             ADDS     R7,R7,#+1
   \   0000003A   0x2800             CMP      R0,#+0
   \   0000003C   0xD1F5             BNE.N    ??OSMboxPendAbort_3
   \   0000003E   0xE006             B.N      ??OSMboxPendAbort_4
   \                     ??OSMboxPendAbort_2: (+1)
   \   00000040   0x2302             MOVS     R3,#+2
   \   00000042   0x2202             MOVS     R2,#+2
   \   00000044   0x2100             MOVS     R1,#+0
   \   00000046   0x4628             MOV      R0,R5
   \   00000048   0x.... 0x....      BL       OS_EventTaskRdy
   \   0000004C   0x2701             MOVS     R7,#+1
   \                     ??OSMboxPendAbort_4: (+1)
   \   0000004E   0x4640             MOV      R0,R8
   \   00000050   0x.... 0x....      BL       OS_CPU_SR_Restore
   \   00000054   0x.... 0x....      BL       OS_Sched
   \   00000058   0x200E             MOVS     R0,#+14
   \   0000005A   0x7020             STRB     R0,[R4, #+0]
   \   0000005C   0xB2F8             UXTB     R0,R7
   \   0000005E   0xE8BD 0x81F0      POP      {R4-R8,PC}
   \                     ??OSMboxPendAbort_1: (+1)
   \   00000062   0x4640             MOV      R0,R8
   \   00000064   0x.... 0x....      BL       OS_CPU_SR_Restore
   \   00000068   0x2000             MOVS     R0,#+0
   \   0000006A   0x7020             STRB     R0,[R4, #+0]
   \   0000006C   0xE8BD 0x81F0      POP      {R4-R8,PC}       ;; return
    428          }
    429          #endif
    430          
    431          /*$PAGE*/
    432          /*
    433          *********************************************************************************************************
    434          *                                       POST MESSAGE TO A MAILBOX
    435          *
    436          * Description: This function sends a message to a mailbox
    437          *
    438          * Arguments  : pevent        is a pointer to the event control block associated with the desired mailbox
    439          *
    440          *              pmsg          is a pointer to the message to send.  You MUST NOT send a NULL pointer.
    441          *
    442          * Returns    : OS_ERR_NONE          The call was successful and the message was sent
    443          *              OS_ERR_MBOX_FULL     If the mailbox already contains a message.  You can can only send one
    444          *                                   message at a time and thus, the message MUST be consumed before you
    445          *                                   are allowed to send another one.
    446          *              OS_ERR_EVENT_TYPE    If you are attempting to post to a non mailbox.
    447          *              OS_ERR_PEVENT_NULL   If 'pevent' is a NULL pointer
    448          *              OS_ERR_POST_NULL_PTR If you are attempting to post a NULL pointer
    449          *
    450          * Note(s)    : 1) HPT means Highest Priority Task
    451          *********************************************************************************************************
    452          */
    453          
    454          #if OS_MBOX_POST_EN > 0

   \                                 In section .text, align 2, keep-with-next
    455          INT8U  OSMboxPost (OS_EVENT *pevent, void *pmsg)
    456          {
   \                     OSMboxPost: (+1)
   \   00000000   0xB570             PUSH     {R4-R6,LR}
   \   00000002   0x4604             MOV      R4,R0
   \   00000004   0x460D             MOV      R5,R1
    457          #if OS_CRITICAL_METHOD == 3                           /* Allocate storage for CPU status register      */
    458              OS_CPU_SR  cpu_sr = 0;
    459          #endif
    460          
    461          
    462          
    463          #if OS_ARG_CHK_EN > 0
    464              if (pevent == (OS_EVENT *)0) {                    /* Validate 'pevent'                             */
    465                  return (OS_ERR_PEVENT_NULL);
    466              }
    467              if (pmsg == (void *)0) {                          /* Make sure we are not posting a NULL pointer   */
    468                  return (OS_ERR_POST_NULL_PTR);
    469              }
    470          #endif
    471              if (pevent->OSEventType != OS_EVENT_TYPE_MBOX) {  /* Validate event block type                     */
   \   00000006   0x7820             LDRB     R0,[R4, #+0]
   \   00000008   0x2801             CMP      R0,#+1
   \   0000000A   0xD001             BEQ.N    ??OSMboxPost_0
    472                  return (OS_ERR_EVENT_TYPE);
   \   0000000C   0x2001             MOVS     R0,#+1
   \   0000000E   0xBD70             POP      {R4-R6,PC}
    473              }
    474              OS_ENTER_CRITICAL();
   \                     ??OSMboxPost_0: (+1)
   \   00000010   0x.... 0x....      BL       OS_CPU_SR_Save
   \   00000014   0x4606             MOV      R6,R0
    475              if (pevent->OSEventGrp != 0) {                    /* See if any task pending on mailbox            */
   \   00000016   0x7AA0             LDRB     R0,[R4, #+10]
   \   00000018   0xB158             CBZ.N    R0,??OSMboxPost_1
    476                                                                /* Ready HPT waiting on event                    */
    477                  (void)OS_EventTaskRdy(pevent, pmsg, OS_STAT_MBOX, OS_STAT_PEND_OK);
   \   0000001A   0x2300             MOVS     R3,#+0
   \   0000001C   0x2202             MOVS     R2,#+2
   \   0000001E   0x4629             MOV      R1,R5
   \   00000020   0x4620             MOV      R0,R4
   \   00000022   0x.... 0x....      BL       OS_EventTaskRdy
    478                  OS_EXIT_CRITICAL();
   \   00000026   0x4630             MOV      R0,R6
   \   00000028   0x.... 0x....      BL       OS_CPU_SR_Restore
    479                  OS_Sched();                                   /* Find highest priority task ready to run       */
   \   0000002C   0x.... 0x....      BL       OS_Sched
    480                  return (OS_ERR_NONE);
   \   00000030   0xE00A             B.N      ??OSMboxPost_2
    481              }
    482              if (pevent->OSEventPtr != (void *)0) {            /* Make sure mailbox doesn't already have a msg  */
   \                     ??OSMboxPost_1: (+1)
   \   00000032   0x6860             LDR      R0,[R4, #+4]
   \   00000034   0xB120             CBZ.N    R0,??OSMboxPost_3
    483                  OS_EXIT_CRITICAL();
   \   00000036   0x4630             MOV      R0,R6
   \   00000038   0x.... 0x....      BL       OS_CPU_SR_Restore
    484                  return (OS_ERR_MBOX_FULL);
   \   0000003C   0x2014             MOVS     R0,#+20
   \   0000003E   0xBD70             POP      {R4-R6,PC}
    485              }
    486              pevent->OSEventPtr = pmsg;                        /* Place message in mailbox                      */
   \                     ??OSMboxPost_3: (+1)
   \   00000040   0x6065             STR      R5,[R4, #+4]
    487              OS_EXIT_CRITICAL();
   \   00000042   0x4630             MOV      R0,R6
   \   00000044   0x.... 0x....      BL       OS_CPU_SR_Restore
    488              return (OS_ERR_NONE);
   \                     ??OSMboxPost_2: (+1)
   \   00000048   0x2000             MOVS     R0,#+0
   \   0000004A   0xBD70             POP      {R4-R6,PC}       ;; return
    489          }
    490          #endif
    491          
    492          /*$PAGE*/
    493          /*
    494          *********************************************************************************************************
    495          *                                       POST MESSAGE TO A MAILBOX
    496          *
    497          * Description: This function sends a message to a mailbox
    498          *
    499          * Arguments  : pevent        is a pointer to the event control block associated with the desired mailbox
    500          *
    501          *              pmsg          is a pointer to the message to send.  You MUST NOT send a NULL pointer.
    502          *
    503          *              opt           determines the type of POST performed:
    504          *                            OS_POST_OPT_NONE         POST to a single waiting task
    505          *                                                     (Identical to OSMboxPost())
    506          *                            OS_POST_OPT_BROADCAST    POST to ALL tasks that are waiting on the mailbox
    507          *
    508          *                            OS_POST_OPT_NO_SCHED     Indicates that the scheduler will NOT be invoked
    509          *
    510          * Returns    : OS_ERR_NONE          The call was successful and the message was sent
    511          *              OS_ERR_MBOX_FULL     If the mailbox already contains a message.  You can can only send one
    512          *                                   message at a time and thus, the message MUST be consumed before you
    513          *                                   are allowed to send another one.
    514          *              OS_ERR_EVENT_TYPE    If you are attempting to post to a non mailbox.
    515          *              OS_ERR_PEVENT_NULL   If 'pevent' is a NULL pointer
    516          *              OS_ERR_POST_NULL_PTR If you are attempting to post a NULL pointer
    517          *
    518          * Note(s)    : 1) HPT means Highest Priority Task
    519          *
    520          * Warning    : Interrupts can be disabled for a long time if you do a 'broadcast'.  In fact, the
    521          *              interrupt disable time is proportional to the number of tasks waiting on the mailbox.
    522          *********************************************************************************************************
    523          */
    524          
    525          #if OS_MBOX_POST_OPT_EN > 0

   \                                 In section .text, align 2, keep-with-next
    526          INT8U  OSMboxPostOpt (OS_EVENT *pevent, void *pmsg, INT8U opt)
    527          {
   \                     OSMboxPostOpt: (+1)
   \   00000000   0xB5F8             PUSH     {R3-R7,LR}
   \   00000002   0x4604             MOV      R4,R0
   \   00000004   0x460D             MOV      R5,R1
    528          #if OS_CRITICAL_METHOD == 3                           /* Allocate storage for CPU status register      */
    529              OS_CPU_SR  cpu_sr = 0;
    530          #endif
    531          
    532          
    533          
    534          #if OS_ARG_CHK_EN > 0
    535              if (pevent == (OS_EVENT *)0) {                    /* Validate 'pevent'                             */
    536                  return (OS_ERR_PEVENT_NULL);
    537              }
    538              if (pmsg == (void *)0) {                          /* Make sure we are not posting a NULL pointer   */
    539                  return (OS_ERR_POST_NULL_PTR);
    540              }
    541          #endif
    542              if (pevent->OSEventType != OS_EVENT_TYPE_MBOX) {  /* Validate event block type                     */
   \   00000006   0x7820             LDRB     R0,[R4, #+0]
   \   00000008   0x2801             CMP      R0,#+1
   \   0000000A   0x4616             MOV      R6,R2
   \   0000000C   0xD001             BEQ.N    ??OSMboxPostOpt_0
    543                  return (OS_ERR_EVENT_TYPE);
   \   0000000E   0x2001             MOVS     R0,#+1
   \   00000010   0xBDF2             POP      {R1,R4-R7,PC}
    544              }
    545              OS_ENTER_CRITICAL();
   \                     ??OSMboxPostOpt_0: (+1)
   \   00000012   0x.... 0x....      BL       OS_CPU_SR_Save
   \   00000016   0x4607             MOV      R7,R0
    546              if (pevent->OSEventGrp != 0) {                    /* See if any task pending on mailbox            */
   \   00000018   0x7AA0             LDRB     R0,[R4, #+10]
   \   0000001A   0xB1C8             CBZ.N    R0,??OSMboxPostOpt_1
    547                  if ((opt & OS_POST_OPT_BROADCAST) != 0x00) {  /* Do we need to post msg to ALL waiting tasks ? */
   \   0000001C   0x07F0             LSLS     R0,R6,#+31
   \   0000001E   0xD509             BPL.N    ??OSMboxPostOpt_2
    548                      while (pevent->OSEventGrp != 0) {         /* Yes, Post to ALL tasks waiting on mailbox     */
    549                          (void)OS_EventTaskRdy(pevent, pmsg, OS_STAT_MBOX, OS_STAT_PEND_OK);
   \                     ??OSMboxPostOpt_3: (+1)
   \   00000020   0x2300             MOVS     R3,#+0
   \   00000022   0x2202             MOVS     R2,#+2
   \   00000024   0x4629             MOV      R1,R5
   \   00000026   0x4620             MOV      R0,R4
   \   00000028   0x.... 0x....      BL       OS_EventTaskRdy
    550                      }
   \   0000002C   0x7AA0             LDRB     R0,[R4, #+10]
   \   0000002E   0x2800             CMP      R0,#+0
   \   00000030   0xD1F6             BNE.N    ??OSMboxPostOpt_3
   \   00000032   0xE005             B.N      ??OSMboxPostOpt_4
    551                  } else {                                      /* No,  Post to HPT waiting on mbox              */
    552                      (void)OS_EventTaskRdy(pevent, pmsg, OS_STAT_MBOX, OS_STAT_PEND_OK);
   \                     ??OSMboxPostOpt_2: (+1)
   \   00000034   0x2300             MOVS     R3,#+0
   \   00000036   0x2202             MOVS     R2,#+2
   \   00000038   0x4629             MOV      R1,R5
   \   0000003A   0x4620             MOV      R0,R4
   \   0000003C   0x.... 0x....      BL       OS_EventTaskRdy
    553                  }
    554                  OS_EXIT_CRITICAL();
   \                     ??OSMboxPostOpt_4: (+1)
   \   00000040   0x4638             MOV      R0,R7
   \   00000042   0x.... 0x....      BL       OS_CPU_SR_Restore
    555                  if ((opt & OS_POST_OPT_NO_SCHED) == 0) {	  /* See if scheduler needs to be invoked          */
   \   00000046   0x0770             LSLS     R0,R6,#+29
   \   00000048   0xD40D             BMI.N    ??OSMboxPostOpt_5
    556                      OS_Sched();                               /* Find HPT ready to run                         */
   \   0000004A   0x.... 0x....      BL       OS_Sched
    557                  }
    558                  return (OS_ERR_NONE);
   \   0000004E   0xE00A             B.N      ??OSMboxPostOpt_5
    559              }
    560              if (pevent->OSEventPtr != (void *)0) {            /* Make sure mailbox doesn't already have a msg  */
   \                     ??OSMboxPostOpt_1: (+1)
   \   00000050   0x6860             LDR      R0,[R4, #+4]
   \   00000052   0xB120             CBZ.N    R0,??OSMboxPostOpt_6
    561                  OS_EXIT_CRITICAL();
   \   00000054   0x4638             MOV      R0,R7
   \   00000056   0x.... 0x....      BL       OS_CPU_SR_Restore
    562                  return (OS_ERR_MBOX_FULL);
   \   0000005A   0x2014             MOVS     R0,#+20
   \   0000005C   0xBDF2             POP      {R1,R4-R7,PC}
    563              }
    564              pevent->OSEventPtr = pmsg;                        /* Place message in mailbox                      */
   \                     ??OSMboxPostOpt_6: (+1)
   \   0000005E   0x6065             STR      R5,[R4, #+4]
    565              OS_EXIT_CRITICAL();
   \   00000060   0x4638             MOV      R0,R7
   \   00000062   0x.... 0x....      BL       OS_CPU_SR_Restore
    566              return (OS_ERR_NONE);
   \                     ??OSMboxPostOpt_5: (+1)
   \   00000066   0x2000             MOVS     R0,#+0
   \   00000068   0xBDF2             POP      {R1,R4-R7,PC}    ;; return
    567          }
    568          #endif
    569          
    570          /*$PAGE*/
    571          /*
    572          *********************************************************************************************************
    573          *                                        QUERY A MESSAGE MAILBOX
    574          *
    575          * Description: This function obtains information about a message mailbox.
    576          *
    577          * Arguments  : pevent        is a pointer to the event control block associated with the desired mailbox
    578          *
    579          *              p_mbox_data   is a pointer to a structure that will contain information about the message
    580          *                            mailbox.
    581          *
    582          * Returns    : OS_ERR_NONE         The call was successful and the message was sent
    583          *              OS_ERR_EVENT_TYPE   If you are attempting to obtain data from a non mailbox.
    584          *              OS_ERR_PEVENT_NULL  If 'pevent'      is a NULL pointer
    585          *              OS_ERR_PDATA_NULL   If 'p_mbox_data' is a NULL pointer
    586          *********************************************************************************************************
    587          */
    588          
    589          #if OS_MBOX_QUERY_EN > 0

   \                                 In section .text, align 2, keep-with-next
    590          INT8U  OSMboxQuery (OS_EVENT *pevent, OS_MBOX_DATA *p_mbox_data)
    591          {
   \                     OSMboxQuery: (+1)
   \   00000000   0xB538             PUSH     {R3-R5,LR}
   \   00000002   0x4604             MOV      R4,R0
   \   00000004   0x460D             MOV      R5,R1
    592              INT8U      i;
    593          #if OS_LOWEST_PRIO <= 63
    594              INT8U     *psrc;
    595              INT8U     *pdest;
    596          #else
    597              INT16U    *psrc;
    598              INT16U    *pdest;
    599          #endif
    600          #if OS_CRITICAL_METHOD == 3                                /* Allocate storage for CPU status register */
    601              OS_CPU_SR  cpu_sr = 0;
    602          #endif
    603          
    604          
    605          
    606          #if OS_ARG_CHK_EN > 0
    607              if (pevent == (OS_EVENT *)0) {                         /* Validate 'pevent'                        */
    608                  return (OS_ERR_PEVENT_NULL);
    609              }
    610              if (p_mbox_data == (OS_MBOX_DATA *)0) {                /* Validate 'p_mbox_data'                   */
    611                  return (OS_ERR_PDATA_NULL);
    612              }
    613          #endif
    614              if (pevent->OSEventType != OS_EVENT_TYPE_MBOX) {       /* Validate event block type                */
   \   00000006   0x7820             LDRB     R0,[R4, #+0]
   \   00000008   0x2801             CMP      R0,#+1
   \   0000000A   0xD001             BEQ.N    ??OSMboxQuery_0
    615                  return (OS_ERR_EVENT_TYPE);
   \   0000000C   0x2001             MOVS     R0,#+1
   \   0000000E   0xBD32             POP      {R1,R4,R5,PC}
    616              }
    617              OS_ENTER_CRITICAL();
   \                     ??OSMboxQuery_0: (+1)
   \   00000010   0x.... 0x....      BL       OS_CPU_SR_Save
    618              p_mbox_data->OSEventGrp = pevent->OSEventGrp;          /* Copy message mailbox wait list           */
   \   00000014   0x7AA1             LDRB     R1,[R4, #+10]
   \   00000016   0x7229             STRB     R1,[R5, #+8]
    619              psrc                    = &pevent->OSEventTbl[0];
    620              pdest                   = &p_mbox_data->OSEventTbl[0];
   \   00000018   0x1D2A             ADDS     R2,R5,#+4
   \   0000001A   0xF104 0x010B      ADD      R1,R4,#+11
    621              for (i = 0; i < OS_EVENT_TBL_SIZE; i++) {
    622                  *pdest++ = *psrc++;
   \   0000001E   0x780B             LDRB     R3,[R1, #+0]
   \   00000020   0x7013             STRB     R3,[R2, #+0]
   \   00000022   0x784B             LDRB     R3,[R1, #+1]
   \   00000024   0x7053             STRB     R3,[R2, #+1]
   \   00000026   0x788B             LDRB     R3,[R1, #+2]
   \   00000028   0x7093             STRB     R3,[R2, #+2]
   \   0000002A   0x78C9             LDRB     R1,[R1, #+3]
   \   0000002C   0x70D1             STRB     R1,[R2, #+3]
    623              }
    624              p_mbox_data->OSMsg = pevent->OSEventPtr;               /* Get message from mailbox                 */
   \   0000002E   0x6861             LDR      R1,[R4, #+4]
   \   00000030   0x6029             STR      R1,[R5, #+0]
    625              OS_EXIT_CRITICAL();
   \   00000032   0x.... 0x....      BL       OS_CPU_SR_Restore
    626              return (OS_ERR_NONE);
   \   00000036   0x2000             MOVS     R0,#+0
   \   00000038   0xBD32             POP      {R1,R4,R5,PC}    ;; return
    627          }

   \                                 In section .text, align 4, keep-with-next
   \                     ??DataTable2:
   \   00000000   0x........         DC32     OSIntNesting

   \                                 In section .text, align 4, keep-with-next
   \                     ??DataTable2_1:
   \   00000000   0x........         DC32     OSEventFreeList

   \                                 In section .text, align 4, keep-with-next
   \                     ??DataTable2_2:
   \   00000000   0x........         DC32     OSLockNesting

   \                                 In section .text, align 4, keep-with-next
   \                     ??DataTable2_3:
   \   00000000   0x........         DC32     OSTCBCur
    628          #endif                                                     /* OS_MBOX_QUERY_EN                         */
    629          #endif                                                     /* OS_MBOX_EN                               */

   Maximum stack usage in bytes:

   .cstack Function
   ------- --------
      16   OSMboxAccept
        16   -> OS_CPU_SR_Restore
        16   -> OS_CPU_SR_Save
      16   OSMboxCreate
        16   -> OS_CPU_SR_Restore
        16   -> OS_CPU_SR_Save
        16   -> OS_EventWaitListInit
      24   OSMboxDel
        24   -> OS_CPU_SR_Restore
        24   -> OS_CPU_SR_Save
        24   -> OS_EventTaskRdy
        24   -> OS_Sched
      32   OSMboxPend
        32   -> OS_CPU_SR_Restore
        32   -> OS_CPU_SR_Save
        32   -> OS_EventTaskRemove
        32   -> OS_EventTaskWait
        32   -> OS_Sched
      24   OSMboxPendAbort
        24   -> OS_CPU_SR_Restore
        24   -> OS_CPU_SR_Save
        24   -> OS_EventTaskRdy
        24   -> OS_Sched
      16   OSMboxPost
        16   -> OS_CPU_SR_Restore
        16   -> OS_CPU_SR_Save
        16   -> OS_EventTaskRdy
        16   -> OS_Sched
      24   OSMboxPostOpt
        24   -> OS_CPU_SR_Restore
        24   -> OS_CPU_SR_Save
        24   -> OS_EventTaskRdy
        24   -> OS_Sched
      16   OSMboxQuery
        16   -> OS_CPU_SR_Restore
        16   -> OS_CPU_SR_Save


   Section sizes:

   Bytes  Function/Label
   -----  --------------
       4  ??DataTable2
       4  ??DataTable2_1
       4  ??DataTable2_2
       4  ??DataTable2_3
      32  OSMboxAccept
      64  OSMboxCreate
     176  OSMboxDel
     196  OSMboxPend
     112  OSMboxPendAbort
      76  OSMboxPost
     106  OSMboxPostOpt
      58  OSMboxQuery

 
 836 bytes in section .text
 
 836 bytes of CODE memory

Errors: none
Warnings: none
