###############################################################################
#
# IAR ANSI C/C++ Compiler V7.50.2.10312/W32 for ARM       09/Feb/2018  16:15:02
# Copyright 1999-2015 IAR Systems AB.
#
#    Cpu mode     =  thumb
#    Endian       =  little
#    Source file  =  
#        E:\HW Projects\ControlHome\CntrHome - RF69w\uCOS-II\Source\os_sem.c
#    Command line =  
#        "E:\HW Projects\ControlHome\CntrHome - RF69w\uCOS-II\Source\os_sem.c"
#        -lCN "E:\HW Projects\ControlHome\CntrHome - RF69w\Debug\List" -o
#        "E:\HW Projects\ControlHome\CntrHome - RF69w\Debug\Obj" --debug
#        --endian=little --cpu=Cortex-M3 -e --fpu=None --dlib_config
#        "C:\Program Files (x86)\IAR Systems\Embedded Workbench
#        7.3\arm\INC\c\DLib_Config_Normal.h" -I "E:\HW
#        Projects\ControlHome\CntrHome - RF69w\" -I "E:\HW
#        Projects\ControlHome\CntrHome - RF69w\APP\" -I "E:\HW
#        Projects\ControlHome\CntrHome - RF69w\BSP\" -I "E:\HW
#        Projects\ControlHome\CntrHome - RF69w\CPU\inc\" -I "E:\HW
#        Projects\ControlHome\CntrHome - RF69w\uC-CPU\" -I "E:\HW
#        Projects\ControlHome\CntrHome - RF69w\uC-RTC\" -I "E:\HW
#        Projects\ControlHome\CntrHome - RF69w\uC-LIB\" -I "E:\HW
#        Projects\ControlHome\CntrHome - RF69w\uCOS-II\Ports\" -I "E:\HW
#        Projects\ControlHome\CntrHome - RF69w\uCOS-II\Source\" -I "E:\HW
#        Projects\ControlHome\CntrHome - RF69w\I2C-Out\" -I "E:\HW
#        Projects\ControlHome\CntrHome - RF69w\Direct_Sw\" -I "E:\HW
#        Projects\ControlHome\CntrHome - RF69w\Wdt_led\" -I "E:\HW
#        Projects\ControlHome\CntrHome - RF69w\uC-LCD\" -I "E:\HW
#        Projects\ControlHome\CntrHome - RF69w\uC-RF\" -I "E:\HW
#        Projects\ControlHome\CntrHome - RF69w\uC-FatFS\" -I "E:\HW
#        Projects\ControlHome\CntrHome - RF69w\uC-FatFS\api\" -I "E:\HW
#        Projects\ControlHome\CntrHome - RF69w\uC-FatFS\config\" -I "E:\HW
#        Projects\ControlHome\CntrHome - RF69w\uC-FatFS\os\" -I "E:\HW
#        Projects\ControlHome\CntrHome - RF69w\uC-FatFS\fsl\fat\" -I "E:\HW
#        Projects\ControlHome\CntrHome - RF69w\uC-FatFS\clib\" -I "E:\HW
#        Projects\ControlHome\CntrHome - RF69w\uC-FatFS\lbl\" -I "E:\HW
#        Projects\ControlHome\CntrHome - RF69w\uC-FatFS\device\mmc\" -I "E:\HW
#        Projects\ControlHome\CntrHome - RF69w\uC-FatFS\file\" -I "E:\HW
#        Projects\ControlHome\CntrHome - RF69w\uC-Terminal\src\" -I "E:\HW
#        Projects\ControlHome\CntrHome - RF69w\uC-Terminal\inc\" -Oh
#    List file    =  
#        E:\HW Projects\ControlHome\CntrHome - RF69w\Debug\List\os_sem.lst
#    Object file  =  
#        E:\HW Projects\ControlHome\CntrHome - RF69w\Debug\Obj\os_sem.o
#
###############################################################################

E:\HW Projects\ControlHome\CntrHome - RF69w\uCOS-II\Source\os_sem.c
      1          /*
      2          *********************************************************************************************************
      3          *                                                uC/OS-II
      4          *                                          The Real-Time Kernel
      5          *                                          SEMAPHORE MANAGEMENT
      6          *
      7          *                              (c) Copyright 1992-2007, Micrium, Weston, FL
      8          *                                           All Rights Reserved
      9          *
     10          * File    : OS_SEM.C
     11          * By      : Jean J. Labrosse
     12          * Version : V2.86
     13          *
     14          * LICENSING TERMS:
     15          * ---------------
     16          *   uC/OS-II is provided in source form for FREE evaluation, for educational use or for peaceful research.  
     17          * If you plan on using  uC/OS-II  in a commercial product you need to contact Micriµm to properly license 
     18          * its use in your product. We provide ALL the source code for your convenience and to help you experience 
     19          * uC/OS-II.   The fact that the  source is provided does  NOT  mean that you can use it without  paying a 
     20          * licensing fee.
     21          *********************************************************************************************************
     22          */
     23          
     24          #ifndef  OS_MASTER_FILE
     25          #include <ucos_ii.h>
     26          #endif
     27          
     28          #if OS_SEM_EN > 0
     29          /*$PAGE*/
     30          /*
     31          *********************************************************************************************************
     32          *                                           ACCEPT SEMAPHORE
     33          *
     34          * Description: This function checks the semaphore to see if a resource is available or, if an event
     35          *              occurred.  Unlike OSSemPend(), OSSemAccept() does not suspend the calling task if the
     36          *              resource is not available or the event did not occur.
     37          *
     38          * Arguments  : pevent     is a pointer to the event control block
     39          *
     40          * Returns    : >  0       if the resource is available or the event did not occur the semaphore is
     41          *                         decremented to obtain the resource.
     42          *              == 0       if the resource is not available or the event did not occur or,
     43          *                         if 'pevent' is a NULL pointer or,
     44          *                         if you didn't pass a pointer to a semaphore
     45          *********************************************************************************************************
     46          */
     47          
     48          #if OS_SEM_ACCEPT_EN > 0

   \                                 In section .text, align 2, keep-with-next
     49          INT16U  OSSemAccept (OS_EVENT *pevent)
     50          {
   \                     OSSemAccept: (+1)
   \   00000000   0xB538             PUSH     {R3-R5,LR}
   \   00000002   0x4604             MOV      R4,R0
     51              INT16U     cnt;
     52          #if OS_CRITICAL_METHOD == 3                           /* Allocate storage for CPU status register      */
     53              OS_CPU_SR  cpu_sr = 0;
     54          #endif
     55          
     56          
     57          
     58          #if OS_ARG_CHK_EN > 0
     59              if (pevent == (OS_EVENT *)0) {                    /* Validate 'pevent'                             */
     60                  return (0);
     61              }
     62          #endif
     63              if (pevent->OSEventType != OS_EVENT_TYPE_SEM) {   /* Validate event block type                     */
   \   00000004   0x7820             LDRB     R0,[R4, #+0]
   \   00000006   0x2803             CMP      R0,#+3
   \   00000008   0xD001             BEQ.N    ??OSSemAccept_0
     64                  return (0);
   \   0000000A   0x2000             MOVS     R0,#+0
   \   0000000C   0xBD32             POP      {R1,R4,R5,PC}
     65              }
     66              OS_ENTER_CRITICAL();
   \                     ??OSSemAccept_0: (+1)
   \   0000000E   0x.... 0x....      BL       OS_CPU_SR_Save
     67              cnt = pevent->OSEventCnt;
   \   00000012   0x8921             LDRH     R1,[R4, #+8]
   \   00000014   0x000D             MOVS     R5,R1
     68              if (cnt > 0) {                                    /* See if resource is available                  */
   \   00000016   0xBF1C             ITT      NE 
   \   00000018   0x1E49             SUBNE    R1,R1,#+1
   \   0000001A   0x8121             STRHNE   R1,[R4, #+8]
     69                  pevent->OSEventCnt--;                         /* Yes, decrement semaphore and notify caller    */
     70              }
     71              OS_EXIT_CRITICAL();
   \   0000001C   0x.... 0x....      BL       OS_CPU_SR_Restore
     72              return (cnt);                                     /* Return semaphore count                        */
   \   00000020   0x4628             MOV      R0,R5
   \   00000022   0xBD32             POP      {R1,R4,R5,PC}    ;; return
     73          }
     74          #endif
     75          
     76          /*$PAGE*/
     77          /*
     78          *********************************************************************************************************
     79          *                                           CREATE A SEMAPHORE
     80          *
     81          * Description: This function creates a semaphore.
     82          *
     83          * Arguments  : cnt           is the initial value for the semaphore.  If the value is 0, no resource is
     84          *                            available (or no event has occurred).  You initialize the semaphore to a
     85          *                            non-zero value to specify how many resources are available (e.g. if you have
     86          *                            10 resources, you would initialize the semaphore to 10).
     87          *
     88          * Returns    : != (void *)0  is a pointer to the event control block (OS_EVENT) associated with the
     89          *                            created semaphore
     90          *              == (void *)0  if no event control blocks were available
     91          *********************************************************************************************************
     92          */
     93          

   \                                 In section .text, align 2, keep-with-next
     94          OS_EVENT  *OSSemCreate (INT16U cnt)
     95          {
   \                     OSSemCreate: (+1)
   \   00000000   0xB538             PUSH     {R3-R5,LR}
   \   00000002   0x4605             MOV      R5,R0
     96              OS_EVENT  *pevent;
     97          #if OS_CRITICAL_METHOD == 3                                /* Allocate storage for CPU status register */
     98              OS_CPU_SR  cpu_sr = 0;
     99          #endif
    100          
    101          
    102          
    103              if (OSIntNesting > 0) {                                /* See if called from ISR ...               */
   \   00000004   0x....             LDR.N    R0,??DataTable2
   \   00000006   0x7800             LDRB     R0,[R0, #+0]
   \   00000008   0xB108             CBZ.N    R0,??OSSemCreate_0
    104                  return ((OS_EVENT *)0);                            /* ... can't CREATE from an ISR             */
   \   0000000A   0x2000             MOVS     R0,#+0
   \   0000000C   0xBD32             POP      {R1,R4,R5,PC}
    105              }
    106              OS_ENTER_CRITICAL();
   \                     ??OSSemCreate_0: (+1)
   \   0000000E   0x.... 0x....      BL       OS_CPU_SR_Save
    107              pevent = OSEventFreeList;                              /* Get next free event control block        */
   \   00000012   0x....             LDR.N    R1,??DataTable2_1
   \   00000014   0x680A             LDR      R2,[R1, #+0]
   \   00000016   0x0014             MOVS     R4,R2
    108              if (OSEventFreeList != (OS_EVENT *)0) {                /* See if pool of free ECB pool was empty   */
   \   00000018   0xBF1C             ITT      NE 
   \   0000001A   0x6852             LDRNE    R2,[R2, #+4]
   \   0000001C   0x600A             STRNE    R2,[R1, #+0]
    109                  OSEventFreeList = (OS_EVENT *)OSEventFreeList->OSEventPtr;
    110              }
    111              OS_EXIT_CRITICAL();
   \   0000001E   0x.... 0x....      BL       OS_CPU_SR_Restore
    112              if (pevent != (OS_EVENT *)0) {                         /* Get an event control block               */
   \   00000022   0xB15C             CBZ.N    R4,??OSSemCreate_1
    113                  pevent->OSEventType    = OS_EVENT_TYPE_SEM;
   \   00000024   0x2003             MOVS     R0,#+3
   \   00000026   0x7020             STRB     R0,[R4, #+0]
    114                  pevent->OSEventCnt     = cnt;                      /* Set semaphore value                      */
   \   00000028   0x8125             STRH     R5,[R4, #+8]
    115                  pevent->OSEventPtr     = (void *)0;                /* Unlink from ECB free list                */
   \   0000002A   0x2000             MOVS     R0,#+0
   \   0000002C   0x6060             STR      R0,[R4, #+4]
    116          #if OS_EVENT_NAME_SIZE > 1
    117                  pevent->OSEventName[0] = '?';                      /* Unknown name                             */
   \   0000002E   0x203F             MOVS     R0,#+63
   \   00000030   0x73E0             STRB     R0,[R4, #+15]
    118                  pevent->OSEventName[1] = OS_ASCII_NUL;
   \   00000032   0x2000             MOVS     R0,#+0
   \   00000034   0x7420             STRB     R0,[R4, #+16]
    119          #endif
    120                  OS_EventWaitListInit(pevent);                      /* Initialize to 'nobody waiting' on sem.   */
   \   00000036   0x4620             MOV      R0,R4
   \   00000038   0x.... 0x....      BL       OS_EventWaitListInit
    121              }
    122              return (pevent);
   \                     ??OSSemCreate_1: (+1)
   \   0000003C   0x4620             MOV      R0,R4
   \   0000003E   0xBD32             POP      {R1,R4,R5,PC}    ;; return
    123          }
    124          
    125          /*$PAGE*/
    126          /*
    127          *********************************************************************************************************
    128          *                                         DELETE A SEMAPHORE
    129          *
    130          * Description: This function deletes a semaphore and readies all tasks pending on the semaphore.
    131          *
    132          * Arguments  : pevent        is a pointer to the event control block associated with the desired
    133          *                            semaphore.
    134          *
    135          *              opt           determines delete options as follows:
    136          *                            opt == OS_DEL_NO_PEND   Delete semaphore ONLY if no task pending
    137          *                            opt == OS_DEL_ALWAYS    Deletes the semaphore even if tasks are waiting.
    138          *                                                    In this case, all the tasks pending will be readied.
    139          *
    140          *              perr          is a pointer to an error code that can contain one of the following values:
    141          *                            OS_ERR_NONE             The call was successful and the semaphore was deleted
    142          *                            OS_ERR_DEL_ISR          If you attempted to delete the semaphore from an ISR
    143          *                            OS_ERR_INVALID_OPT      An invalid option was specified
    144          *                            OS_ERR_TASK_WAITING     One or more tasks were waiting on the semaphore
    145          *                            OS_ERR_EVENT_TYPE       If you didn't pass a pointer to a semaphore
    146          *                            OS_ERR_PEVENT_NULL      If 'pevent' is a NULL pointer.
    147          *
    148          * Returns    : pevent        upon error
    149          *              (OS_EVENT *)0 if the semaphore was successfully deleted.
    150          *
    151          * Note(s)    : 1) This function must be used with care.  Tasks that would normally expect the presence of
    152          *                 the semaphore MUST check the return code of OSSemPend().
    153          *              2) OSSemAccept() callers will not know that the intended semaphore has been deleted unless
    154          *                 they check 'pevent' to see that it's a NULL pointer.
    155          *              3) This call can potentially disable interrupts for a long time.  The interrupt disable
    156          *                 time is directly proportional to the number of tasks waiting on the semaphore.
    157          *              4) Because ALL tasks pending on the semaphore will be readied, you MUST be careful in
    158          *                 applications where the semaphore is used for mutual exclusion because the resource(s)
    159          *                 will no longer be guarded by the semaphore.
    160          *********************************************************************************************************
    161          */
    162          
    163          #if OS_SEM_DEL_EN > 0

   \                                 In section .text, align 2, keep-with-next
    164          OS_EVENT  *OSSemDel (OS_EVENT *pevent, INT8U opt, INT8U *perr)
    165          {
   \                     OSSemDel: (+1)
   \   00000000   0xE92D 0x41F0      PUSH     {R4-R8,LR}
   \   00000004   0x4604             MOV      R4,R0
   \   00000006   0x460E             MOV      R6,R1
    166              BOOLEAN    tasks_waiting;
    167              OS_EVENT  *pevent_return;
    168          #if OS_CRITICAL_METHOD == 3                                /* Allocate storage for CPU status register */
    169              OS_CPU_SR  cpu_sr = 0;
    170          #endif
    171          
    172          
    173          
    174          #if OS_ARG_CHK_EN > 0
    175              if (perr == (INT8U *)0) {                              /* Validate 'perr'                          */
    176                  return (pevent);
    177              }
    178              if (pevent == (OS_EVENT *)0) {                         /* Validate 'pevent'                        */
    179                  *perr = OS_ERR_PEVENT_NULL;
    180                  return (pevent);
    181              }
    182          #endif
    183              if (pevent->OSEventType != OS_EVENT_TYPE_SEM) {        /* Validate event block type                */
   \   00000008   0x7820             LDRB     R0,[R4, #+0]
   \   0000000A   0x2803             CMP      R0,#+3
   \   0000000C   0x4615             MOV      R5,R2
   \   0000000E   0xD002             BEQ.N    ??OSSemDel_0
    184                  *perr = OS_ERR_EVENT_TYPE;
   \   00000010   0x2001             MOVS     R0,#+1
   \   00000012   0x7028             STRB     R0,[R5, #+0]
    185                  return (pevent);
   \   00000014   0xE049             B.N      ??OSSemDel_1
    186              }
    187              if (OSIntNesting > 0) {                                /* See if called from ISR ...               */
   \                     ??OSSemDel_0: (+1)
   \   00000016   0x....             LDR.N    R0,??DataTable2
   \   00000018   0x7800             LDRB     R0,[R0, #+0]
   \   0000001A   0xB110             CBZ.N    R0,??OSSemDel_2
    188                  *perr = OS_ERR_DEL_ISR;                             /* ... can't DELETE from an ISR             */
   \   0000001C   0x200F             MOVS     R0,#+15
   \   0000001E   0x7028             STRB     R0,[R5, #+0]
    189                  return (pevent);
   \   00000020   0xE043             B.N      ??OSSemDel_1
    190              }
    191              OS_ENTER_CRITICAL();
   \                     ??OSSemDel_2: (+1)
   \   00000022   0x.... 0x....      BL       OS_CPU_SR_Save
   \   00000026   0x4680             MOV      R8,R0
    192              if (pevent->OSEventGrp != 0) {                         /* See if any tasks waiting on semaphore    */
   \   00000028   0x7AA0             LDRB     R0,[R4, #+10]
   \   0000002A   0x1E47             SUBS     R7,R0,#+1
   \   0000002C   0x41BF             SBCS     R7,R7,R7
   \   0000002E   0x43FF             MVNS     R7,R7
   \   00000030   0x0FFF             LSRS     R7,R7,#+31
    193                  tasks_waiting = OS_TRUE;                           /* Yes                                      */
    194              } else {
    195                  tasks_waiting = OS_FALSE;                          /* No                                       */
    196              }
    197              switch (opt) {
   \   00000032   0xB116             CBZ.N    R6,??OSSemDel_3
   \   00000034   0x2E01             CMP      R6,#+1
   \   00000036   0xD01B             BEQ.N    ??OSSemDel_4
   \   00000038   0xE032             B.N      ??OSSemDel_5
    198                  case OS_DEL_NO_PEND:                               /* Delete semaphore only if no task waiting */
    199                       if (tasks_waiting == OS_FALSE) {
   \                     ??OSSemDel_3: (+1)
   \   0000003A   0xB977             CBNZ.N   R7,??OSSemDel_6
    200          #if OS_EVENT_NAME_SIZE > 1
    201                           pevent->OSEventName[0] = '?';             /* Unknown name                             */
   \   0000003C   0x203F             MOVS     R0,#+63
   \   0000003E   0x73E0             STRB     R0,[R4, #+15]
    202                           pevent->OSEventName[1] = OS_ASCII_NUL;
   \   00000040   0x2000             MOVS     R0,#+0
   \   00000042   0x7420             STRB     R0,[R4, #+16]
    203          #endif
    204                           pevent->OSEventType    = OS_EVENT_TYPE_UNUSED;
   \   00000044   0x7020             STRB     R0,[R4, #+0]
    205                           pevent->OSEventPtr     = OSEventFreeList; /* Return Event Control Block to free list  */
   \   00000046   0x....             LDR.N    R0,??DataTable2_1
   \   00000048   0x6801             LDR      R1,[R0, #+0]
   \   0000004A   0x6061             STR      R1,[R4, #+4]
    206                           pevent->OSEventCnt     = 0;
   \   0000004C   0x2100             MOVS     R1,#+0
   \   0000004E   0x8121             STRH     R1,[R4, #+8]
    207                           OSEventFreeList        = pevent;          /* Get next free event control block        */
   \   00000050   0x6004             STR      R4,[R0, #+0]
    208                           OS_EXIT_CRITICAL();
   \   00000052   0x4640             MOV      R0,R8
   \   00000054   0x.... 0x....      BL       OS_CPU_SR_Restore
    209                           *perr                  = OS_ERR_NONE;
   \   00000058   0xE01E             B.N      ??OSSemDel_7
    210                           pevent_return          = (OS_EVENT *)0;   /* Semaphore has been deleted               */
    211                       } else {
    212                           OS_EXIT_CRITICAL();
   \                     ??OSSemDel_6: (+1)
   \   0000005A   0x4640             MOV      R0,R8
   \   0000005C   0x.... 0x....      BL       OS_CPU_SR_Restore
    213                           *perr                  = OS_ERR_TASK_WAITING;
   \   00000060   0x2049             MOVS     R0,#+73
   \   00000062   0xE021             B.N      ??OSSemDel_8
    214                           pevent_return          = pevent;
    215                       }
    216                       break;
    217          
    218                  case OS_DEL_ALWAYS:                                /* Always delete the semaphore              */
    219                       while (pevent->OSEventGrp != 0) {             /* Ready ALL tasks waiting for semaphore    */
    220                           (void)OS_EventTaskRdy(pevent, (void *)0, OS_STAT_SEM, OS_STAT_PEND_OK);
   \                     ??OSSemDel_9: (+1)
   \   00000064   0x2300             MOVS     R3,#+0
   \   00000066   0x2201             MOVS     R2,#+1
   \   00000068   0x2100             MOVS     R1,#+0
   \   0000006A   0x4620             MOV      R0,R4
   \   0000006C   0x.... 0x....      BL       OS_EventTaskRdy
    221                       }
   \                     ??OSSemDel_4: (+1)
   \   00000070   0x7AA0             LDRB     R0,[R4, #+10]
   \   00000072   0x2800             CMP      R0,#+0
   \   00000074   0xD1F6             BNE.N    ??OSSemDel_9
    222          #if OS_EVENT_NAME_SIZE > 1
    223                       pevent->OSEventName[0] = '?';                 /* Unknown name                             */
   \   00000076   0x203F             MOVS     R0,#+63
   \   00000078   0x73E0             STRB     R0,[R4, #+15]
    224                       pevent->OSEventName[1] = OS_ASCII_NUL;
   \   0000007A   0x2000             MOVS     R0,#+0
   \   0000007C   0x7420             STRB     R0,[R4, #+16]
    225          #endif
    226                       pevent->OSEventType    = OS_EVENT_TYPE_UNUSED;
   \   0000007E   0x7020             STRB     R0,[R4, #+0]
    227                       pevent->OSEventPtr     = OSEventFreeList;     /* Return Event Control Block to free list  */
   \   00000080   0x....             LDR.N    R0,??DataTable2_1
   \   00000082   0x6801             LDR      R1,[R0, #+0]
   \   00000084   0x6061             STR      R1,[R4, #+4]
    228                       pevent->OSEventCnt     = 0;
   \   00000086   0x2100             MOVS     R1,#+0
   \   00000088   0x8121             STRH     R1,[R4, #+8]
    229                       OSEventFreeList        = pevent;              /* Get next free event control block        */
   \   0000008A   0x6004             STR      R4,[R0, #+0]
    230                       OS_EXIT_CRITICAL();
   \   0000008C   0x4640             MOV      R0,R8
   \   0000008E   0x.... 0x....      BL       OS_CPU_SR_Restore
    231                       if (tasks_waiting == OS_TRUE) {               /* Reschedule only if task(s) were waiting  */
   \   00000092   0xB10F             CBZ.N    R7,??OSSemDel_7
    232                           OS_Sched();                               /* Find highest priority task ready to run  */
   \   00000094   0x.... 0x....      BL       OS_Sched
    233                       }
    234                       *perr                  = OS_ERR_NONE;
   \                     ??OSSemDel_7: (+1)
   \   00000098   0x2000             MOVS     R0,#+0
   \   0000009A   0x7028             STRB     R0,[R5, #+0]
    235                       pevent_return          = (OS_EVENT *)0;       /* Semaphore has been deleted               */
   \   0000009C   0x2400             MOVS     R4,#+0
    236                       break;
   \   0000009E   0xE004             B.N      ??OSSemDel_1
    237          
    238                  default:
    239                       OS_EXIT_CRITICAL();
   \                     ??OSSemDel_5: (+1)
   \   000000A0   0x4640             MOV      R0,R8
   \   000000A2   0x.... 0x....      BL       OS_CPU_SR_Restore
    240                       *perr                  = OS_ERR_INVALID_OPT;
   \   000000A6   0x2007             MOVS     R0,#+7
   \                     ??OSSemDel_8: (+1)
   \   000000A8   0x7028             STRB     R0,[R5, #+0]
    241                       pevent_return          = pevent;
    242                       break;
    243              }
    244              return (pevent_return);
   \                     ??OSSemDel_1: (+1)
   \   000000AA   0x4620             MOV      R0,R4
   \   000000AC   0xE8BD 0x81F0      POP      {R4-R8,PC}       ;; return
    245          }
    246          #endif
    247          
    248          /*$PAGE*/
    249          /*
    250          *********************************************************************************************************
    251          *                                           PEND ON SEMAPHORE
    252          *
    253          * Description: This function waits for a semaphore.
    254          *
    255          * Arguments  : pevent        is a pointer to the event control block associated with the desired
    256          *                            semaphore.
    257          *
    258          *              timeout       is an optional timeout period (in clock ticks).  If non-zero, your task will
    259          *                            wait for the resource up to the amount of time specified by this argument.
    260          *                            If you specify 0, however, your task will wait forever at the specified
    261          *                            semaphore or, until the resource becomes available (or the event occurs).
    262          *
    263          *              perr          is a pointer to where an error message will be deposited.  Possible error
    264          *                            messages are:
    265          *
    266          *                            OS_ERR_NONE         The call was successful and your task owns the resource
    267          *                                                or, the event you are waiting for occurred.
    268          *                            OS_ERR_TIMEOUT      The semaphore was not received within the specified
    269          *                                                'timeout'.
    270          *                            OS_ERR_PEND_ABORT   The wait on the semaphore was aborted.
    271          *                            OS_ERR_EVENT_TYPE   If you didn't pass a pointer to a semaphore.
    272          *                            OS_ERR_PEND_ISR     If you called this function from an ISR and the result
    273          *                                                would lead to a suspension.
    274          *                            OS_ERR_PEVENT_NULL  If 'pevent' is a NULL pointer.
    275          *                            OS_ERR_PEND_LOCKED  If you called this function when the scheduler is locked
    276          *
    277          * Returns    : none
    278          *********************************************************************************************************
    279          */
    280          /*$PAGE*/

   \                                 In section .text, align 2, keep-with-next
    281          void  OSSemPend (OS_EVENT *pevent, INT16U timeout, INT8U *perr)
    282          {
   \                     OSSemPend: (+1)
   \   00000000   0xE92D 0x41F0      PUSH     {R4-R8,LR}
   \   00000004   0x4605             MOV      R5,R0
   \   00000006   0x460E             MOV      R6,R1
    283          #if OS_CRITICAL_METHOD == 3                           /* Allocate storage for CPU status register      */
    284              OS_CPU_SR  cpu_sr = 0;
    285          #endif
    286          
    287          
    288          
    289          #if OS_ARG_CHK_EN > 0
    290              if (perr == (INT8U *)0) {                         /* Validate 'perr'                               */
    291                  return;
    292              }
    293              if (pevent == (OS_EVENT *)0) {                    /* Validate 'pevent'                             */
    294                  *perr = OS_ERR_PEVENT_NULL;
    295                  return;
    296              }
    297          #endif
    298              if (pevent->OSEventType != OS_EVENT_TYPE_SEM) {   /* Validate event block type                     */
   \   00000008   0x7828             LDRB     R0,[R5, #+0]
   \   0000000A   0x2803             CMP      R0,#+3
   \   0000000C   0x4614             MOV      R4,R2
   \   0000000E   0xBF18             IT       NE 
   \   00000010   0x2001             MOVNE    R0,#+1
    299                  *perr = OS_ERR_EVENT_TYPE;
   \   00000012   0xD114             BNE.N    ??OSSemPend_0
    300                  return;
    301              }
    302              if (OSIntNesting > 0) {                           /* See if called from ISR ...                    */
   \   00000014   0x....             LDR.N    R0,??DataTable2
   \   00000016   0x7800             LDRB     R0,[R0, #+0]
   \   00000018   0xB108             CBZ.N    R0,??OSSemPend_1
    303                  *perr = OS_ERR_PEND_ISR;                      /* ... can't PEND from an ISR                    */
   \   0000001A   0x2002             MOVS     R0,#+2
   \   0000001C   0xE00F             B.N      ??OSSemPend_0
    304                  return;
    305              }
    306              if (OSLockNesting > 0) {                          /* See if called with scheduler locked ...       */
   \                     ??OSSemPend_1: (+1)
   \   0000001E   0x....             LDR.N    R0,??DataTable2_2
   \   00000020   0x7800             LDRB     R0,[R0, #+0]
   \   00000022   0xB108             CBZ.N    R0,??OSSemPend_2
    307                  *perr = OS_ERR_PEND_LOCKED;                   /* ... can't PEND when locked                    */
   \   00000024   0x200D             MOVS     R0,#+13
   \   00000026   0xE00A             B.N      ??OSSemPend_0
    308                  return;
    309              }
    310              OS_ENTER_CRITICAL();
   \                     ??OSSemPend_2: (+1)
   \   00000028   0x.... 0x....      BL       OS_CPU_SR_Save
   \   0000002C   0x4680             MOV      R8,R0
    311              if (pevent->OSEventCnt > 0) {                     /* If sem. is positive, resource available ...   */
   \   0000002E   0x8928             LDRH     R0,[R5, #+8]
   \   00000030   0xB130             CBZ.N    R0,??OSSemPend_3
    312                  pevent->OSEventCnt--;                         /* ... decrement semaphore only if positive.     */
   \   00000032   0x1E40             SUBS     R0,R0,#+1
   \   00000034   0x8128             STRH     R0,[R5, #+8]
    313                  OS_EXIT_CRITICAL();
   \   00000036   0x4640             MOV      R0,R8
   \   00000038   0x.... 0x....      BL       OS_CPU_SR_Restore
    314                  *perr = OS_ERR_NONE;
   \   0000003C   0x2000             MOVS     R0,#+0
    315                  return;
    316              }
   \                     ??OSSemPend_0: (+1)
   \   0000003E   0x....             B.N      ?Subroutine0
    317                                                                /* Otherwise, must wait until event occurs       */
    318              OSTCBCur->OSTCBStat     |= OS_STAT_SEM;           /* Resource not available, pend on semaphore     */
   \                     ??OSSemPend_3: (+1)
   \   00000040   0x....             LDR.N    R7,??DataTable2_3
   \   00000042   0x6838             LDR      R0,[R7, #+0]
   \   00000044   0xF890 0x1030      LDRB     R1,[R0, #+48]
   \   00000048   0xF041 0x0101      ORR      R1,R1,#0x1
   \   0000004C   0xF880 0x1030      STRB     R1,[R0, #+48]
    319              OSTCBCur->OSTCBStatPend  = OS_STAT_PEND_OK;
   \   00000050   0x2000             MOVS     R0,#+0
   \   00000052   0x6839             LDR      R1,[R7, #+0]
   \   00000054   0xF881 0x0031      STRB     R0,[R1, #+49]
    320              OSTCBCur->OSTCBDly       = timeout;               /* Store pend timeout in TCB                     */
   \   00000058   0x6838             LDR      R0,[R7, #+0]
   \   0000005A   0x85C6             STRH     R6,[R0, #+46]
    321              OS_EventTaskWait(pevent);                         /* Suspend task until event or timeout occurs    */
   \   0000005C   0x4628             MOV      R0,R5
   \   0000005E   0x.... 0x....      BL       OS_EventTaskWait
    322              OS_EXIT_CRITICAL();
   \   00000062   0x4640             MOV      R0,R8
   \   00000064   0x.... 0x....      BL       OS_CPU_SR_Restore
    323              OS_Sched();                                       /* Find next highest priority task ready         */
   \   00000068   0x.... 0x....      BL       OS_Sched
    324              OS_ENTER_CRITICAL();
   \   0000006C   0x.... 0x....      BL       OS_CPU_SR_Save
   \   00000070   0x4606             MOV      R6,R0
    325              switch (OSTCBCur->OSTCBStatPend) {                /* See if we timed-out or aborted                */
   \   00000072   0x6838             LDR      R0,[R7, #+0]
   \   00000074   0xF890 0x1031      LDRB     R1,[R0, #+49]
   \   00000078   0xB111             CBZ.N    R1,??OSSemPend_4
   \   0000007A   0x2902             CMP      R1,#+2
   \   0000007C   0xD002             BEQ.N    ??OSSemPend_5
   \   0000007E   0xE003             B.N      ??OSSemPend_6
    326                  case OS_STAT_PEND_OK:
    327                       *perr = OS_ERR_NONE;
   \                     ??OSSemPend_4: (+1)
   \   00000080   0x2000             MOVS     R0,#+0
   \   00000082   0xE005             B.N      ??OSSemPend_7
    328                       break;
    329          
    330                  case OS_STAT_PEND_ABORT:
    331                       *perr = OS_ERR_PEND_ABORT;               /* Indicate that we aborted                      */
   \                     ??OSSemPend_5: (+1)
   \   00000084   0x200E             MOVS     R0,#+14
   \   00000086   0xE003             B.N      ??OSSemPend_7
    332                       break;
    333          
    334                  case OS_STAT_PEND_TO:
    335                  default:        
    336                       OS_EventTaskRemove(OSTCBCur, pevent);
   \                     ??OSSemPend_6: (+1)
   \   00000088   0x4629             MOV      R1,R5
   \   0000008A   0x.... 0x....      BL       OS_EventTaskRemove
    337                       *perr = OS_ERR_TIMEOUT;                  /* Indicate that we didn't get event within TO   */
   \   0000008E   0x200A             MOVS     R0,#+10
   \                     ??OSSemPend_7: (+1)
   \   00000090   0x7020             STRB     R0,[R4, #+0]
    338                       break;
    339              }
    340              OSTCBCur->OSTCBStat          =  OS_STAT_RDY;      /* Set   task  status to ready                   */
   \   00000092   0x2000             MOVS     R0,#+0
   \   00000094   0x6839             LDR      R1,[R7, #+0]
   \   00000096   0xF881 0x0030      STRB     R0,[R1, #+48]
    341              OSTCBCur->OSTCBStatPend      =  OS_STAT_PEND_OK;  /* Clear pend  status                            */
   \   0000009A   0x6839             LDR      R1,[R7, #+0]
   \   0000009C   0xF881 0x0031      STRB     R0,[R1, #+49]
    342              OSTCBCur->OSTCBEventPtr      = (OS_EVENT  *)0;    /* Clear event pointers                          */
   \   000000A0   0x2100             MOVS     R1,#+0
   \   000000A2   0x6838             LDR      R0,[R7, #+0]
   \   000000A4   0x61C1             STR      R1,[R0, #+28]
    343          #if (OS_EVENT_MULTI_EN > 0)
    344              OSTCBCur->OSTCBEventMultiPtr = (OS_EVENT **)0;
   \   000000A6   0x6201             STR      R1,[R0, #+32]
    345          #endif
    346              OS_EXIT_CRITICAL();
   \   000000A8   0x4630             MOV      R0,R6
   \   000000AA   0xE8BD 0x41F0      POP      {R4-R8,LR}
   \   000000AE   0x.... 0x....      B.W      OS_CPU_SR_Restore
    347          }

   \                                 In section .text, align 2, keep-with-next
   \                     ?Subroutine0: (+1)
   \   00000000   0x7020             STRB     R0,[R4, #+0]
   \   00000002   0xE8BD 0x81F0      POP      {R4-R8,PC}
    348          
    349          /*$PAGE*/
    350          /*
    351          *********************************************************************************************************
    352          *                                      ABORT WAITING ON A SEMAPHORE
    353          *
    354          * Description: This function aborts & readies any tasks currently waiting on a semaphore.  This function 
    355          *              should be used to fault-abort the wait on the semaphore, rather than to normally signal
    356          *              the semaphore via OSSemPost().
    357          *
    358          * Arguments  : pevent        is a pointer to the event control block associated with the desired
    359          *                            semaphore.
    360          *
    361          *              opt           determines the type of ABORT performed:
    362          *                            OS_PEND_OPT_NONE         ABORT wait for a single task (HPT) waiting on the
    363          *                                                     semaphore
    364          *                            OS_PEND_OPT_BROADCAST    ABORT wait for ALL tasks that are  waiting on the
    365          *                                                     semaphore
    366          *
    367          *              perr          is a pointer to where an error message will be deposited.  Possible error
    368          *                            messages are:
    369          *
    370          *                            OS_ERR_NONE         No tasks were     waiting on the semaphore.
    371          *                            OS_ERR_PEND_ABORT   At least one task waiting on the semaphore was readied
    372          *                                                and informed of the aborted wait; check return value 
    373          *                                                for the number of tasks whose wait on the semaphore 
    374          *                                                was aborted.
    375          *                            OS_ERR_EVENT_TYPE   If you didn't pass a pointer to a semaphore.
    376          *                            OS_ERR_PEVENT_NULL  If 'pevent' is a NULL pointer.
    377          *
    378          * Returns    : == 0          if no tasks were waiting on the semaphore, or upon error.
    379          *              >  0          if one or more tasks waiting on the semaphore are now readied and informed.
    380          *********************************************************************************************************
    381          */
    382          
    383          #if OS_SEM_PEND_ABORT_EN > 0

   \                                 In section .text, align 2, keep-with-next
    384          INT8U  OSSemPendAbort (OS_EVENT *pevent, INT8U opt, INT8U *perr)
    385          {
   \                     OSSemPendAbort: (+1)
   \   00000000   0xE92D 0x41F0      PUSH     {R4-R8,LR}
   \   00000004   0x4605             MOV      R5,R0
   \   00000006   0x460E             MOV      R6,R1
    386              INT8U      nbr_tasks;
    387          #if OS_CRITICAL_METHOD == 3                           /* Allocate storage for CPU status register      */
    388              OS_CPU_SR  cpu_sr = 0;
    389          #endif
    390          
    391          
    392          
    393          #if OS_ARG_CHK_EN > 0
    394              if (perr == (INT8U *)0) {                         /* Validate 'perr'                               */
    395                  return (0);
    396              }
    397              if (pevent == (OS_EVENT *)0) {                    /* Validate 'pevent'                             */
    398                  *perr = OS_ERR_PEVENT_NULL;
    399                  return (0);
    400              }
    401          #endif
    402              if (pevent->OSEventType != OS_EVENT_TYPE_SEM) {   /* Validate event block type                     */
   \   00000008   0x7828             LDRB     R0,[R5, #+0]
   \   0000000A   0x2803             CMP      R0,#+3
   \   0000000C   0x4614             MOV      R4,R2
   \   0000000E   0xD004             BEQ.N    ??OSSemPendAbort_0
    403                  *perr = OS_ERR_EVENT_TYPE;
   \   00000010   0x2001             MOVS     R0,#+1
   \   00000012   0x7020             STRB     R0,[R4, #+0]
    404                  return (0);
   \   00000014   0x2000             MOVS     R0,#+0
    405              }
    406              OS_ENTER_CRITICAL();
    407              if (pevent->OSEventGrp != 0) {                    /* See if any task waiting on semaphore?         */
    408                  nbr_tasks = 0;
    409                  switch (opt) {
    410                      case OS_PEND_OPT_BROADCAST:               /* Do we need to abort ALL waiting tasks?        */
    411                           while (pevent->OSEventGrp != 0) {    /* Yes, ready ALL tasks waiting on semaphore     */
    412                               (void)OS_EventTaskRdy(pevent, (void *)0, OS_STAT_SEM, OS_STAT_PEND_ABORT);
    413                               nbr_tasks++;
    414                           }
    415                           break;
    416                           
    417                      case OS_PEND_OPT_NONE:
    418                      default:                                  /* No,  ready HPT       waiting on semaphore     */
    419                           (void)OS_EventTaskRdy(pevent, (void *)0, OS_STAT_SEM, OS_STAT_PEND_ABORT);
    420                           nbr_tasks++;
    421                           break;
    422                  }
    423                  OS_EXIT_CRITICAL();
    424                  OS_Sched();                                   /* Find HPT ready to run                         */
    425                  *perr = OS_ERR_PEND_ABORT;
    426                  return (nbr_tasks);
    427              }
    428              OS_EXIT_CRITICAL();
    429              *perr = OS_ERR_NONE;
    430              return (0);                                       /* No tasks waiting on semaphore                 */
   \   00000016   0xE8BD 0x81F0      POP      {R4-R8,PC}
   \                     ??OSSemPendAbort_0: (+1)
   \   0000001A   0x.... 0x....      BL       OS_CPU_SR_Save
   \   0000001E   0x4680             MOV      R8,R0
   \   00000020   0x7AA8             LDRB     R0,[R5, #+10]
   \   00000022   0xB1F0             CBZ.N    R0,??OSSemPendAbort_1
   \   00000024   0x2700             MOVS     R7,#+0
   \   00000026   0x2E01             CMP      R6,#+1
   \   00000028   0xD10A             BNE.N    ??OSSemPendAbort_2
   \                     ??OSSemPendAbort_3: (+1)
   \   0000002A   0x2302             MOVS     R3,#+2
   \   0000002C   0x2201             MOVS     R2,#+1
   \   0000002E   0x2100             MOVS     R1,#+0
   \   00000030   0x4628             MOV      R0,R5
   \   00000032   0x.... 0x....      BL       OS_EventTaskRdy
   \   00000036   0x7AA8             LDRB     R0,[R5, #+10]
   \   00000038   0x1C7F             ADDS     R7,R7,#+1
   \   0000003A   0x2800             CMP      R0,#+0
   \   0000003C   0xD1F5             BNE.N    ??OSSemPendAbort_3
   \   0000003E   0xE006             B.N      ??OSSemPendAbort_4
   \                     ??OSSemPendAbort_2: (+1)
   \   00000040   0x2302             MOVS     R3,#+2
   \   00000042   0x2201             MOVS     R2,#+1
   \   00000044   0x2100             MOVS     R1,#+0
   \   00000046   0x4628             MOV      R0,R5
   \   00000048   0x.... 0x....      BL       OS_EventTaskRdy
   \   0000004C   0x2701             MOVS     R7,#+1
   \                     ??OSSemPendAbort_4: (+1)
   \   0000004E   0x4640             MOV      R0,R8
   \   00000050   0x.... 0x....      BL       OS_CPU_SR_Restore
   \   00000054   0x.... 0x....      BL       OS_Sched
   \   00000058   0x200E             MOVS     R0,#+14
   \   0000005A   0x7020             STRB     R0,[R4, #+0]
   \   0000005C   0xB2F8             UXTB     R0,R7
   \   0000005E   0xE8BD 0x81F0      POP      {R4-R8,PC}
   \                     ??OSSemPendAbort_1: (+1)
   \   00000062   0x4640             MOV      R0,R8
   \   00000064   0x.... 0x....      BL       OS_CPU_SR_Restore
   \   00000068   0x2000             MOVS     R0,#+0
   \   0000006A                      REQUIRE ?Subroutine0
   \   0000006A                      ;; // Fall through to label ?Subroutine0
    431          }
    432          #endif
    433          
    434          /*$PAGE*/
    435          /*
    436          *********************************************************************************************************
    437          *                                         POST TO A SEMAPHORE
    438          *
    439          * Description: This function signals a semaphore
    440          *
    441          * Arguments  : pevent        is a pointer to the event control block associated with the desired
    442          *                            semaphore.
    443          *
    444          * Returns    : OS_ERR_NONE         The call was successful and the semaphore was signaled.
    445          *              OS_ERR_SEM_OVF      If the semaphore count exceeded its limit.  In other words, you have
    446          *                                  signalled the semaphore more often than you waited on it with either
    447          *                                  OSSemAccept() or OSSemPend().
    448          *              OS_ERR_EVENT_TYPE   If you didn't pass a pointer to a semaphore
    449          *              OS_ERR_PEVENT_NULL  If 'pevent' is a NULL pointer.
    450          *********************************************************************************************************
    451          */
    452          

   \                                 In section .text, align 2, keep-with-next
    453          INT8U  OSSemPost (OS_EVENT *pevent)
    454          {
   \                     OSSemPost: (+1)
   \   00000000   0xB538             PUSH     {R3-R5,LR}
   \   00000002   0x4604             MOV      R4,R0
    455          #if OS_CRITICAL_METHOD == 3                           /* Allocate storage for CPU status register      */
    456              OS_CPU_SR  cpu_sr = 0;
    457          #endif
    458          
    459          
    460          
    461          #if OS_ARG_CHK_EN > 0
    462              if (pevent == (OS_EVENT *)0) {                    /* Validate 'pevent'                             */
    463                  return (OS_ERR_PEVENT_NULL);
    464              }
    465          #endif
    466              if (pevent->OSEventType != OS_EVENT_TYPE_SEM) {   /* Validate event block type                     */
   \   00000004   0x7820             LDRB     R0,[R4, #+0]
   \   00000006   0x2803             CMP      R0,#+3
   \   00000008   0xD001             BEQ.N    ??OSSemPost_0
    467                  return (OS_ERR_EVENT_TYPE);
   \   0000000A   0x2001             MOVS     R0,#+1
   \   0000000C   0xBD32             POP      {R1,R4,R5,PC}
    468              }
    469              OS_ENTER_CRITICAL();
   \                     ??OSSemPost_0: (+1)
   \   0000000E   0x.... 0x....      BL       OS_CPU_SR_Save
   \   00000012   0x4605             MOV      R5,R0
    470              if (pevent->OSEventGrp != 0) {                    /* See if any task waiting for semaphore         */
   \   00000014   0x7AA0             LDRB     R0,[R4, #+10]
   \   00000016   0xB158             CBZ.N    R0,??OSSemPost_1
    471                                                                /* Ready HPT waiting on event                    */
    472                  (void)OS_EventTaskRdy(pevent, (void *)0, OS_STAT_SEM, OS_STAT_PEND_OK);
   \   00000018   0x2300             MOVS     R3,#+0
   \   0000001A   0x2201             MOVS     R2,#+1
   \   0000001C   0x2100             MOVS     R1,#+0
   \   0000001E   0x4620             MOV      R0,R4
   \   00000020   0x.... 0x....      BL       OS_EventTaskRdy
    473                  OS_EXIT_CRITICAL();
   \   00000024   0x4628             MOV      R0,R5
   \   00000026   0x.... 0x....      BL       OS_CPU_SR_Restore
    474                  OS_Sched();                                   /* Find HPT ready to run                         */
   \   0000002A   0x.... 0x....      BL       OS_Sched
    475                  return (OS_ERR_NONE);
   \   0000002E   0xE009             B.N      ??OSSemPost_2
    476              }
    477              if (pevent->OSEventCnt < 65535u) {                /* Make sure semaphore will not overflow         */
   \                     ??OSSemPost_1: (+1)
   \   00000030   0x8920             LDRH     R0,[R4, #+8]
   \   00000032   0xF64F 0x71FF      MOVW     R1,#+65535
   \   00000036   0x4288             CMP      R0,R1
   \   00000038   0xD006             BEQ.N    ??OSSemPost_3
    478                  pevent->OSEventCnt++;                         /* Increment semaphore count to register event   */
   \   0000003A   0x1C40             ADDS     R0,R0,#+1
   \   0000003C   0x8120             STRH     R0,[R4, #+8]
    479                  OS_EXIT_CRITICAL();
   \   0000003E   0x4628             MOV      R0,R5
   \   00000040   0x.... 0x....      BL       OS_CPU_SR_Restore
    480                  return (OS_ERR_NONE);
   \                     ??OSSemPost_2: (+1)
   \   00000044   0x2000             MOVS     R0,#+0
   \   00000046   0xBD32             POP      {R1,R4,R5,PC}
    481              }
    482              OS_EXIT_CRITICAL();                               /* Semaphore value has reached its maximum       */
   \                     ??OSSemPost_3: (+1)
   \   00000048   0x4628             MOV      R0,R5
   \   0000004A   0x.... 0x....      BL       OS_CPU_SR_Restore
    483              return (OS_ERR_SEM_OVF);
   \   0000004E   0x2032             MOVS     R0,#+50
   \   00000050   0xBD32             POP      {R1,R4,R5,PC}    ;; return
    484          }
    485          
    486          /*$PAGE*/
    487          /*
    488          *********************************************************************************************************
    489          *                                          QUERY A SEMAPHORE
    490          *
    491          * Description: This function obtains information about a semaphore
    492          *
    493          * Arguments  : pevent        is a pointer to the event control block associated with the desired
    494          *                            semaphore
    495          *
    496          *              p_sem_data    is a pointer to a structure that will contain information about the
    497          *                            semaphore.
    498          *
    499          * Returns    : OS_ERR_NONE         The call was successful and the message was sent
    500          *              OS_ERR_EVENT_TYPE   If you are attempting to obtain data from a non semaphore.
    501          *              OS_ERR_PEVENT_NULL  If 'pevent'     is a NULL pointer.
    502          *              OS_ERR_PDATA_NULL   If 'p_sem_data' is a NULL pointer
    503          *********************************************************************************************************
    504          */
    505          
    506          #if OS_SEM_QUERY_EN > 0

   \                                 In section .text, align 2, keep-with-next
    507          INT8U  OSSemQuery (OS_EVENT *pevent, OS_SEM_DATA *p_sem_data)
    508          {
   \                     OSSemQuery: (+1)
   \   00000000   0xB538             PUSH     {R3-R5,LR}
   \   00000002   0x4604             MOV      R4,R0
   \   00000004   0x460D             MOV      R5,R1
    509          #if OS_LOWEST_PRIO <= 63
    510              INT8U     *psrc;
    511              INT8U     *pdest;
    512          #else
    513              INT16U    *psrc;
    514              INT16U    *pdest;
    515          #endif
    516              INT8U      i;
    517          #if OS_CRITICAL_METHOD == 3                                /* Allocate storage for CPU status register */
    518              OS_CPU_SR  cpu_sr = 0;
    519          #endif
    520          
    521          
    522          
    523          #if OS_ARG_CHK_EN > 0
    524              if (pevent == (OS_EVENT *)0) {                         /* Validate 'pevent'                        */
    525                  return (OS_ERR_PEVENT_NULL);
    526              }
    527              if (p_sem_data == (OS_SEM_DATA *)0) {                  /* Validate 'p_sem_data'                    */
    528                  return (OS_ERR_PDATA_NULL);
    529              }
    530          #endif
    531              if (pevent->OSEventType != OS_EVENT_TYPE_SEM) {        /* Validate event block type                */
   \   00000006   0x7820             LDRB     R0,[R4, #+0]
   \   00000008   0x2803             CMP      R0,#+3
   \   0000000A   0xD001             BEQ.N    ??OSSemQuery_0
    532                  return (OS_ERR_EVENT_TYPE);
   \   0000000C   0x2001             MOVS     R0,#+1
   \   0000000E   0xBD32             POP      {R1,R4,R5,PC}
    533              }
    534              OS_ENTER_CRITICAL();
   \                     ??OSSemQuery_0: (+1)
   \   00000010   0x.... 0x....      BL       OS_CPU_SR_Save
    535              p_sem_data->OSEventGrp = pevent->OSEventGrp;           /* Copy message mailbox wait list           */
   \   00000014   0x7AA1             LDRB     R1,[R4, #+10]
   \   00000016   0x71A9             STRB     R1,[R5, #+6]
    536              psrc                   = &pevent->OSEventTbl[0];
    537              pdest                  = &p_sem_data->OSEventTbl[0];
   \   00000018   0x1CAA             ADDS     R2,R5,#+2
   \   0000001A   0xF104 0x010B      ADD      R1,R4,#+11
    538              for (i = 0; i < OS_EVENT_TBL_SIZE; i++) {
    539                  *pdest++ = *psrc++;
   \   0000001E   0x780B             LDRB     R3,[R1, #+0]
   \   00000020   0x7013             STRB     R3,[R2, #+0]
   \   00000022   0x784B             LDRB     R3,[R1, #+1]
   \   00000024   0x7053             STRB     R3,[R2, #+1]
   \   00000026   0x788B             LDRB     R3,[R1, #+2]
   \   00000028   0x7093             STRB     R3,[R2, #+2]
   \   0000002A   0x78C9             LDRB     R1,[R1, #+3]
   \   0000002C   0x70D1             STRB     R1,[R2, #+3]
    540              }
    541              p_sem_data->OSCnt = pevent->OSEventCnt;                /* Get semaphore count                      */
   \   0000002E   0x8921             LDRH     R1,[R4, #+8]
   \   00000030   0x8029             STRH     R1,[R5, #+0]
    542              OS_EXIT_CRITICAL();
   \   00000032   0x.... 0x....      BL       OS_CPU_SR_Restore
    543              return (OS_ERR_NONE);
   \   00000036   0x2000             MOVS     R0,#+0
   \   00000038   0xBD32             POP      {R1,R4,R5,PC}    ;; return
    544          }
    545          #endif                                                     /* OS_SEM_QUERY_EN                          */
    546          
    547          /*$PAGE*/
    548          /*
    549          *********************************************************************************************************
    550          *                                              SET SEMAPHORE
    551          *
    552          * Description: This function sets the semaphore count to the value specified as an argument.  Typically,
    553          *              this value would be 0.
    554          *
    555          *              You would typically use this function when a semaphore is used as a signaling mechanism
    556          *              and, you want to reset the count value.
    557          *
    558          * Arguments  : pevent     is a pointer to the event control block
    559          *
    560          *              cnt        is the new value for the semaphore count.  You would pass 0 to reset the
    561          *                         semaphore count.
    562          *
    563          *              perr       is a pointer to an error code returned by the function as follows:
    564          *
    565          *                            OS_ERR_NONE          The call was successful and the semaphore value was set.
    566          *                            OS_ERR_EVENT_TYPE    If you didn't pass a pointer to a semaphore.
    567          *                            OS_ERR_PEVENT_NULL   If 'pevent' is a NULL pointer.
    568          *                            OS_ERR_TASK_WAITING  If tasks are waiting on the semaphore.
    569          *********************************************************************************************************
    570          */
    571          
    572          #if OS_SEM_SET_EN > 0

   \                                 In section .text, align 2, keep-with-next
    573          void  OSSemSet (OS_EVENT *pevent, INT16U cnt, INT8U *perr)
    574          {
   \                     OSSemSet: (+1)
   \   00000000   0xB570             PUSH     {R4-R6,LR}
   \   00000002   0x4605             MOV      R5,R0
   \   00000004   0x460E             MOV      R6,R1
    575          #if OS_CRITICAL_METHOD == 3                           /* Allocate storage for CPU status register      */
    576              OS_CPU_SR  cpu_sr = 0;
    577          #endif
    578          
    579          
    580          
    581          #if OS_ARG_CHK_EN > 0
    582              if (perr == (INT8U *)0) {                         /* Validate 'perr'                               */
    583                  return;
    584              }
    585              if (pevent == (OS_EVENT *)0) {                    /* Validate 'pevent'                             */
    586                  *perr = OS_ERR_PEVENT_NULL;
    587                  return;
    588              }
    589          #endif
    590              if (pevent->OSEventType != OS_EVENT_TYPE_SEM) {   /* Validate event block type                     */
   \   00000006   0x7828             LDRB     R0,[R5, #+0]
   \   00000008   0x2803             CMP      R0,#+3
   \   0000000A   0x4614             MOV      R4,R2
   \   0000000C   0xD002             BEQ.N    ??OSSemSet_0
    591                  *perr = OS_ERR_EVENT_TYPE;
   \   0000000E   0x2001             MOVS     R0,#+1
   \   00000010   0x7020             STRB     R0,[R4, #+0]
    592                  return;
   \   00000012   0xBD70             POP      {R4-R6,PC}
    593              }
    594              OS_ENTER_CRITICAL();
   \                     ??OSSemSet_0: (+1)
   \   00000014   0x.... 0x....      BL       OS_CPU_SR_Save
    595              *perr = OS_ERR_NONE;
   \   00000018   0x2100             MOVS     R1,#+0
   \   0000001A   0x7021             STRB     R1,[R4, #+0]
    596              if (pevent->OSEventCnt > 0) {                     /* See if semaphore already has a count          */
   \   0000001C   0x8929             LDRH     R1,[R5, #+8]
   \   0000001E   0xB909             CBNZ.N   R1,??OSSemSet_1
    597                  pevent->OSEventCnt = cnt;                     /* Yes, set it to the new value specified.       */
    598              } else {                                          /* No                                            */
    599                  if (pevent->OSEventGrp == 0) {                /*      See if task(s) waiting?                  */
   \   00000020   0x7AA9             LDRB     R1,[R5, #+10]
   \   00000022   0xB909             CBNZ.N   R1,??OSSemSet_2
    600                      pevent->OSEventCnt = cnt;                 /*      No, OK to set the value                  */
   \                     ??OSSemSet_1: (+1)
   \   00000024   0x812E             STRH     R6,[R5, #+8]
   \   00000026   0xE001             B.N      ??OSSemSet_3
    601                  } else {
    602                      *perr              = OS_ERR_TASK_WAITING;
   \                     ??OSSemSet_2: (+1)
   \   00000028   0x2149             MOVS     R1,#+73
   \   0000002A   0x7021             STRB     R1,[R4, #+0]
    603                  }
    604              }
    605              OS_EXIT_CRITICAL();
   \                     ??OSSemSet_3: (+1)
   \   0000002C   0xE8BD 0x4070      POP      {R4-R6,LR}
   \   00000030   0x.... 0x....      B.W      OS_CPU_SR_Restore
    606          }

   \                                 In section .text, align 4, keep-with-next
   \                     ??DataTable2:
   \   00000000   0x........         DC32     OSIntNesting

   \                                 In section .text, align 4, keep-with-next
   \                     ??DataTable2_1:
   \   00000000   0x........         DC32     OSEventFreeList

   \                                 In section .text, align 4, keep-with-next
   \                     ??DataTable2_2:
   \   00000000   0x........         DC32     OSLockNesting

   \                                 In section .text, align 4, keep-with-next
   \                     ??DataTable2_3:
   \   00000000   0x........         DC32     OSTCBCur
    607          #endif
    608          
    609          #endif                                                /* OS_SEM_EN                                     */

   Maximum stack usage in bytes:

   .cstack Function
   ------- --------
      16   OSSemAccept
        16   -> OS_CPU_SR_Restore
        16   -> OS_CPU_SR_Save
      16   OSSemCreate
        16   -> OS_CPU_SR_Restore
        16   -> OS_CPU_SR_Save
        16   -> OS_EventWaitListInit
      24   OSSemDel
        24   -> OS_CPU_SR_Restore
        24   -> OS_CPU_SR_Save
        24   -> OS_EventTaskRdy
        24   -> OS_Sched
      24   OSSemPend
         0   -> OS_CPU_SR_Restore
        24   -> OS_CPU_SR_Restore
        24   -> OS_CPU_SR_Save
        24   -> OS_EventTaskRemove
        24   -> OS_EventTaskWait
        24   -> OS_Sched
      24   OSSemPendAbort
        24   -> OS_CPU_SR_Restore
        24   -> OS_CPU_SR_Save
        24   -> OS_EventTaskRdy
        24   -> OS_Sched
      16   OSSemPost
        16   -> OS_CPU_SR_Restore
        16   -> OS_CPU_SR_Save
        16   -> OS_EventTaskRdy
        16   -> OS_Sched
      16   OSSemQuery
        16   -> OS_CPU_SR_Restore
        16   -> OS_CPU_SR_Save
      16   OSSemSet
         0   -> OS_CPU_SR_Restore
        16   -> OS_CPU_SR_Save


   Section sizes:

   Bytes  Function/Label
   -----  --------------
       4  ??DataTable2
       4  ??DataTable2_1
       4  ??DataTable2_2
       4  ??DataTable2_3
       6  ?Subroutine0
      36  OSSemAccept
      64  OSSemCreate
     176  OSSemDel
     178  OSSemPend
     106  OSSemPendAbort
      82  OSSemPost
      58  OSSemQuery
      52  OSSemSet

 
 774 bytes in section .text
 
 774 bytes of CODE memory

Errors: none
Warnings: none
