###############################################################################
#
# IAR ANSI C/C++ Compiler V7.50.2.10312/W32 for ARM       09/Feb/2018  16:15:03
# Copyright 1999-2015 IAR Systems AB.
#
#    Cpu mode     =  thumb
#    Endian       =  little
#    Source file  =  E:\HW Projects\ControlHome\CntrHome - RF69w\uC-RF\rf868.c
#    Command line =  
#        "E:\HW Projects\ControlHome\CntrHome - RF69w\uC-RF\rf868.c" -lCN
#        "E:\HW Projects\ControlHome\CntrHome - RF69w\Debug\List" -o "E:\HW
#        Projects\ControlHome\CntrHome - RF69w\Debug\Obj" --debug
#        --endian=little --cpu=Cortex-M3 -e --fpu=None --dlib_config
#        "C:\Program Files (x86)\IAR Systems\Embedded Workbench
#        7.3\arm\INC\c\DLib_Config_Normal.h" -I "E:\HW
#        Projects\ControlHome\CntrHome - RF69w\" -I "E:\HW
#        Projects\ControlHome\CntrHome - RF69w\APP\" -I "E:\HW
#        Projects\ControlHome\CntrHome - RF69w\BSP\" -I "E:\HW
#        Projects\ControlHome\CntrHome - RF69w\CPU\inc\" -I "E:\HW
#        Projects\ControlHome\CntrHome - RF69w\uC-CPU\" -I "E:\HW
#        Projects\ControlHome\CntrHome - RF69w\uC-RTC\" -I "E:\HW
#        Projects\ControlHome\CntrHome - RF69w\uC-LIB\" -I "E:\HW
#        Projects\ControlHome\CntrHome - RF69w\uCOS-II\Ports\" -I "E:\HW
#        Projects\ControlHome\CntrHome - RF69w\uCOS-II\Source\" -I "E:\HW
#        Projects\ControlHome\CntrHome - RF69w\I2C-Out\" -I "E:\HW
#        Projects\ControlHome\CntrHome - RF69w\Direct_Sw\" -I "E:\HW
#        Projects\ControlHome\CntrHome - RF69w\Wdt_led\" -I "E:\HW
#        Projects\ControlHome\CntrHome - RF69w\uC-LCD\" -I "E:\HW
#        Projects\ControlHome\CntrHome - RF69w\uC-RF\" -I "E:\HW
#        Projects\ControlHome\CntrHome - RF69w\uC-FatFS\" -I "E:\HW
#        Projects\ControlHome\CntrHome - RF69w\uC-FatFS\api\" -I "E:\HW
#        Projects\ControlHome\CntrHome - RF69w\uC-FatFS\config\" -I "E:\HW
#        Projects\ControlHome\CntrHome - RF69w\uC-FatFS\os\" -I "E:\HW
#        Projects\ControlHome\CntrHome - RF69w\uC-FatFS\fsl\fat\" -I "E:\HW
#        Projects\ControlHome\CntrHome - RF69w\uC-FatFS\clib\" -I "E:\HW
#        Projects\ControlHome\CntrHome - RF69w\uC-FatFS\lbl\" -I "E:\HW
#        Projects\ControlHome\CntrHome - RF69w\uC-FatFS\device\mmc\" -I "E:\HW
#        Projects\ControlHome\CntrHome - RF69w\uC-FatFS\file\" -I "E:\HW
#        Projects\ControlHome\CntrHome - RF69w\uC-Terminal\src\" -I "E:\HW
#        Projects\ControlHome\CntrHome - RF69w\uC-Terminal\inc\" -Oh
#    List file    =  
#        E:\HW Projects\ControlHome\CntrHome - RF69w\Debug\List\rf868.lst
#    Object file  =  
#        E:\HW Projects\ControlHome\CntrHome - RF69w\Debug\Obj\rf868.o
#
###############################################################################

E:\HW Projects\ControlHome\CntrHome - RF69w\uC-RF\rf868.c
      1          /*
      2          *********************************************************************************************************
      3          *                                           RF868 Interface
      4          *
      5          *
      6          *
      7          * Filename   : rf868.c
      8          * Version    : V1.00
      9          * Programmer : Puleo
     10          *********************************************************************************************************
     11          */
     12          
     13          #define  RF868_GLOBALS
     14          #include <includes.h>

   \                                 In section .bss, align 4
   \   __absolute OS_EVENT *RF868_Mbox
   \                     RF868_Mbox:
   \   00000000                      DS8 4
   \   __absolute OS_EVENT *RF868Log_Mbox
   \                     RF868Log_Mbox:
   \   00000004                      DS8 4
   \   00000008                      DS8 256
     15          
     16          #if RFM69CW_MODULE == DEF_ENABLED
     17          
     18          /*
     19          Read_Directory("mmc:0:\\");
     20          Read_Directory("mmc:0:\\html");
     21          Delete_File("mmc:0:\\FLASH1.TXT");
     22          Del_Directory("mmc:0:\\SYSTEM");              
     23          Write_File("mmc:0:\\index.html", html0);
     24          Create_Directory("mmc:0:\\html");
     25          Read_File("mmc:0:\\html\\index.html");
     26          Write_File("mmc:0:\\html\\greet.html", html4);
     27          Delete_File("mmc:0:\\html\\index.htm");
     28          
     29          Delete_File("mmc:0:\\html\\index.htm");
     30          Write_File("mmc:0:\\html\\index.html", html2);
     31          Delete_File("mmc:0:\\html\\404.htm");
     32          Write_File("mmc:0:\\html\\404.html", html3);
     33          Delete_File("mmc:0:\\html\\greet.htm");
     34          Write_File("mmc:0:\\html\\greet.html", html4);
     35          Write_File("mmc:0:\\default\\default.DAT", "10\r\n\0");
     36          */
     37          
     38          /*
     39          *********************************************************************************************************
     40          *                                               CONSTANTS
     41          *********************************************************************************************************
     42          */
     43          
     44          
     45          /*
     46          *********************************************************************************************************
     47          *                                           LOCAL VARIABLES
     48          *********************************************************************************************************
     49          */
     50          
     51          #if RF868_PARSE_TASK > 0
     52          static  OS_STK     RF868_TaskStk[RF868_TASK_STK_SIZE];
     53          

   \                                 In section .bss, align 4
     54          int p;
   \                     p:
   \   00000000                      DS8 4

   \                                 In section .bss, align 2
     55          INT16U memCount;
   \                     memCount:
   \   00000000                      DS8 2

   \                                 In section .bss, align 1
     56          INT8U anz, nr;
   \                     anz:
   \   00000000                      DS8 1

   \                                 In section .bss, align 1
   \                     nr:
   \   00000000                      DS8 1
     57          
     58          #endif
     59          
     60          /*
     61          *********************************************************************************************************
     62          *                                      LOCAL FUNCTION PROTOTYPES
     63          *********************************************************************************************************
     64          */
     65          
     66          #if RF868_PARSE_TASK > 0
     67          static  void    RF868_InitOS(void);
     68          static  void    RF868_Task(void *p_arg);

   \                                 In section .bss, align 4
     69          OS_EVENT *RFMailbox;
   \                     RFMailbox:
   \   00000000                      DS8 4
     70          #endif
     71          
     72          /*
     73          *********************************************************************************************************
     74          *                                       INITIALIZE WIFLY
     75          *********************************************************************************************************
     76          */
     77          

   \                                 In section .text, align 2, keep-with-next
     78          void   RF868_Init (void)
     79          {
   \                     RF868_Init: (+1)
   \   00000000   0xB510             PUSH     {R4,LR}
   \   00000002   0xB086             SUB      SP,SP,#+24
     80          #if RF868_PARSE_TASK > 0
     81              RF868_InitOS();
   \   00000004   0x2003             MOVS     R0,#+3
   \   00000006   0x9004             STR      R0,[SP, #+16]
   \   00000008   0x2000             MOVS     R0,#+0
   \   0000000A   0x9003             STR      R0,[SP, #+12]
   \   0000000C   0x2040             MOVS     R0,#+64
   \   0000000E   0x9002             STR      R0,[SP, #+8]
   \   00000010   0x2305             MOVS     R3,#+5
   \   00000012   0x....             LDR.N    R4,??DataTable5
   \   00000014   0xF104 0x0008      ADD      R0,R4,#+8
   \   00000018   0x9001             STR      R0,[SP, #+4]
   \   0000001A   0xF504 0x7282      ADD      R2,R4,#+260
   \   0000001E   0x200C             MOVS     R0,#+12
   \   00000020   0x9000             STR      R0,[SP, #+0]
   \   00000022   0x2100             MOVS     R1,#+0
   \   00000024   0x.... 0x....      ADR.W    R0,RF868_Task
   \   00000028   0x.... 0x....      BL       OSTaskCreateExt
   \   0000002C   0xAA05             ADD      R2,SP,#+20
   \   0000002E   0x.... 0x....      ADR.W    R1,?_2
   \   00000032   0x2005             MOVS     R0,#+5
   \   00000034   0x.... 0x....      BL       OSTaskNameSet
   \   00000038   0x2000             MOVS     R0,#+0
   \   0000003A   0x.... 0x....      BL       OSMboxCreate
   \   0000003E   0x6020             STR      R0,[R4, #+0]
   \   00000040   0x466A             MOV      R2,SP
   \   00000042   0x.... 0x....      ADR.W    R1,?_0
   \   00000046   0x.... 0x....      BL       OSEventNameSet
   \   0000004A   0x2000             MOVS     R0,#+0
   \   0000004C   0x.... 0x....      BL       OSMboxCreate
   \   00000050   0x6060             STR      R0,[R4, #+4]
   \   00000052   0x466A             MOV      R2,SP
   \   00000054   0x.... 0x....      ADR.W    R1,?_1
   \   00000058   0x.... 0x....      BL       OSEventNameSet
     82          #endif
     83          }
   \   0000005C   0xB006             ADD      SP,SP,#+24
   \   0000005E   0xBD10             POP      {R4,PC}          ;; return
     84          
     85          
     86          /*
     87          *********************************************************************************************************
     88          *                                             Direct_Sw_EventCreate()
     89          *
     90          * Description : Create the application events.
     91          *
     92          * Argument(s) : none.
     93          *
     94          * Return(s)   : none.
     95          *
     96          * Caller(s)   : none.
     97          *
     98          * Note(s)     : none.
     99          *********************************************************************************************************
    100          */
    101          
    102          static  void  RF868_EventCreate (void)
    103          {
    104          #if (OS_EVENT_NAME_SIZE > 12)
    105              CPU_INT08U  os_err;
    106          #endif
    107          
    108          
    109              RF868_Mbox = OSMboxCreate((void *)0);                                   /* Create MBOX for communication between Rf868 and Led Out.*/
    110          #if (OS_EVENT_NAME_SIZE > 12)
    111              OSEventNameSet(RF868_Mbox, "Direct rf868 to Led Out Mbox", &os_err);
    112          #endif
    113              
    114          
    115              RF868Log_Mbox = OSMboxCreate((void *)0);                                 /* Create MBOX for communication between Rf868 and App Log.*/
    116          #if (OS_EVENT_NAME_SIZE > 12)
    117              OSEventNameSet(RF868Log_Mbox, "Direct rf868 to App Log Mbox", &os_err);
    118          #endif
    119          }
    120          
    121          /*
    122          *********************************************************************************************************
    123          *                             INITIALIZE THE WIFLY TASK AND OS OBJECTS
    124          *********************************************************************************************************
    125          */
    126          
    127          #if RF868_PARSE_TASK > 0
    128          static  void  RF868_InitOS (void)
    129          {
    130          #if OS_TASK_NAME_SIZE > 0 || OS_EVENT_NAME_SIZE > 7
    131              INT8U  err;
    132          #endif
    133          
    134              (void)OSTaskCreateExt(RF868_Task,
    135                                    (void *)0,                                  /* No arguments passed to Wifly_Task() */
    136                                    &RF868_TaskStk[RF868_TASK_STK_SIZE - 1],    /* Set Top-Of-Stack                     */
    137                                    RF868_TASK_PRIO,                            /* Lowest priority level                */
    138                                    RF868_TASK_ID,
    139                                    &RF868_TaskStk[0],                           /* Set Bottom-Of-Stack                  */
    140                                    RF868_TASK_STK_SIZE,
    141                                    (void *)0,                                   /* No TCB extension                     */
    142                                    OS_TASK_OPT_STK_CHK | OS_TASK_OPT_STK_CLR);  /* Enable stack checking + clear stack  */
    143          
    144          #if OS_TASK_NAME_SIZE > 11
    145              OSTaskNameSet(RF868_TASK_PRIO, (INT8U *)"RF868 Task", &err);
    146          #endif
    147              
    148              RF868_EventCreate();
    149          }
    150          
    151          #endif
    152          
    153          /*
    154          *********************************************************************************************************
    155          *                                           FHT TASK
    156          *********************************************************************************************************
    157          */
    158          
    159          #if RF868_PARSE_TASK > 0

   \                                 In section .text, align 4, keep-with-next
    160          static  void  RF868_Task (void *p_arg)
    161          {
   \                     RF868_Task: (+1)
   \   00000000   0xB538             PUSH     {R3-R5,LR}
    162            //INT8U prewState;
    163            
    164           
    165              (void)p_arg;
    166              
    167              FHTLedVal = 0x00;
   \   00000002   0x....             LDR.N    R4,??DataTable5_1
    168              //prewState = 0x00;
    169              logMsg[0] = '\0';
   \   00000004   0x....             LDR.N    R1,??DataTable5_2
   \   00000006   0x....             LDR.N    R5,??DataTable5_3
   \   00000008   0x2000             MOVS     R0,#+0
   \   0000000A   0x7020             STRB     R0,[R4, #+0]
   \   0000000C   0x7008             STRB     R0,[R1, #+0]
    170              
    171              InitStructs();    
   \   0000000E   0x.... 0x....      BL       InitStructs
    172              
    173              RFM69CW_ExtiEnabled();
   \   00000012   0x.... 0x....      BL       RFM69CW_ExtiEnabled
    174             
    175              Free_TmrInit();
   \   00000016   0x.... 0x....      BL       Free_TmrInit
    176              Us_TmrInit10();
   \   0000001A   0x.... 0x....      BL       Us_TmrInit10
    177              
    178              do{
    179                  RFM69CW_ReadAllRegs();            ///  Teszteléshez kell!!!!
   \                     ??RF868_Task_0: (+1)
   \   0000001E   0x.... 0x....      BL       RFM69CW_ReadAllRegs
    180                  //OSTimeDly(100);
    181              }while(!( regVal[0x00] == 0x00 && regVal[0x01] == 0x04 ));
   \   00000022   0x7828             LDRB     R0,[R5, #+0]
   \   00000024   0x2800             CMP      R0,#+0
   \   00000026   0xD1FA             BNE.N    ??RF868_Task_0
   \   00000028   0x7868             LDRB     R0,[R5, #+1]
   \   0000002A   0x2804             CMP      R0,#+4
   \   0000002C   0xD1F7             BNE.N    ??RF868_Task_0
    182              
    183              RFM69CW_RcCalibitrateation();
   \   0000002E   0x.... 0x....      BL       RFM69CW_RcCalibitrateation
    184          
    185              RFM69CW_InitializeOOK();
   \   00000032   0x.... 0x....      BL       RFM69CW_InitializeOOK
    186              //RFM69CW_ReadAllRegs();            ///  Teszteléshez kell!!!!
    187                      
    188              
    189              
    190              OSTimeDlyHMSM(0, 0, 1, 0);
   \   00000036   0x2300             MOVS     R3,#+0
   \   00000038   0x2201             MOVS     R2,#+1
   \   0000003A   0x2100             MOVS     R1,#+0
   \   0000003C   0x2000             MOVS     R0,#+0
   \   0000003E   0x.... 0x....      BL       OSTimeDlyHMSM
    191          
    192              BSP_IntEn(BSP_INT_ID_EXTI9_5);
   \   00000042   0x2017             MOVS     R0,#+23
   \   00000044   0x.... 0x....      BL       BSP_IntEn
   \   00000048   0x....             LDR.N    R5,??DataTable5
    193          
    194              
    195              while (1) 
    196              {
    197                ReceiverScan();
   \                     ??RF868_Task_1: (+1)
   \   0000004A   0x.... 0x....      BL       ReceiverScan
    198                
    199                //if (FHTLedVal != prewState)
    200                //{
    201                  OSMboxPost(RF868_Mbox, (void *)FHTLedVal);
   \   0000004E   0x7821             LDRB     R1,[R4, #+0]
   \   00000050   0x6828             LDR      R0,[R5, #+0]
   \   00000052   0x.... 0x....      BL       OSMboxPost
    202                  //prewState = FHTLedVal;
    203                  
    204          #if (LOG_MODULE == DEF_ENABLED)
    205                  
    206                  Get_Time_Now();
    207                
    208                  if (time_now.tm_year != 1970){
    209          
    210                    OSMboxPost(RF868Log_Mbox, (void *)logMsg);
    211                  }
    212          #endif        
    213                //}
    214          
    215               
    216          
    217                OSTimeDlyHMSM(0, 0, 0, 1);
   \   00000056   0x2301             MOVS     R3,#+1
   \   00000058   0x2200             MOVS     R2,#+0
   \   0000005A   0x2100             MOVS     R1,#+0
   \   0000005C   0x2000             MOVS     R0,#+0
   \   0000005E   0x.... 0x....      BL       OSTimeDlyHMSM
   \   00000062   0xE7F2             B.N      ??RF868_Task_1
    218              }  
    219          }    
    220          
    221          #endif
    222          
    223          /*
    224          ******************************************************************************
    225          * Function Name  : EXTI9_5_IRQHandler
    226          * Description    : This function handles External lines 10-15 interrupt request.
    227          * Input          : None
    228          * Output         : None
    229          * Return         : None
    230          * Attention     : None
    231          ******************************************************************************
    232          */
    233          

   \                                 In section .text, align 2, keep-with-next
    234          void RF_ISRHandler(void)
    235          {
   \                     RF_ISRHandler: (+1)
   \   00000000   0xB580             PUSH     {R7,LR}
    236          
    237            CPU_SR          cpu_sr;
    238          
    239          
    240            CPU_CRITICAL_ENTER();                                       /* Tell uC/OS-II that we are starting an ISR            */
   \   00000002   0x.... 0x....      BL       CPU_SR_Save
    241            OSIntNesting++;
   \   00000006   0x....             LDR.N    R1,??DataTable5_4
   \   00000008   0x780A             LDRB     R2,[R1, #+0]
   \   0000000A   0x1C52             ADDS     R2,R2,#+1
   \   0000000C   0x700A             STRB     R2,[R1, #+0]
    242            CPU_CRITICAL_EXIT();
   \   0000000E   0x.... 0x....      BL       CPU_SR_Restore
    243            
    244            if(EXTI_GetITStatus(EXTI_Line6) != RESET)
   \   00000012   0x2040             MOVS     R0,#+64
   \   00000014   0x.... 0x....      BL       EXTI_GetITStatus
   \   00000018   0xB120             CBZ.N    R0,??RF_ISRHandler_0
    245            {
    246               FS20_ISRHandler();   
   \   0000001A   0x.... 0x....      BL       FS20_ISRHandler
    247               EXTI_ClearITPendingBit(EXTI_Line6);
   \   0000001E   0x2040             MOVS     R0,#+64
   \   00000020   0x.... 0x....      BL       EXTI_ClearITPendingBit
    248            }
    249            
    250            OSIntExit();                                                /* Tell uC/OS-II that we are leaving the ISR            */
   \                     ??RF_ISRHandler_0: (+1)
   \   00000024   0xE8BD 0x4001      POP      {R0,LR}
   \   00000028   0x.... 0x....      B.W      OSIntExit
    251          
    252          }

   \                                 In section .text, align 4, keep-with-next
   \                     ??DataTable5:
   \   00000000   0x........         DC32     RF868_Mbox

   \                                 In section .text, align 4, keep-with-next
   \                     ??DataTable5_1:
   \   00000000   0x........         DC32     FHTLedVal

   \                                 In section .text, align 4, keep-with-next
   \                     ??DataTable5_2:
   \   00000000   0x........         DC32     logMsg

   \                                 In section .text, align 4, keep-with-next
   \                     ??DataTable5_3:
   \   00000000   0x........         DC32     regVal

   \                                 In section .text, align 4, keep-with-next
   \                     ??DataTable5_4:
   \   00000000   0x........         DC32     OSIntNesting

   \                                 In section .text, align 4, keep-with-next
   \                     ?_0:
   \   00000000   0x44 0x69          DC8 "Direct rf868 to Led Out Mbox"
   \              0x72 0x65    
   \              0x63 0x74    
   \              0x20 0x72    
   \              0x66 0x38    
   \              0x36 0x38    
   \              0x20 0x74    
   \              0x6F 0x20    
   \              0x4C 0x65    
   \              0x64 0x20    
   \              0x4F 0x75    
   \              0x74 0x20    
   \              0x4D 0x62    
   \              0x6F 0x78    
   \              0x00         
   \   0000001D   0x00 0x00          DC8 0, 0, 0
   \              0x00         

   \                                 In section .text, align 4, keep-with-next
   \                     ?_1:
   \   00000000   0x44 0x69          DC8 "Direct rf868 to App Log Mbox"
   \              0x72 0x65    
   \              0x63 0x74    
   \              0x20 0x72    
   \              0x66 0x38    
   \              0x36 0x38    
   \              0x20 0x74    
   \              0x6F 0x20    
   \              0x41 0x70    
   \              0x70 0x20    
   \              0x4C 0x6F    
   \              0x67 0x20    
   \              0x4D 0x62    
   \              0x6F 0x78    
   \              0x00         
   \   0000001D   0x00 0x00          DC8 0, 0, 0
   \              0x00         

   \                                 In section .text, align 4, keep-with-next
   \                     ?_2:
   \   00000000   0x52 0x46          DC8 "RF868 Task"
   \              0x38 0x36    
   \              0x38 0x20    
   \              0x54 0x61    
   \              0x73 0x6B    
   \              0x00         
   \   0000000B   0x00               DC8 0
    253          
    254          #endif

   Maximum stack usage in bytes:

   .cstack Function
   ------- --------
      32   RF868_Init
        32   -> OSEventNameSet
        32   -> OSMboxCreate
        32   -> OSTaskCreateExt
        32   -> OSTaskNameSet
      16   RF868_Task
        16   -> BSP_IntEn
        16   -> Free_TmrInit
        16   -> InitStructs
        16   -> OSMboxPost
        16   -> OSTimeDlyHMSM
        16   -> RFM69CW_ExtiEnabled
        16   -> RFM69CW_InitializeOOK
        16   -> RFM69CW_RcCalibitrateation
        16   -> RFM69CW_ReadAllRegs
        16   -> ReceiverScan
        16   -> Us_TmrInit10
       8   RF_ISRHandler
         8   -> CPU_SR_Restore
         8   -> CPU_SR_Save
         8   -> EXTI_ClearITPendingBit
         8   -> EXTI_GetITStatus
         8   -> FS20_ISRHandler
         0   -> OSIntExit


   Section sizes:

   Bytes  Function/Label
   -----  --------------
       4  ??DataTable5
       4  ??DataTable5_1
       4  ??DataTable5_2
       4  ??DataTable5_3
       4  ??DataTable5_4
      32  ?_0
      32  ?_1
      12  ?_2
      96  RF868_Init
     264  RF868_Mbox
          RF868Log_Mbox
          RF868_TaskStk
     100  RF868_Task
       4  RFMailbox
      44  RF_ISRHandler
       1  anz
       2  memCount
       1  nr
       4  p

 
 276 bytes in section .bss
 336 bytes in section .text
 
 336 bytes of CODE memory
 276 bytes of DATA memory

Errors: none
Warnings: none
