###############################################################################
#
# IAR ANSI C/C++ Compiler V7.50.2.10312/W32 for ARM       09/Feb/2018  16:15:11
# Copyright 1999-2015 IAR Systems AB.
#
#    Cpu mode     =  thumb
#    Endian       =  little
#    Source file  =  
#        E:\HW Projects\ControlHome\CntrHome - RF69w\uc-terminal\src\terutil.c
#    Command line =  
#        "E:\HW Projects\ControlHome\CntrHome -
#        RF69w\uc-terminal\src\terutil.c" -lCN "E:\HW
#        Projects\ControlHome\CntrHome - RF69w\Debug\List" -o "E:\HW
#        Projects\ControlHome\CntrHome - RF69w\Debug\Obj" --debug
#        --endian=little --cpu=Cortex-M3 -e --fpu=None --dlib_config
#        "C:\Program Files (x86)\IAR Systems\Embedded Workbench
#        7.3\arm\INC\c\DLib_Config_Normal.h" -I "E:\HW
#        Projects\ControlHome\CntrHome - RF69w\" -I "E:\HW
#        Projects\ControlHome\CntrHome - RF69w\APP\" -I "E:\HW
#        Projects\ControlHome\CntrHome - RF69w\BSP\" -I "E:\HW
#        Projects\ControlHome\CntrHome - RF69w\CPU\inc\" -I "E:\HW
#        Projects\ControlHome\CntrHome - RF69w\uC-CPU\" -I "E:\HW
#        Projects\ControlHome\CntrHome - RF69w\uC-RTC\" -I "E:\HW
#        Projects\ControlHome\CntrHome - RF69w\uC-LIB\" -I "E:\HW
#        Projects\ControlHome\CntrHome - RF69w\uCOS-II\Ports\" -I "E:\HW
#        Projects\ControlHome\CntrHome - RF69w\uCOS-II\Source\" -I "E:\HW
#        Projects\ControlHome\CntrHome - RF69w\I2C-Out\" -I "E:\HW
#        Projects\ControlHome\CntrHome - RF69w\Direct_Sw\" -I "E:\HW
#        Projects\ControlHome\CntrHome - RF69w\Wdt_led\" -I "E:\HW
#        Projects\ControlHome\CntrHome - RF69w\uC-LCD\" -I "E:\HW
#        Projects\ControlHome\CntrHome - RF69w\uC-RF\" -I "E:\HW
#        Projects\ControlHome\CntrHome - RF69w\uC-FatFS\" -I "E:\HW
#        Projects\ControlHome\CntrHome - RF69w\uC-FatFS\api\" -I "E:\HW
#        Projects\ControlHome\CntrHome - RF69w\uC-FatFS\config\" -I "E:\HW
#        Projects\ControlHome\CntrHome - RF69w\uC-FatFS\os\" -I "E:\HW
#        Projects\ControlHome\CntrHome - RF69w\uC-FatFS\fsl\fat\" -I "E:\HW
#        Projects\ControlHome\CntrHome - RF69w\uC-FatFS\clib\" -I "E:\HW
#        Projects\ControlHome\CntrHome - RF69w\uC-FatFS\lbl\" -I "E:\HW
#        Projects\ControlHome\CntrHome - RF69w\uC-FatFS\device\mmc\" -I "E:\HW
#        Projects\ControlHome\CntrHome - RF69w\uC-FatFS\file\" -I "E:\HW
#        Projects\ControlHome\CntrHome - RF69w\uC-Terminal\src\" -I "E:\HW
#        Projects\ControlHome\CntrHome - RF69w\uC-Terminal\inc\" -Oh
#    List file    =  
#        E:\HW Projects\ControlHome\CntrHome - RF69w\Debug\List\terutil.lst
#    Object file  =  
#        E:\HW Projects\ControlHome\CntrHome - RF69w\Debug\Obj\terutil.o
#
###############################################################################

E:\HW Projects\ControlHome\CntrHome - RF69w\uc-terminal\src\terutil.c
      1          /*
      2          *********************************************************************************************************
      3          *                                           Terminal Utils Interface
      4          *
      5          *
      6          *
      7          * Filename   : terutil.c
      8          * Version    : V1.00
      9          * Programmer : Puleo
     10          *********************************************************************************************************
     11          */
     12          
     13          
     14          #define  UTIL_GLOBALS
     15          #include <includes.h>
     16          
     17          #if USBD_MODULE == DEF_ENABLED
     18          /*
     19          *********************************************************************************************************
     20          *                                               CONSTANTS
     21          *********************************************************************************************************
     22          */
     23          
     24          
     25          /*
     26          *********************************************************************************************************
     27          *                                           LOCAL VARIABLES
     28          *********************************************************************************************************
     29          */
     30          
     31          
     32          /*
     33          *********************************************************************************************************
     34          *                                      LOCAL FUNCTION PROTOTYPES
     35          *********************************************************************************************************
     36          */
     37          static  void    View_CmdFhtDefault(void);
     38          static  void    View_CmdTfDefault(void);
     39          static  void    View_CmdFhtTfDefault(void);
     40          
     41          static  void    View_CmdFhtHcRealtime(void);
     42          static  void    View_CmdFhtHcExRealtime(void);
     43          static  void    View_CmdTfRealtime(void);
     44          static  void    View_CmdLastValRealtime(void);
     45          static  void    View_CmdLogRealtime(void);
     46          static  void    View_CmdClrRealtime(void);
     47          static  void    View_CmdUnTF(void);
     48          
     49          /*
     50          *********************************************************************************************************
     51          *                                       uC/OS-View COMMAND HANDLER
     52          *                                            (Util Parse Packet)
     53          *********************************************************************************************************
     54          */
     55          

   \                                 In section .text, align 4, keep-with-next
     56          void    Util_CmdParsePkt (INT8U cmd0)
     57          {
   \                     Util_CmdParsePkt: (+1)
   \   00000000   0xB510             PUSH     {R4,LR}
     58          
     59          
     60              switch (cmd0) {
   \   00000002   0x2841             CMP      R0,#+65
   \   00000004   0xF000 0x817C      BEQ.W    ??Util_CmdParsePkt_0
   \   00000008   0x2844             CMP      R0,#+68
   \   0000000A   0xF000 0x81DD      BEQ.W    ??Util_CmdParsePkt_1
   \   0000000E   0x2845             CMP      R0,#+69
   \   00000010   0xF000 0x811E      BEQ.W    ??Util_CmdParsePkt_2
   \   00000014   0x2848             CMP      R0,#+72
   \   00000016   0xF000 0x80C5      BEQ.W    ??Util_CmdParsePkt_3
   \   0000001A   0x284C             CMP      R0,#+76
   \   0000001C   0xF000 0x81C2      BEQ.W    ??Util_CmdParsePkt_4
   \   00000020   0x2855             CMP      R0,#+85
   \   00000022   0xF000 0x81C8      BEQ.W    ??Util_CmdParsePkt_5
   \   00000026   0x2856             CMP      R0,#+86
   \   00000028   0xF000 0x81B4      BEQ.W    ??Util_CmdParsePkt_6
   \   0000002C   0x2861             CMP      R0,#+97
   \   0000002E   0xD05B             BEQ.N    ??Util_CmdParsePkt_7
   \   00000030   0x2863             CMP      R0,#+99
   \   00000032   0xF000 0x8091      BEQ.W    ??Util_CmdParsePkt_8
   \   00000036   0x2866             CMP      R0,#+102
   \   00000038   0xF040 0x81D8      BNE.W    ??Util_CmdParsePkt_9
     61                                   
     62                  /* Default FHT and TF Structs send */
     63                       
     64                  case 'f':
     65                       View_TxStoINT8U(cmd0);
   \   0000003C   0x.... 0x....      BL       View_TxStoINT8U
     66                       View_TxStoINT8U(0x7C);
   \   00000040   0x207C             MOVS     R0,#+124
   \   00000042   0x.... 0x....      BL       View_TxStoINT8U
     67                       View_CmdFhtDefault();
   \   00000046   0x4CEA             LDR.N    R4,??Util_CmdParsePkt_10
   \   00000048   0x7820             LDRB     R0,[R4, #+0]
   \   0000004A   0x.... 0x....      BL       View_TxStoINT8U
   \   0000004E   0x2020             MOVS     R0,#+32
   \   00000050   0x.... 0x....      BL       View_TxStoINT8U
   \   00000054   0x7860             LDRB     R0,[R4, #+1]
   \   00000056   0x.... 0x....      BL       View_TxStoINT8U
   \   0000005A   0x207C             MOVS     R0,#+124
   \   0000005C   0x.... 0x....      BL       View_TxStoINT8U
   \   00000060   0x78A0             LDRB     R0,[R4, #+2]
   \   00000062   0x.... 0x....      BL       View_TxStoINT8U
   \   00000066   0x2020             MOVS     R0,#+32
   \   00000068   0x.... 0x....      BL       View_TxStoINT8U
   \   0000006C   0x78E0             LDRB     R0,[R4, #+3]
   \   0000006E   0x.... 0x....      BL       View_TxStoINT8U
   \   00000072   0x207C             MOVS     R0,#+124
   \   00000074   0x.... 0x....      BL       View_TxStoINT8U
   \   00000078   0x7920             LDRB     R0,[R4, #+4]
   \   0000007A   0x.... 0x....      BL       View_TxStoINT8U
   \   0000007E   0x2020             MOVS     R0,#+32
   \   00000080   0x.... 0x....      BL       View_TxStoINT8U
   \   00000084   0x7960             LDRB     R0,[R4, #+5]
   \   00000086   0x.... 0x....      BL       View_TxStoINT8U
   \   0000008A   0x207C             MOVS     R0,#+124
   \   0000008C   0x.... 0x....      BL       View_TxStoINT8U
   \   00000090   0x79A0             LDRB     R0,[R4, #+6]
   \   00000092   0x.... 0x....      BL       View_TxStoINT8U
   \   00000096   0x2020             MOVS     R0,#+32
   \   00000098   0x.... 0x....      BL       View_TxStoINT8U
   \   0000009C   0x79E0             LDRB     R0,[R4, #+7]
   \   0000009E   0x.... 0x....      BL       View_TxStoINT8U
   \   000000A2   0x207C             MOVS     R0,#+124
   \   000000A4   0x.... 0x....      BL       View_TxStoINT8U
   \   000000A8   0x7A20             LDRB     R0,[R4, #+8]
   \   000000AA   0x.... 0x....      BL       View_TxStoINT8U
   \   000000AE   0x2020             MOVS     R0,#+32
   \   000000B0   0x.... 0x....      BL       View_TxStoINT8U
   \   000000B4   0x7A60             LDRB     R0,[R4, #+9]
   \   000000B6   0x.... 0x....      BL       View_TxStoINT8U
   \   000000BA   0x207C             MOVS     R0,#+124
   \   000000BC   0x.... 0x....      BL       View_TxStoINT8U
   \   000000C0   0x7AA0             LDRB     R0,[R4, #+10]
   \   000000C2   0x.... 0x....      BL       View_TxStoINT8U
   \   000000C6   0x2020             MOVS     R0,#+32
   \   000000C8   0x.... 0x....      BL       View_TxStoINT8U
   \   000000CC   0x7AE0             LDRB     R0,[R4, #+11]
   \   000000CE   0x.... 0x....      BL       View_TxStoINT8U
   \   000000D2   0x207C             MOVS     R0,#+124
   \   000000D4   0x.... 0x....      BL       View_TxStoINT8U
   \   000000D8   0x7B20             LDRB     R0,[R4, #+12]
   \   000000DA   0x.... 0x....      BL       View_TxStoINT8U
   \   000000DE   0x2020             MOVS     R0,#+32
   \   000000E0   0x.... 0x....      BL       View_TxStoINT8U
   \   000000E4   0x7B60             LDRB     R0,[R4, #+13]
   \   000000E6   0xE17A             B.N      ??Util_CmdParsePkt_11
     68                       break;
     69          
     70                  case 'a':
     71                       View_TxStoINT8U(cmd0);
   \                     ??Util_CmdParsePkt_7: (+1)
   \   000000E8   0x.... 0x....      BL       View_TxStoINT8U
     72                       View_TxStoINT8U(0x7C);
   \   000000EC   0x207C             MOVS     R0,#+124
   \   000000EE   0x.... 0x....      BL       View_TxStoINT8U
     73                       View_CmdTfDefault();
   \   000000F2   0x4CC0             LDR.N    R4,??Util_CmdParsePkt_10+0x4
   \   000000F4   0x7820             LDRB     R0,[R4, #+0]
   \   000000F6   0x.... 0x....      BL       View_TxStoINT8U
   \   000000FA   0x2020             MOVS     R0,#+32
   \   000000FC   0x.... 0x....      BL       View_TxStoINT8U
   \   00000100   0x7860             LDRB     R0,[R4, #+1]
   \   00000102   0x.... 0x....      BL       View_TxStoINT8U
   \   00000106   0x2020             MOVS     R0,#+32
   \   00000108   0x.... 0x....      BL       View_TxStoINT8U
   \   0000010C   0x78A0             LDRB     R0,[R4, #+2]
   \   0000010E   0x.... 0x....      BL       View_TxStoINT8U
   \   00000112   0x207C             MOVS     R0,#+124
   \   00000114   0x.... 0x....      BL       View_TxStoINT8U
   \   00000118   0x78E0             LDRB     R0,[R4, #+3]
   \   0000011A   0x.... 0x....      BL       View_TxStoINT8U
   \   0000011E   0x2020             MOVS     R0,#+32
   \   00000120   0x.... 0x....      BL       View_TxStoINT8U
   \   00000124   0x7920             LDRB     R0,[R4, #+4]
   \   00000126   0x.... 0x....      BL       View_TxStoINT8U
   \   0000012A   0x2020             MOVS     R0,#+32
   \   0000012C   0x.... 0x....      BL       View_TxStoINT8U
   \   00000130   0x7960             LDRB     R0,[R4, #+5]
   \   00000132   0x.... 0x....      BL       View_TxStoINT8U
   \   00000136   0x207C             MOVS     R0,#+124
   \   00000138   0x.... 0x....      BL       View_TxStoINT8U
   \   0000013C   0x79A0             LDRB     R0,[R4, #+6]
   \   0000013E   0x.... 0x....      BL       View_TxStoINT8U
   \   00000142   0x2020             MOVS     R0,#+32
   \   00000144   0x.... 0x....      BL       View_TxStoINT8U
   \   00000148   0x79E0             LDRB     R0,[R4, #+7]
   \   0000014A   0x.... 0x....      BL       View_TxStoINT8U
   \   0000014E   0x2020             MOVS     R0,#+32
   \   00000150   0x.... 0x....      BL       View_TxStoINT8U
   \   00000154   0x7A20             LDRB     R0,[R4, #+8]
   \   00000156   0xE142             B.N      ??Util_CmdParsePkt_11
     74                       break;
     75                     
     76                  case 'c':
     77                       View_TxStoINT8U(cmd0);
   \                     ??Util_CmdParsePkt_8: (+1)
   \   00000158   0x.... 0x....      BL       View_TxStoINT8U
     78                       View_TxStoINT8U(0x7C);
   \   0000015C   0x207C             MOVS     R0,#+124
   \   0000015E   0x.... 0x....      BL       View_TxStoINT8U
     79                       View_CmdFhtTfDefault();
   \   00000162   0x4CA5             LDR.N    R4,??Util_CmdParsePkt_10+0x8
   \   00000164   0x7820             LDRB     R0,[R4, #+0]
   \   00000166   0x.... 0x....      BL       View_TxStoINT8U
   \   0000016A   0x2020             MOVS     R0,#+32
   \   0000016C   0x.... 0x....      BL       View_TxStoINT8U
   \   00000170   0x7860             LDRB     R0,[R4, #+1]
   \   00000172   0x.... 0x....      BL       View_TxStoINT8U
   \   00000176   0x207C             MOVS     R0,#+124
   \   00000178   0x.... 0x....      BL       View_TxStoINT8U
   \   0000017C   0x78A0             LDRB     R0,[R4, #+2]
   \   0000017E   0x.... 0x....      BL       View_TxStoINT8U
   \   00000182   0x2020             MOVS     R0,#+32
   \   00000184   0x.... 0x....      BL       View_TxStoINT8U
   \   00000188   0x78E0             LDRB     R0,[R4, #+3]
   \   0000018A   0x.... 0x....      BL       View_TxStoINT8U
   \   0000018E   0x207C             MOVS     R0,#+124
   \   00000190   0x.... 0x....      BL       View_TxStoINT8U
   \   00000194   0x7920             LDRB     R0,[R4, #+4]
   \   00000196   0x.... 0x....      BL       View_TxStoINT8U
   \   0000019A   0x2020             MOVS     R0,#+32
   \   0000019C   0x.... 0x....      BL       View_TxStoINT8U
   \   000001A0   0x7960             LDRB     R0,[R4, #+5]
   \   000001A2   0xE11C             B.N      ??Util_CmdParsePkt_11
     80                       break;  
     81                       
     82                  /* Realtime FHT and TF Structs send */
     83                       
     84                  case 'H':
     85                       View_TxStoINT8U(cmd0);
   \                     ??Util_CmdParsePkt_3: (+1)
   \   000001A4   0x.... 0x....      BL       View_TxStoINT8U
     86                       View_TxStoINT8U(0x7C);
   \   000001A8   0x207C             MOVS     R0,#+124
   \   000001AA   0x.... 0x....      BL       View_TxStoINT8U
     87                       View_CmdFhtHcRealtime();
   \   000001AE   0x4C93             LDR.N    R4,??Util_CmdParsePkt_10+0xC
   \   000001B0   0x7820             LDRB     R0,[R4, #+0]
   \   000001B2   0x.... 0x....      BL       View_TxStoINT8U
   \   000001B6   0x2020             MOVS     R0,#+32
   \   000001B8   0x.... 0x....      BL       View_TxStoINT8U
   \   000001BC   0x7860             LDRB     R0,[R4, #+1]
   \   000001BE   0x.... 0x....      BL       View_TxStoINT8U
   \   000001C2   0x207C             MOVS     R0,#+124
   \   000001C4   0x.... 0x....      BL       View_TxStoINT8U
   \   000001C8   0x7960             LDRB     R0,[R4, #+5]
   \   000001CA   0x.... 0x....      BL       View_TxStoINT8U
   \   000001CE   0x2020             MOVS     R0,#+32
   \   000001D0   0x.... 0x....      BL       View_TxStoINT8U
   \   000001D4   0x79A0             LDRB     R0,[R4, #+6]
   \   000001D6   0x.... 0x....      BL       View_TxStoINT8U
   \   000001DA   0x207C             MOVS     R0,#+124
   \   000001DC   0x.... 0x....      BL       View_TxStoINT8U
   \   000001E0   0x7AA0             LDRB     R0,[R4, #+10]
   \   000001E2   0x.... 0x....      BL       View_TxStoINT8U
   \   000001E6   0x2020             MOVS     R0,#+32
   \   000001E8   0x.... 0x....      BL       View_TxStoINT8U
   \   000001EC   0x7AE0             LDRB     R0,[R4, #+11]
   \   000001EE   0x.... 0x....      BL       View_TxStoINT8U
   \   000001F2   0x207C             MOVS     R0,#+124
   \   000001F4   0x.... 0x....      BL       View_TxStoINT8U
   \   000001F8   0x7BE0             LDRB     R0,[R4, #+15]
   \   000001FA   0x.... 0x....      BL       View_TxStoINT8U
   \   000001FE   0x2020             MOVS     R0,#+32
   \   00000200   0x.... 0x....      BL       View_TxStoINT8U
   \   00000204   0x7C20             LDRB     R0,[R4, #+16]
   \   00000206   0x.... 0x....      BL       View_TxStoINT8U
   \   0000020A   0x207C             MOVS     R0,#+124
   \   0000020C   0x.... 0x....      BL       View_TxStoINT8U
   \   00000210   0x7D20             LDRB     R0,[R4, #+20]
   \   00000212   0x.... 0x....      BL       View_TxStoINT8U
   \   00000216   0x2020             MOVS     R0,#+32
   \   00000218   0x.... 0x....      BL       View_TxStoINT8U
   \   0000021C   0x7D60             LDRB     R0,[R4, #+21]
   \   0000021E   0x.... 0x....      BL       View_TxStoINT8U
   \   00000222   0x207C             MOVS     R0,#+124
   \   00000224   0x.... 0x....      BL       View_TxStoINT8U
   \   00000228   0x7E60             LDRB     R0,[R4, #+25]
   \   0000022A   0x.... 0x....      BL       View_TxStoINT8U
   \   0000022E   0x2020             MOVS     R0,#+32
   \   00000230   0x.... 0x....      BL       View_TxStoINT8U
   \   00000234   0x7EA0             LDRB     R0,[R4, #+26]
   \   00000236   0x.... 0x....      BL       View_TxStoINT8U
   \   0000023A   0x207C             MOVS     R0,#+124
   \   0000023C   0x.... 0x....      BL       View_TxStoINT8U
   \   00000240   0x7FA0             LDRB     R0,[R4, #+30]
   \   00000242   0x.... 0x....      BL       View_TxStoINT8U
   \   00000246   0x2020             MOVS     R0,#+32
   \   00000248   0x.... 0x....      BL       View_TxStoINT8U
   \   0000024C   0x7FE0             LDRB     R0,[R4, #+31]
   \   0000024E   0xE0C6             B.N      ??Util_CmdParsePkt_11
     88                       break;
     89                       
     90                  case 'E':
     91                       View_TxStoINT8U(cmd0);
   \                     ??Util_CmdParsePkt_2: (+1)
   \   00000250   0x.... 0x....      BL       View_TxStoINT8U
     92                       View_TxStoINT8U(0x7C);
   \   00000254   0x207C             MOVS     R0,#+124
   \   00000256   0x.... 0x....      BL       View_TxStoINT8U
     93                       View_CmdFhtHcExRealtime();
   \   0000025A   0x4C68             LDR.N    R4,??Util_CmdParsePkt_10+0xC
   \   0000025C   0x78A0             LDRB     R0,[R4, #+2]
   \   0000025E   0x.... 0x....      BL       View_TxStoINT8U
   \   00000262   0x2020             MOVS     R0,#+32
   \   00000264   0x.... 0x....      BL       View_TxStoINT8U
   \   00000268   0x78E0             LDRB     R0,[R4, #+3]
   \   0000026A   0x.... 0x....      BL       View_TxStoINT8U
   \   0000026E   0x207C             MOVS     R0,#+124
   \   00000270   0x.... 0x....      BL       View_TxStoINT8U
   \   00000274   0x79E0             LDRB     R0,[R4, #+7]
   \   00000276   0x.... 0x....      BL       View_TxStoINT8U
   \   0000027A   0x2020             MOVS     R0,#+32
   \   0000027C   0x.... 0x....      BL       View_TxStoINT8U
   \   00000280   0x7A20             LDRB     R0,[R4, #+8]
   \   00000282   0x.... 0x....      BL       View_TxStoINT8U
   \   00000286   0x207C             MOVS     R0,#+124
   \   00000288   0x.... 0x....      BL       View_TxStoINT8U
   \   0000028C   0x7B20             LDRB     R0,[R4, #+12]
   \   0000028E   0x.... 0x....      BL       View_TxStoINT8U
   \   00000292   0x2020             MOVS     R0,#+32
   \   00000294   0x.... 0x....      BL       View_TxStoINT8U
   \   00000298   0x7B60             LDRB     R0,[R4, #+13]
   \   0000029A   0x.... 0x....      BL       View_TxStoINT8U
   \   0000029E   0x207C             MOVS     R0,#+124
   \   000002A0   0x.... 0x....      BL       View_TxStoINT8U
   \   000002A4   0x7C60             LDRB     R0,[R4, #+17]
   \   000002A6   0x.... 0x....      BL       View_TxStoINT8U
   \   000002AA   0x2020             MOVS     R0,#+32
   \   000002AC   0x.... 0x....      BL       View_TxStoINT8U
   \   000002B0   0x7CA0             LDRB     R0,[R4, #+18]
   \   000002B2   0x.... 0x....      BL       View_TxStoINT8U
   \   000002B6   0x207C             MOVS     R0,#+124
   \   000002B8   0x.... 0x....      BL       View_TxStoINT8U
   \   000002BC   0x7DA0             LDRB     R0,[R4, #+22]
   \   000002BE   0x.... 0x....      BL       View_TxStoINT8U
   \   000002C2   0x2020             MOVS     R0,#+32
   \   000002C4   0x.... 0x....      BL       View_TxStoINT8U
   \   000002C8   0x7DE0             LDRB     R0,[R4, #+23]
   \   000002CA   0x.... 0x....      BL       View_TxStoINT8U
   \   000002CE   0x207C             MOVS     R0,#+124
   \   000002D0   0x.... 0x....      BL       View_TxStoINT8U
   \   000002D4   0x7EE0             LDRB     R0,[R4, #+27]
   \   000002D6   0x.... 0x....      BL       View_TxStoINT8U
   \   000002DA   0x2020             MOVS     R0,#+32
   \   000002DC   0x.... 0x....      BL       View_TxStoINT8U
   \   000002E0   0x7F20             LDRB     R0,[R4, #+28]
   \   000002E2   0x.... 0x....      BL       View_TxStoINT8U
   \   000002E6   0x207C             MOVS     R0,#+124
   \   000002E8   0x.... 0x....      BL       View_TxStoINT8U
   \   000002EC   0xF894 0x0020      LDRB     R0,[R4, #+32]
   \   000002F0   0x.... 0x....      BL       View_TxStoINT8U
   \   000002F4   0x2020             MOVS     R0,#+32
   \   000002F6   0x.... 0x....      BL       View_TxStoINT8U
   \   000002FA   0xF894 0x0021      LDRB     R0,[R4, #+33]
   \   000002FE   0xE06E             B.N      ??Util_CmdParsePkt_11
     94                       break;
     95          
     96                  case 'A':
     97                       View_TxStoINT8U(cmd0);
   \                     ??Util_CmdParsePkt_0: (+1)
   \   00000300   0x.... 0x....      BL       View_TxStoINT8U
     98                       View_TxStoINT8U(0x7C);
   \   00000304   0x207C             MOVS     R0,#+124
   \   00000306   0x.... 0x....      BL       View_TxStoINT8U
     99                       View_CmdTfRealtime();
   \   0000030A   0x4C3D             LDR.N    R4,??Util_CmdParsePkt_10+0x10
   \   0000030C   0x7820             LDRB     R0,[R4, #+0]
   \   0000030E   0x.... 0x....      BL       View_TxStoINT8U
   \   00000312   0x2020             MOVS     R0,#+32
   \   00000314   0x.... 0x....      BL       View_TxStoINT8U
   \   00000318   0x7860             LDRB     R0,[R4, #+1]
   \   0000031A   0x.... 0x....      BL       View_TxStoINT8U
   \   0000031E   0x2020             MOVS     R0,#+32
   \   00000320   0x.... 0x....      BL       View_TxStoINT8U
   \   00000324   0x78A0             LDRB     R0,[R4, #+2]
   \   00000326   0x.... 0x....      BL       View_TxStoINT8U
   \   0000032A   0x2020             MOVS     R0,#+32
   \   0000032C   0x.... 0x....      BL       View_TxStoINT8U
   \   00000330   0x78E0             LDRB     R0,[R4, #+3]
   \   00000332   0x.... 0x....      BL       View_TxStoINT8U
   \   00000336   0x207C             MOVS     R0,#+124
   \   00000338   0x.... 0x....      BL       View_TxStoINT8U
   \   0000033C   0x7960             LDRB     R0,[R4, #+5]
   \   0000033E   0x.... 0x....      BL       View_TxStoINT8U
   \   00000342   0x2020             MOVS     R0,#+32
   \   00000344   0x.... 0x....      BL       View_TxStoINT8U
   \   00000348   0x79A0             LDRB     R0,[R4, #+6]
   \   0000034A   0x.... 0x....      BL       View_TxStoINT8U
   \   0000034E   0x2020             MOVS     R0,#+32
   \   00000350   0x.... 0x....      BL       View_TxStoINT8U
   \   00000354   0x79E0             LDRB     R0,[R4, #+7]
   \   00000356   0x.... 0x....      BL       View_TxStoINT8U
   \   0000035A   0x2020             MOVS     R0,#+32
   \   0000035C   0x.... 0x....      BL       View_TxStoINT8U
   \   00000360   0x7A20             LDRB     R0,[R4, #+8]
   \   00000362   0x.... 0x....      BL       View_TxStoINT8U
   \   00000366   0x207C             MOVS     R0,#+124
   \   00000368   0x.... 0x....      BL       View_TxStoINT8U
   \   0000036C   0x7AA0             LDRB     R0,[R4, #+10]
   \   0000036E   0x.... 0x....      BL       View_TxStoINT8U
   \   00000372   0x2020             MOVS     R0,#+32
   \   00000374   0x.... 0x....      BL       View_TxStoINT8U
   \   00000378   0x7AE0             LDRB     R0,[R4, #+11]
   \   0000037A   0x.... 0x....      BL       View_TxStoINT8U
   \   0000037E   0x2020             MOVS     R0,#+32
   \   00000380   0x.... 0x....      BL       View_TxStoINT8U
   \   00000384   0x7B20             LDRB     R0,[R4, #+12]
   \   00000386   0x.... 0x....      BL       View_TxStoINT8U
   \   0000038A   0x2020             MOVS     R0,#+32
   \   0000038C   0x.... 0x....      BL       View_TxStoINT8U
   \   00000390   0x7B60             LDRB     R0,[R4, #+13]
   \   00000392   0xE024             B.N      ??Util_CmdParsePkt_11
    100                       break;
    101                       
    102                  case 'V':
    103                       View_TxStoINT8U(cmd0);
   \                     ??Util_CmdParsePkt_6: (+1)
   \   00000394   0x.... 0x....      BL       View_TxStoINT8U
    104                       View_TxStoINT8U(0x7C);
   \   00000398   0x207C             MOVS     R0,#+124
   \   0000039A   0x.... 0x....      BL       View_TxStoINT8U
    105                       View_CmdLastValRealtime();
   \   0000039E   0x4819             LDR.N    R0,??Util_CmdParsePkt_10+0x14
   \   000003A0   0x7800             LDRB     R0,[R0, #+0]
   \   000003A2   0xE01C             B.N      ??Util_CmdParsePkt_11
    106                       break;
    107                      
    108                  case 'L':
    109                       View_TxStoINT8U(cmd0);
   \                     ??Util_CmdParsePkt_4: (+1)
   \   000003A4   0x.... 0x....      BL       View_TxStoINT8U
    110                       View_TxStoINT8U(0x7C);
   \   000003A8   0x207C             MOVS     R0,#+124
   \   000003AA   0x.... 0x....      BL       View_TxStoINT8U
    111                       View_CmdLogRealtime();
   \   000003AE   0x4816             LDR.N    R0,??Util_CmdParsePkt_10+0x18
   \   000003B0   0x.... 0x....      BL       View_TxStoStr
   \   000003B4   0xE015             B.N      ??Util_CmdParsePkt_12
    112                       break;
    113                 
    114                  case 'U':
    115                       View_TxStoINT8U(cmd0);
   \                     ??Util_CmdParsePkt_5: (+1)
   \   000003B6   0x.... 0x....      BL       View_TxStoINT8U
    116                       View_TxStoINT8U(0x7C);
   \   000003BA   0x207C             MOVS     R0,#+124
   \   000003BC   0x.... 0x....      BL       View_TxStoINT8U
    117                       View_CmdUnTF();
   \   000003C0   0x4812             LDR.N    R0,??Util_CmdParsePkt_10+0x1C
   \   000003C2   0x.... 0x....      BL       View_TxStoStr
   \   000003C6   0xE00C             B.N      ??Util_CmdParsePkt_12
    118                       break;
    119                      
    120                  case 'D':
    121                       View_TxStoINT8U(cmd0);
   \                     ??Util_CmdParsePkt_1: (+1)
   \   000003C8   0x.... 0x....      BL       View_TxStoINT8U
    122                       View_TxStoINT8U(0x7C);
   \   000003CC   0x207C             MOVS     R0,#+124
   \   000003CE   0x.... 0x....      BL       View_TxStoINT8U
    123                       View_CmdClrRealtime();
   \   000003D2   0x.... 0x....      BL       InitStructs
   \   000003D6   0x490B             LDR.N    R1,??Util_CmdParsePkt_10+0x14
   \   000003D8   0x2000             MOVS     R0,#+0
   \   000003DA   0x7008             STRB     R0,[R1, #+0]
   \   000003DC   0x2001             MOVS     R0,#+1
   \                     ??Util_CmdParsePkt_11: (+1)
   \   000003DE   0x.... 0x....      BL       View_TxStoINT8U
   \                     ??Util_CmdParsePkt_12: (+1)
   \   000003E2   0xE8BD 0x4010      POP      {R4,LR}
   \   000003E6   0x207C             MOVS     R0,#+124
   \   000003E8   0x.... 0x....      B.W      View_TxStoINT8U
    124                       break;
    125                       
    126                  default:
    127                       break;
    128              }
    129          }
   \                     ??Util_CmdParsePkt_9: (+1)
   \   000003EC   0xBD10             POP      {R4,PC}          ;; return
   \   000003EE   0xBF00             Nop      
   \                     ??Util_CmdParsePkt_10:
   \   000003F0   0x........         DC32     FHTDevAccess
   \   000003F4   0x........         DC32     TFDevAccess
   \   000003F8   0x........         DC32     FHTTFPaar
   \   000003FC   0x........         DC32     FHTDev
   \   00000400   0x........         DC32     TFDev
   \   00000404   0x........         DC32     FHTLedVal
   \   00000408   0x........         DC32     logMsg
   \   0000040C   0x........         DC32     logMsgTF
    130          
    131          /*
    132          *********************************************************************************************************
    133          *                                       uC/OS-View COMMAND HANDLER
    134          *                                           (Write Functions)
    135          *********************************************************************************************************
    136          */
    137          
    138          static  void  View_CmdFhtDefault(void)
    139          {
    140              INT8U i;
    141              
    142              for (i=0; i < maxDevices; i++){
    143                  View_TxStoINT8U(FHTDevAccess[i].hc1);
    144                  View_TxStoINT8U(0x20);
    145                  View_TxStoINT8U(FHTDevAccess[i].hc2);
    146                  View_TxStoINT8U(0x7C);
    147              }
    148          }
    149          
    150          /********************************************************************************************************/
    151          
    152          static  void  View_CmdTfDefault(void)
    153          {
    154              INT8U i;
    155              
    156              for (i=0; i < TFmaxDev; i++){
    157                  View_TxStoINT8U(TFDevAccess[i].hc1);
    158                  View_TxStoINT8U(0x20);
    159                  View_TxStoINT8U(TFDevAccess[i].hc2);
    160                   View_TxStoINT8U(0x20);
    161                  View_TxStoINT8U(TFDevAccess[i].hc3);
    162                  View_TxStoINT8U(0x7C);
    163              }
    164          }
    165          /********************************************************************************************************/
    166          
    167          static  void  View_CmdFhtTfDefault(void)
    168          {
    169              INT8U i;
    170              
    171              for (i=0; i < TFmaxDev; i++){
    172                  View_TxStoINT8U(FHTTFPaar[i].hc1);
    173                  View_TxStoINT8U(0x20);
    174                  View_TxStoINT8U(FHTTFPaar[i].idx);
    175                  View_TxStoINT8U(0x7C);
    176              }
    177          }
    178          /********************************************************************************************************/
    179          static  void  View_CmdFhtHcRealtime(void)
    180          {
    181              INT8U i;
    182              
    183              for (i=0; i < maxDevices; i++){
    184                  View_TxStoINT8U(FHTDev[i].hc1);
    185                  View_TxStoINT8U(0x20);
    186                  View_TxStoINT8U(FHTDev[i].hc2);
    187                  View_TxStoINT8U(0x7C);
    188              }
    189          }
    190          
    191          /********************************************************************************************************/
    192          static  void  View_CmdFhtHcExRealtime(void)
    193          {
    194              INT8U i;
    195              
    196              for (i=0; i < maxDevices; i++){
    197                  
    198                  View_TxStoINT8U(FHTDev[i].command);
    199                  View_TxStoINT8U(0x20);
    200                  View_TxStoINT8U(FHTDev[i].extension);
    201                  View_TxStoINT8U(0x7C);
    202              }
    203          }
    204          /********************************************************************************************************/
    205          
    206          static  void  View_CmdTfRealtime(void)
    207          {
    208              INT8U i;
    209              
    210              for (i=0; i < TFmaxDev; i++){
    211                  View_TxStoINT8U(TFDev[i].hc1);
    212                  View_TxStoINT8U(0x20);
    213                  View_TxStoINT8U(TFDev[i].hc2);
    214                  View_TxStoINT8U(0x20);
    215                  View_TxStoINT8U(TFDev[i].hc3);
    216                  View_TxStoINT8U(0x20);
    217                  View_TxStoINT8U(TFDev[i].command);
    218                  View_TxStoINT8U(0x7C);
    219              }
    220          }
    221          
    222          /********************************************************************************************************/
    223          
    224          static  void  View_CmdLastValRealtime(void)
    225          {
    226                  View_TxStoINT8U(FHTLedVal);
    227                  View_TxStoINT8U(0x7C);
    228          }
    229          
    230          /********************************************************************************************************/
    231          
    232          static  void  View_CmdLogRealtime(void)
    233          {
    234                  View_TxStoStr(logMsg);
    235                  View_TxStoINT8U(0x7C);
    236          }
    237          
    238          /********************************************************************************************************/
    239          
    240          static  void  View_CmdUnTF(void)
    241          {
    242                  View_TxStoStr(logMsgTF);
    243                  View_TxStoINT8U(0x7C);
    244          }
    245          
    246          /********************************************************************************************************/
    247          
    248          static  void  View_CmdClrRealtime(void)
    249          {
    250                  InitStructs();
    251                  FHTLedVal = 0;
    252                  View_TxStoINT8U(0x01);
    253                  View_TxStoINT8U(0x7C);
    254          }
    255          #endif

   Maximum stack usage in bytes:

   .cstack Function
   ------- --------
       8   Util_CmdParsePkt
         8   -> InitStructs
         0   -> View_TxStoINT8U
         8   -> View_TxStoINT8U
         8   -> View_TxStoStr


   Section sizes:

   Bytes  Function/Label
   -----  --------------
    1040  Util_CmdParsePkt

 
 1 040 bytes in section .text
 
 1 040 bytes of CODE memory

Errors: none
Warnings: none
